2023-08-28 10:47:26.532 +02:00 [Information] User profile is available. Using '"/Users/baifanz/.aspnet/DataProtection-Keys"' as key repository; keys will not be encrypted at rest.
2023-08-28 10:47:26.810 +02:00 [Information] Now listening on: "https://localhost:7205"
2023-08-28 10:47:26.858 +02:00 [Information] Now listening on: "http://localhost:5112"
2023-08-28 10:47:26.861 +02:00 [Information] Application started. Press Ctrl+C to shut down.
2023-08-28 10:47:26.861 +02:00 [Information] Hosting environment: "Development"
2023-08-28 10:47:26.862 +02:00 [Information] Content root path: "/Users/baifanz/Projects/ITPE32-23H/8-Security/MyShop-13-Security/MyShop"
2023-08-28 10:47:27.940 +02:00 [Information] Request starting HTTP/1.1 GET https://localhost:7205/ - -
2023-08-28 10:47:27.973 +02:00 [Warning] Error unprotecting the session cookie.
System.Security.Cryptography.CryptographicException: The payload was invalid. For more information go to http://aka.ms/dataprotectionwarning
   at Microsoft.AspNetCore.DataProtection.Managed.ManagedAuthenticatedEncryptor.Decrypt(ArraySegment`1 protectedPayload, ArraySegment`1 additionalAuthenticatedData)
   at Microsoft.AspNetCore.DataProtection.KeyManagement.KeyRingBasedDataProtector.UnprotectCore(Byte[] protectedData, Boolean allowOperationsOnRevokedKeys, UnprotectStatus& status)
   at Microsoft.AspNetCore.DataProtection.KeyManagement.KeyRingBasedDataProtector.Unprotect(Byte[] protectedData)
   at Microsoft.AspNetCore.Session.CookieProtection.Unprotect(IDataProtector protector, String protectedText, ILogger logger)
2023-08-28 10:47:27.983 +02:00 [Information] "Identity.Application" was not authenticated. Failure message: "Unprotect ticket failed"
2023-08-28 10:47:27.984 +02:00 [Information] "Identity.Application" was not authenticated. Failure message: "Unprotect ticket failed"
2023-08-28 10:47:27.985 +02:00 [Information] Executing endpoint '"MyShop.Controllers.HomeController.Index (MyShop)"'
2023-08-28 10:47:27.990 +02:00 [Information] Route matched with "{action = \"Index\", controller = \"Home\", page = \"\", area = \"\"}". Executing controller action with signature "Microsoft.AspNetCore.Mvc.IActionResult Index()" on controller "MyShop.Controllers.HomeController" ("MyShop").
2023-08-28 10:47:27.994 +02:00 [Information] Executing ViewResult, running view "Index".
2023-08-28 10:47:28.037 +02:00 [Information] Executed ViewResult - view "Index" executed in 44.2303ms.
2023-08-28 10:47:28.038 +02:00 [Information] Executed action "MyShop.Controllers.HomeController.Index (MyShop)" in 48.1277ms
2023-08-28 10:47:28.038 +02:00 [Information] Executed endpoint '"MyShop.Controllers.HomeController.Index (MyShop)"'
2023-08-28 10:47:28.045 +02:00 [Information] Request finished HTTP/1.1 GET https://localhost:7205/ - - - 200 - text/html;+charset=utf-8 105.0302ms
2023-08-28 10:47:29.604 +02:00 [Information] Request starting HTTP/1.1 GET https://localhost:7205/Item/Table - -
2023-08-28 10:47:29.608 +02:00 [Warning] Error unprotecting the session cookie.
System.Security.Cryptography.CryptographicException: The payload was invalid. For more information go to http://aka.ms/dataprotectionwarning
   at Microsoft.AspNetCore.DataProtection.Managed.ManagedAuthenticatedEncryptor.Decrypt(ArraySegment`1 protectedPayload, ArraySegment`1 additionalAuthenticatedData)
   at Microsoft.AspNetCore.DataProtection.KeyManagement.KeyRingBasedDataProtector.UnprotectCore(Byte[] protectedData, Boolean allowOperationsOnRevokedKeys, UnprotectStatus& status)
   at Microsoft.AspNetCore.DataProtection.KeyManagement.KeyRingBasedDataProtector.Unprotect(Byte[] protectedData)
   at Microsoft.AspNetCore.Session.CookieProtection.Unprotect(IDataProtector protector, String protectedText, ILogger logger)
2023-08-28 10:47:29.612 +02:00 [Information] "Identity.Application" was not authenticated. Failure message: "Unprotect ticket failed"
2023-08-28 10:47:29.613 +02:00 [Information] "Identity.Application" was not authenticated. Failure message: "Unprotect ticket failed"
2023-08-28 10:47:29.613 +02:00 [Information] Executing endpoint '"MyShop.Controllers.ItemController.Table (MyShop)"'
2023-08-28 10:47:29.619 +02:00 [Information] Route matched with "{action = \"Table\", controller = \"Item\", page = \"\", area = \"\"}". Executing controller action with signature "System.Threading.Tasks.Task`1[Microsoft.AspNetCore.Mvc.IActionResult] Table()" on controller "MyShop.Controllers.ItemController" ("MyShop").
2023-08-28 10:47:29.664 +02:00 [Information] Executing ViewResult, running view "Table".
2023-08-28 10:47:29.673 +02:00 [Information] Executed ViewResult - view "Table" executed in 10.255ms.
2023-08-28 10:47:29.673 +02:00 [Information] Executed action "MyShop.Controllers.ItemController.Table (MyShop)" in 54.5952ms
2023-08-28 10:47:29.673 +02:00 [Information] Executed endpoint '"MyShop.Controllers.ItemController.Table (MyShop)"'
2023-08-28 10:47:29.675 +02:00 [Information] Request finished HTTP/1.1 GET https://localhost:7205/Item/Table - - - 200 - text/html;+charset=utf-8 71.1502ms
2023-08-28 10:47:31.095 +02:00 [Information] Request starting HTTP/1.1 GET https://localhost:7205/Identity/Account/Login - -
2023-08-28 10:47:31.101 +02:00 [Warning] Error unprotecting the session cookie.
System.Security.Cryptography.CryptographicException: The payload was invalid. For more information go to http://aka.ms/dataprotectionwarning
   at Microsoft.AspNetCore.DataProtection.Managed.ManagedAuthenticatedEncryptor.Decrypt(ArraySegment`1 protectedPayload, ArraySegment`1 additionalAuthenticatedData)
   at Microsoft.AspNetCore.DataProtection.KeyManagement.KeyRingBasedDataProtector.UnprotectCore(Byte[] protectedData, Boolean allowOperationsOnRevokedKeys, UnprotectStatus& status)
   at Microsoft.AspNetCore.DataProtection.KeyManagement.KeyRingBasedDataProtector.Unprotect(Byte[] protectedData)
   at Microsoft.AspNetCore.Session.CookieProtection.Unprotect(IDataProtector protector, String protectedText, ILogger logger)
2023-08-28 10:47:31.102 +02:00 [Information] "Identity.Application" was not authenticated. Failure message: "Unprotect ticket failed"
2023-08-28 10:47:31.103 +02:00 [Information] "Identity.Application" was not authenticated. Failure message: "Unprotect ticket failed"
2023-08-28 10:47:31.103 +02:00 [Information] Executing endpoint '"/Account/Login"'
2023-08-28 10:47:31.123 +02:00 [Information] Route matched with "{page = \"/Account/Login\", area = \"Identity\", action = \"\", controller = \"\"}". Executing page "/Account/Login"
2023-08-28 10:47:31.143 +02:00 [Information] Executing handler method "MyShop.Areas.Identity.Pages.Account.LoginModel.OnGetAsync" - ModelState is Valid
2023-08-28 10:47:31.147 +02:00 [Information] AuthenticationScheme: "Identity.External" signed out.
2023-08-28 10:47:31.148 +02:00 [Information] Executed handler method "OnGetAsync", returned result "".
2023-08-28 10:47:31.150 +02:00 [Information] Executing an implicit handler method - ModelState is Valid
2023-08-28 10:47:31.150 +02:00 [Information] Executed an implicit handler method, returned result "Microsoft.AspNetCore.Mvc.RazorPages.PageResult".
2023-08-28 10:47:31.183 +02:00 [Information] Executed page "/Account/Login" in 60.5357ms
2023-08-28 10:47:31.183 +02:00 [Information] Executed endpoint '"/Account/Login"'
2023-08-28 10:47:31.183 +02:00 [Information] Request finished HTTP/1.1 GET https://localhost:7205/Identity/Account/Login - - - 200 - text/html;+charset=utf-8 88.3110ms
2023-08-28 10:47:34.078 +02:00 [Information] Request starting HTTP/1.1 POST https://localhost:7205/Identity/Account/Login application/x-www-form-urlencoded 269
2023-08-28 10:47:34.087 +02:00 [Warning] Error unprotecting the session cookie.
System.Security.Cryptography.CryptographicException: The payload was invalid. For more information go to http://aka.ms/dataprotectionwarning
   at Microsoft.AspNetCore.DataProtection.Managed.ManagedAuthenticatedEncryptor.Decrypt(ArraySegment`1 protectedPayload, ArraySegment`1 additionalAuthenticatedData)
   at Microsoft.AspNetCore.DataProtection.KeyManagement.KeyRingBasedDataProtector.UnprotectCore(Byte[] protectedData, Boolean allowOperationsOnRevokedKeys, UnprotectStatus& status)
   at Microsoft.AspNetCore.DataProtection.KeyManagement.KeyRingBasedDataProtector.Unprotect(Byte[] protectedData)
   at Microsoft.AspNetCore.Session.CookieProtection.Unprotect(IDataProtector protector, String protectedText, ILogger logger)
2023-08-28 10:47:34.088 +02:00 [Information] "Identity.Application" was not authenticated. Failure message: "Unprotect ticket failed"
2023-08-28 10:47:34.088 +02:00 [Information] "Identity.Application" was not authenticated. Failure message: "Unprotect ticket failed"
2023-08-28 10:47:34.088 +02:00 [Information] Executing endpoint '"/Account/Login"'
2023-08-28 10:47:34.089 +02:00 [Information] Route matched with "{page = \"/Account/Login\", area = \"Identity\", action = \"\", controller = \"\"}". Executing page "/Account/Login"
2023-08-28 10:47:34.104 +02:00 [Information] Executing handler method "MyShop.Areas.Identity.Pages.Account.LoginModel.OnPostAsync" - ModelState is Valid
2023-08-28 10:47:34.281 +02:00 [Information] AuthenticationScheme: "Identity.Application" signed in.
2023-08-28 10:47:34.282 +02:00 [Information] User logged in.
2023-08-28 10:47:34.282 +02:00 [Information] Executed handler method "OnPostAsync", returned result "Microsoft.AspNetCore.Mvc.LocalRedirectResult".
2023-08-28 10:47:34.282 +02:00 [Information] Executing LocalRedirectResult, redirecting to "/".
2023-08-28 10:47:34.283 +02:00 [Information] Executed page "/Account/Login" in 193.7221ms
2023-08-28 10:47:34.283 +02:00 [Information] Executed endpoint '"/Account/Login"'
2023-08-28 10:47:34.283 +02:00 [Information] Request finished HTTP/1.1 POST https://localhost:7205/Identity/Account/Login application/x-www-form-urlencoded 269 - 302 0 - 204.7395ms
2023-08-28 10:47:34.286 +02:00 [Information] Request starting HTTP/1.1 GET https://localhost:7205/ - -
2023-08-28 10:47:34.287 +02:00 [Warning] Error unprotecting the session cookie.
System.Security.Cryptography.CryptographicException: The payload was invalid. For more information go to http://aka.ms/dataprotectionwarning
   at Microsoft.AspNetCore.DataProtection.Managed.ManagedAuthenticatedEncryptor.Decrypt(ArraySegment`1 protectedPayload, ArraySegment`1 additionalAuthenticatedData)
   at Microsoft.AspNetCore.DataProtection.KeyManagement.KeyRingBasedDataProtector.UnprotectCore(Byte[] protectedData, Boolean allowOperationsOnRevokedKeys, UnprotectStatus& status)
   at Microsoft.AspNetCore.DataProtection.KeyManagement.KeyRingBasedDataProtector.Unprotect(Byte[] protectedData)
   at Microsoft.AspNetCore.Session.CookieProtection.Unprotect(IDataProtector protector, String protectedText, ILogger logger)
2023-08-28 10:47:34.288 +02:00 [Information] Executing endpoint '"MyShop.Controllers.HomeController.Index (MyShop)"'
2023-08-28 10:47:34.288 +02:00 [Information] Route matched with "{action = \"Index\", controller = \"Home\", page = \"\", area = \"\"}". Executing controller action with signature "Microsoft.AspNetCore.Mvc.IActionResult Index()" on controller "MyShop.Controllers.HomeController" ("MyShop").
2023-08-28 10:47:34.288 +02:00 [Information] Executing ViewResult, running view "Index".
2023-08-28 10:47:34.290 +02:00 [Information] Executed ViewResult - view "Index" executed in 1.6125ms.
2023-08-28 10:47:34.290 +02:00 [Information] Executed action "MyShop.Controllers.HomeController.Index (MyShop)" in 1.6872ms
2023-08-28 10:47:34.290 +02:00 [Information] Executed endpoint '"MyShop.Controllers.HomeController.Index (MyShop)"'
2023-08-28 10:47:34.290 +02:00 [Information] Request finished HTTP/1.1 GET https://localhost:7205/ - - - 200 - text/html;+charset=utf-8 4.1618ms
2023-08-28 10:47:36.705 +02:00 [Information] Request starting HTTP/1.1 GET https://localhost:7205/Item/Table - -
2023-08-28 10:47:36.709 +02:00 [Warning] Error unprotecting the session cookie.
System.Security.Cryptography.CryptographicException: The payload was invalid. For more information go to http://aka.ms/dataprotectionwarning
   at Microsoft.AspNetCore.DataProtection.Managed.ManagedAuthenticatedEncryptor.Decrypt(ArraySegment`1 protectedPayload, ArraySegment`1 additionalAuthenticatedData)
   at Microsoft.AspNetCore.DataProtection.KeyManagement.KeyRingBasedDataProtector.UnprotectCore(Byte[] protectedData, Boolean allowOperationsOnRevokedKeys, UnprotectStatus& status)
   at Microsoft.AspNetCore.DataProtection.KeyManagement.KeyRingBasedDataProtector.Unprotect(Byte[] protectedData)
   at Microsoft.AspNetCore.Session.CookieProtection.Unprotect(IDataProtector protector, String protectedText, ILogger logger)
2023-08-28 10:47:36.711 +02:00 [Information] Executing endpoint '"MyShop.Controllers.ItemController.Table (MyShop)"'
2023-08-28 10:47:36.711 +02:00 [Information] Route matched with "{action = \"Table\", controller = \"Item\", page = \"\", area = \"\"}". Executing controller action with signature "System.Threading.Tasks.Task`1[Microsoft.AspNetCore.Mvc.IActionResult] Table()" on controller "MyShop.Controllers.ItemController" ("MyShop").
2023-08-28 10:47:36.716 +02:00 [Information] Executing ViewResult, running view "Table".
2023-08-28 10:47:36.719 +02:00 [Information] Executed ViewResult - view "Table" executed in 2.4572ms.
2023-08-28 10:47:36.719 +02:00 [Information] Executed action "MyShop.Controllers.ItemController.Table (MyShop)" in 7.5425ms
2023-08-28 10:47:36.719 +02:00 [Information] Executed endpoint '"MyShop.Controllers.ItemController.Table (MyShop)"'
2023-08-28 10:47:36.719 +02:00 [Information] Request finished HTTP/1.1 GET https://localhost:7205/Item/Table - - - 200 - text/html;+charset=utf-8 13.9012ms
2023-08-28 10:47:37.606 +02:00 [Information] Request starting HTTP/1.1 GET https://localhost:7205/Item/Create - -
2023-08-28 10:47:37.608 +02:00 [Warning] Error unprotecting the session cookie.
System.Security.Cryptography.CryptographicException: The payload was invalid. For more information go to http://aka.ms/dataprotectionwarning
   at Microsoft.AspNetCore.DataProtection.Managed.ManagedAuthenticatedEncryptor.Decrypt(ArraySegment`1 protectedPayload, ArraySegment`1 additionalAuthenticatedData)
   at Microsoft.AspNetCore.DataProtection.KeyManagement.KeyRingBasedDataProtector.UnprotectCore(Byte[] protectedData, Boolean allowOperationsOnRevokedKeys, UnprotectStatus& status)
   at Microsoft.AspNetCore.DataProtection.KeyManagement.KeyRingBasedDataProtector.Unprotect(Byte[] protectedData)
   at Microsoft.AspNetCore.Session.CookieProtection.Unprotect(IDataProtector protector, String protectedText, ILogger logger)
2023-08-28 10:47:37.617 +02:00 [Information] Executing endpoint '"MyShop.Controllers.ItemController.Create (MyShop)"'
2023-08-28 10:47:37.618 +02:00 [Information] Route matched with "{action = \"Create\", controller = \"Item\", page = \"\", area = \"\"}". Executing controller action with signature "Microsoft.AspNetCore.Mvc.IActionResult Create()" on controller "MyShop.Controllers.ItemController" ("MyShop").
2023-08-28 10:47:37.620 +02:00 [Information] Executing ViewResult, running view "Create".
2023-08-28 10:47:37.679 +02:00 [Information] Executed ViewResult - view "Create" executed in 60.3555ms.
2023-08-28 10:47:37.679 +02:00 [Information] Executed action "MyShop.Controllers.ItemController.Create (MyShop)" in 61.5517ms
2023-08-28 10:47:37.680 +02:00 [Information] Executed endpoint '"MyShop.Controllers.ItemController.Create (MyShop)"'
2023-08-28 10:47:37.680 +02:00 [Information] Request finished HTTP/1.1 GET https://localhost:7205/Item/Create - - - 200 - text/html;+charset=utf-8 74.0069ms
2023-08-28 10:48:20.797 +02:00 [Information] Request starting HTTP/1.1 GET https://localhost:7205/ - -
2023-08-28 10:48:20.800 +02:00 [Warning] Error unprotecting the session cookie.
System.Security.Cryptography.CryptographicException: The payload was invalid. For more information go to http://aka.ms/dataprotectionwarning
   at Microsoft.AspNetCore.DataProtection.Managed.ManagedAuthenticatedEncryptor.Decrypt(ArraySegment`1 protectedPayload, ArraySegment`1 additionalAuthenticatedData)
   at Microsoft.AspNetCore.DataProtection.KeyManagement.KeyRingBasedDataProtector.UnprotectCore(Byte[] protectedData, Boolean allowOperationsOnRevokedKeys, UnprotectStatus& status)
   at Microsoft.AspNetCore.DataProtection.KeyManagement.KeyRingBasedDataProtector.Unprotect(Byte[] protectedData)
   at Microsoft.AspNetCore.Session.CookieProtection.Unprotect(IDataProtector protector, String protectedText, ILogger logger)
2023-08-28 10:48:20.826 +02:00 [Information] Executing endpoint '"MyShop.Controllers.HomeController.Index (MyShop)"'
2023-08-28 10:48:20.827 +02:00 [Information] Route matched with "{action = \"Index\", controller = \"Home\", page = \"\", area = \"\"}". Executing controller action with signature "Microsoft.AspNetCore.Mvc.IActionResult Index()" on controller "MyShop.Controllers.HomeController" ("MyShop").
2023-08-28 10:48:20.829 +02:00 [Information] Executing ViewResult, running view "Index".
2023-08-28 10:48:20.831 +02:00 [Information] Executed ViewResult - view "Index" executed in 2.4784ms.
2023-08-28 10:48:20.831 +02:00 [Information] Executed action "MyShop.Controllers.HomeController.Index (MyShop)" in 2.8377ms
2023-08-28 10:48:20.831 +02:00 [Information] Executed endpoint '"MyShop.Controllers.HomeController.Index (MyShop)"'
2023-08-28 10:48:20.832 +02:00 [Information] Request finished HTTP/1.1 GET https://localhost:7205/ - - - 200 - text/html;+charset=utf-8 34.3950ms
2023-08-28 10:48:23.256 +02:00 [Information] Request starting HTTP/1.1 POST https://localhost:7205/Identity/Account/Logout?returnUrl=%2F application/x-www-form-urlencoded 225
2023-08-28 10:48:23.258 +02:00 [Warning] Error unprotecting the session cookie.
System.Security.Cryptography.CryptographicException: The payload was invalid. For more information go to http://aka.ms/dataprotectionwarning
   at Microsoft.AspNetCore.DataProtection.Managed.ManagedAuthenticatedEncryptor.Decrypt(ArraySegment`1 protectedPayload, ArraySegment`1 additionalAuthenticatedData)
   at Microsoft.AspNetCore.DataProtection.KeyManagement.KeyRingBasedDataProtector.UnprotectCore(Byte[] protectedData, Boolean allowOperationsOnRevokedKeys, UnprotectStatus& status)
   at Microsoft.AspNetCore.DataProtection.KeyManagement.KeyRingBasedDataProtector.Unprotect(Byte[] protectedData)
   at Microsoft.AspNetCore.Session.CookieProtection.Unprotect(IDataProtector protector, String protectedText, ILogger logger)
2023-08-28 10:48:23.261 +02:00 [Information] Executing endpoint '"/Account/Logout"'
2023-08-28 10:48:23.264 +02:00 [Information] Route matched with "{page = \"/Account/Logout\", area = \"Identity\", action = \"\", controller = \"\"}". Executing page "/Account/Logout"
2023-08-28 10:48:23.270 +02:00 [Information] Executing handler method "MyShop.Areas.Identity.Pages.Account.LogoutModel.OnPost" - ModelState is Valid
2023-08-28 10:48:23.271 +02:00 [Information] AuthenticationScheme: "Identity.Application" signed out.
2023-08-28 10:48:23.272 +02:00 [Information] AuthenticationScheme: "Identity.External" signed out.
2023-08-28 10:48:23.272 +02:00 [Information] AuthenticationScheme: "Identity.TwoFactorUserId" signed out.
2023-08-28 10:48:23.273 +02:00 [Information] User logged out.
2023-08-28 10:48:23.273 +02:00 [Information] Executed handler method "OnPost", returned result "Microsoft.AspNetCore.Mvc.LocalRedirectResult".
2023-08-28 10:48:23.273 +02:00 [Information] Executing LocalRedirectResult, redirecting to "/".
2023-08-28 10:48:23.273 +02:00 [Information] Executed page "/Account/Logout" in 8.6442ms
2023-08-28 10:48:23.273 +02:00 [Information] Executed endpoint '"/Account/Logout"'
2023-08-28 10:48:23.273 +02:00 [Information] Request finished HTTP/1.1 POST https://localhost:7205/Identity/Account/Logout?returnUrl=%2F application/x-www-form-urlencoded 225 - 302 0 - 16.9735ms
2023-08-28 10:48:23.276 +02:00 [Information] Request starting HTTP/1.1 GET https://localhost:7205/ - -
2023-08-28 10:48:23.277 +02:00 [Warning] Error unprotecting the session cookie.
System.Security.Cryptography.CryptographicException: The payload was invalid. For more information go to http://aka.ms/dataprotectionwarning
   at Microsoft.AspNetCore.DataProtection.Managed.ManagedAuthenticatedEncryptor.Decrypt(ArraySegment`1 protectedPayload, ArraySegment`1 additionalAuthenticatedData)
   at Microsoft.AspNetCore.DataProtection.KeyManagement.KeyRingBasedDataProtector.UnprotectCore(Byte[] protectedData, Boolean allowOperationsOnRevokedKeys, UnprotectStatus& status)
   at Microsoft.AspNetCore.DataProtection.KeyManagement.KeyRingBasedDataProtector.Unprotect(Byte[] protectedData)
   at Microsoft.AspNetCore.Session.CookieProtection.Unprotect(IDataProtector protector, String protectedText, ILogger logger)
2023-08-28 10:48:23.278 +02:00 [Information] Executing endpoint '"MyShop.Controllers.HomeController.Index (MyShop)"'
2023-08-28 10:48:23.278 +02:00 [Information] Route matched with "{action = \"Index\", controller = \"Home\", page = \"\", area = \"\"}". Executing controller action with signature "Microsoft.AspNetCore.Mvc.IActionResult Index()" on controller "MyShop.Controllers.HomeController" ("MyShop").
2023-08-28 10:48:23.278 +02:00 [Information] Executing ViewResult, running view "Index".
2023-08-28 10:48:23.279 +02:00 [Information] Executed ViewResult - view "Index" executed in 0.7005ms.
2023-08-28 10:48:23.279 +02:00 [Information] Executed action "MyShop.Controllers.HomeController.Index (MyShop)" in 0.7996ms
2023-08-28 10:48:23.279 +02:00 [Information] Executed endpoint '"MyShop.Controllers.HomeController.Index (MyShop)"'
2023-08-28 10:48:23.279 +02:00 [Information] Request finished HTTP/1.1 GET https://localhost:7205/ - - - 200 - text/html;+charset=utf-8 2.8078ms
2023-08-28 10:48:23.898 +02:00 [Information] Request starting HTTP/1.1 GET https://localhost:7205/Identity/Account/Login - -
2023-08-28 10:48:23.900 +02:00 [Warning] Error unprotecting the session cookie.
System.Security.Cryptography.CryptographicException: The payload was invalid. For more information go to http://aka.ms/dataprotectionwarning
   at Microsoft.AspNetCore.DataProtection.Managed.ManagedAuthenticatedEncryptor.Decrypt(ArraySegment`1 protectedPayload, ArraySegment`1 additionalAuthenticatedData)
   at Microsoft.AspNetCore.DataProtection.KeyManagement.KeyRingBasedDataProtector.UnprotectCore(Byte[] protectedData, Boolean allowOperationsOnRevokedKeys, UnprotectStatus& status)
   at Microsoft.AspNetCore.DataProtection.KeyManagement.KeyRingBasedDataProtector.Unprotect(Byte[] protectedData)
   at Microsoft.AspNetCore.Session.CookieProtection.Unprotect(IDataProtector protector, String protectedText, ILogger logger)
2023-08-28 10:48:23.901 +02:00 [Information] Executing endpoint '"/Account/Login"'
2023-08-28 10:48:23.902 +02:00 [Information] Route matched with "{page = \"/Account/Login\", area = \"Identity\", action = \"\", controller = \"\"}". Executing page "/Account/Login"
2023-08-28 10:48:23.902 +02:00 [Information] Executing handler method "MyShop.Areas.Identity.Pages.Account.LoginModel.OnGetAsync" - ModelState is Valid
2023-08-28 10:48:23.903 +02:00 [Information] AuthenticationScheme: "Identity.External" signed out.
2023-08-28 10:48:23.903 +02:00 [Information] Executed handler method "OnGetAsync", returned result "".
2023-08-28 10:48:23.903 +02:00 [Information] Executing an implicit handler method - ModelState is Valid
2023-08-28 10:48:23.903 +02:00 [Information] Executed an implicit handler method, returned result "Microsoft.AspNetCore.Mvc.RazorPages.PageResult".
2023-08-28 10:48:23.906 +02:00 [Information] Executed page "/Account/Login" in 3.7663ms
2023-08-28 10:48:23.906 +02:00 [Information] Executed endpoint '"/Account/Login"'
2023-08-28 10:48:23.907 +02:00 [Information] Request finished HTTP/1.1 GET https://localhost:7205/Identity/Account/Login - - - 200 - text/html;+charset=utf-8 8.6243ms
2023-08-28 10:48:25.015 +02:00 [Information] Request starting HTTP/1.1 POST https://localhost:7205/Identity/Account/Login application/x-www-form-urlencoded 269
2023-08-28 10:48:25.018 +02:00 [Warning] Error unprotecting the session cookie.
System.Security.Cryptography.CryptographicException: The payload was invalid. For more information go to http://aka.ms/dataprotectionwarning
   at Microsoft.AspNetCore.DataProtection.Managed.ManagedAuthenticatedEncryptor.Decrypt(ArraySegment`1 protectedPayload, ArraySegment`1 additionalAuthenticatedData)
   at Microsoft.AspNetCore.DataProtection.KeyManagement.KeyRingBasedDataProtector.UnprotectCore(Byte[] protectedData, Boolean allowOperationsOnRevokedKeys, UnprotectStatus& status)
   at Microsoft.AspNetCore.DataProtection.KeyManagement.KeyRingBasedDataProtector.Unprotect(Byte[] protectedData)
   at Microsoft.AspNetCore.Session.CookieProtection.Unprotect(IDataProtector protector, String protectedText, ILogger logger)
2023-08-28 10:48:25.018 +02:00 [Information] Executing endpoint '"/Account/Login"'
2023-08-28 10:48:25.018 +02:00 [Information] Route matched with "{page = \"/Account/Login\", area = \"Identity\", action = \"\", controller = \"\"}". Executing page "/Account/Login"
2023-08-28 10:48:25.020 +02:00 [Information] Executing handler method "MyShop.Areas.Identity.Pages.Account.LoginModel.OnPostAsync" - ModelState is Valid
2023-08-28 10:48:25.098 +02:00 [Information] AuthenticationScheme: "Identity.Application" signed in.
2023-08-28 10:48:25.099 +02:00 [Information] User logged in.
2023-08-28 10:48:25.099 +02:00 [Information] Executed handler method "OnPostAsync", returned result "Microsoft.AspNetCore.Mvc.LocalRedirectResult".
2023-08-28 10:48:25.099 +02:00 [Information] Executing LocalRedirectResult, redirecting to "/".
2023-08-28 10:48:25.099 +02:00 [Information] Executed page "/Account/Login" in 80.424ms
2023-08-28 10:48:25.099 +02:00 [Information] Executed endpoint '"/Account/Login"'
2023-08-28 10:48:25.099 +02:00 [Information] Request finished HTTP/1.1 POST https://localhost:7205/Identity/Account/Login application/x-www-form-urlencoded 269 - 302 0 - 83.8880ms
2023-08-28 10:48:25.102 +02:00 [Information] Request starting HTTP/1.1 GET https://localhost:7205/ - -
2023-08-28 10:48:25.103 +02:00 [Warning] Error unprotecting the session cookie.
System.Security.Cryptography.CryptographicException: The payload was invalid. For more information go to http://aka.ms/dataprotectionwarning
   at Microsoft.AspNetCore.DataProtection.Managed.ManagedAuthenticatedEncryptor.Decrypt(ArraySegment`1 protectedPayload, ArraySegment`1 additionalAuthenticatedData)
   at Microsoft.AspNetCore.DataProtection.KeyManagement.KeyRingBasedDataProtector.UnprotectCore(Byte[] protectedData, Boolean allowOperationsOnRevokedKeys, UnprotectStatus& status)
   at Microsoft.AspNetCore.DataProtection.KeyManagement.KeyRingBasedDataProtector.Unprotect(Byte[] protectedData)
   at Microsoft.AspNetCore.Session.CookieProtection.Unprotect(IDataProtector protector, String protectedText, ILogger logger)
2023-08-28 10:48:25.103 +02:00 [Information] Executing endpoint '"MyShop.Controllers.HomeController.Index (MyShop)"'
2023-08-28 10:48:25.103 +02:00 [Information] Route matched with "{action = \"Index\", controller = \"Home\", page = \"\", area = \"\"}". Executing controller action with signature "Microsoft.AspNetCore.Mvc.IActionResult Index()" on controller "MyShop.Controllers.HomeController" ("MyShop").
2023-08-28 10:48:25.103 +02:00 [Information] Executing ViewResult, running view "Index".
2023-08-28 10:48:25.104 +02:00 [Information] Executed ViewResult - view "Index" executed in 0.4353ms.
2023-08-28 10:48:25.104 +02:00 [Information] Executed action "MyShop.Controllers.HomeController.Index (MyShop)" in 0.5004ms
2023-08-28 10:48:25.104 +02:00 [Information] Executed endpoint '"MyShop.Controllers.HomeController.Index (MyShop)"'
2023-08-28 10:48:25.104 +02:00 [Information] Request finished HTTP/1.1 GET https://localhost:7205/ - - - 200 - text/html;+charset=utf-8 2.0962ms
2023-08-28 10:48:26.393 +02:00 [Information] Request starting HTTP/1.1 GET https://localhost:7205/Item/Table - -
2023-08-28 10:48:26.396 +02:00 [Warning] Error unprotecting the session cookie.
System.Security.Cryptography.CryptographicException: The payload was invalid. For more information go to http://aka.ms/dataprotectionwarning
   at Microsoft.AspNetCore.DataProtection.Managed.ManagedAuthenticatedEncryptor.Decrypt(ArraySegment`1 protectedPayload, ArraySegment`1 additionalAuthenticatedData)
   at Microsoft.AspNetCore.DataProtection.KeyManagement.KeyRingBasedDataProtector.UnprotectCore(Byte[] protectedData, Boolean allowOperationsOnRevokedKeys, UnprotectStatus& status)
   at Microsoft.AspNetCore.DataProtection.KeyManagement.KeyRingBasedDataProtector.Unprotect(Byte[] protectedData)
   at Microsoft.AspNetCore.Session.CookieProtection.Unprotect(IDataProtector protector, String protectedText, ILogger logger)
2023-08-28 10:48:26.397 +02:00 [Information] Executing endpoint '"MyShop.Controllers.ItemController.Table (MyShop)"'
2023-08-28 10:48:26.397 +02:00 [Information] Route matched with "{action = \"Table\", controller = \"Item\", page = \"\", area = \"\"}". Executing controller action with signature "System.Threading.Tasks.Task`1[Microsoft.AspNetCore.Mvc.IActionResult] Table()" on controller "MyShop.Controllers.ItemController" ("MyShop").
2023-08-28 10:48:26.400 +02:00 [Information] Executing ViewResult, running view "Table".
2023-08-28 10:48:26.403 +02:00 [Information] Executed ViewResult - view "Table" executed in 2.752ms.
2023-08-28 10:48:26.403 +02:00 [Information] Executed action "MyShop.Controllers.ItemController.Table (MyShop)" in 6.0602ms
2023-08-28 10:48:26.403 +02:00 [Information] Executed endpoint '"MyShop.Controllers.ItemController.Table (MyShop)"'
2023-08-28 10:48:26.403 +02:00 [Information] Request finished HTTP/1.1 GET https://localhost:7205/Item/Table - - - 200 - text/html;+charset=utf-8 9.9341ms
2023-08-28 10:48:29.003 +02:00 [Information] Request starting HTTP/1.1 POST https://localhost:7205/Identity/Account/Logout?returnUrl=%2F application/x-www-form-urlencoded 225
2023-08-28 10:48:29.005 +02:00 [Warning] Error unprotecting the session cookie.
System.Security.Cryptography.CryptographicException: The payload was invalid. For more information go to http://aka.ms/dataprotectionwarning
   at Microsoft.AspNetCore.DataProtection.Managed.ManagedAuthenticatedEncryptor.Decrypt(ArraySegment`1 protectedPayload, ArraySegment`1 additionalAuthenticatedData)
   at Microsoft.AspNetCore.DataProtection.KeyManagement.KeyRingBasedDataProtector.UnprotectCore(Byte[] protectedData, Boolean allowOperationsOnRevokedKeys, UnprotectStatus& status)
   at Microsoft.AspNetCore.DataProtection.KeyManagement.KeyRingBasedDataProtector.Unprotect(Byte[] protectedData)
   at Microsoft.AspNetCore.Session.CookieProtection.Unprotect(IDataProtector protector, String protectedText, ILogger logger)
2023-08-28 10:48:29.007 +02:00 [Information] Executing endpoint '"/Account/Logout"'
2023-08-28 10:48:29.008 +02:00 [Information] Route matched with "{page = \"/Account/Logout\", area = \"Identity\", action = \"\", controller = \"\"}". Executing page "/Account/Logout"
2023-08-28 10:48:29.008 +02:00 [Information] Executing handler method "MyShop.Areas.Identity.Pages.Account.LogoutModel.OnPost" - ModelState is Valid
2023-08-28 10:48:29.009 +02:00 [Information] AuthenticationScheme: "Identity.Application" signed out.
2023-08-28 10:48:29.009 +02:00 [Information] AuthenticationScheme: "Identity.External" signed out.
2023-08-28 10:48:29.009 +02:00 [Information] AuthenticationScheme: "Identity.TwoFactorUserId" signed out.
2023-08-28 10:48:29.010 +02:00 [Information] User logged out.
2023-08-28 10:48:29.010 +02:00 [Information] Executed handler method "OnPost", returned result "Microsoft.AspNetCore.Mvc.LocalRedirectResult".
2023-08-28 10:48:29.010 +02:00 [Information] Executing LocalRedirectResult, redirecting to "/".
2023-08-28 10:48:29.010 +02:00 [Information] Executed page "/Account/Logout" in 2.5619ms
2023-08-28 10:48:29.010 +02:00 [Information] Executed endpoint '"/Account/Logout"'
2023-08-28 10:48:29.010 +02:00 [Information] Request finished HTTP/1.1 POST https://localhost:7205/Identity/Account/Logout?returnUrl=%2F application/x-www-form-urlencoded 225 - 302 0 - 7.5535ms
2023-08-28 10:48:29.015 +02:00 [Information] Request starting HTTP/1.1 GET https://localhost:7205/ - -
2023-08-28 10:48:29.017 +02:00 [Warning] Error unprotecting the session cookie.
System.Security.Cryptography.CryptographicException: The payload was invalid. For more information go to http://aka.ms/dataprotectionwarning
   at Microsoft.AspNetCore.DataProtection.Managed.ManagedAuthenticatedEncryptor.Decrypt(ArraySegment`1 protectedPayload, ArraySegment`1 additionalAuthenticatedData)
   at Microsoft.AspNetCore.DataProtection.KeyManagement.KeyRingBasedDataProtector.UnprotectCore(Byte[] protectedData, Boolean allowOperationsOnRevokedKeys, UnprotectStatus& status)
   at Microsoft.AspNetCore.DataProtection.KeyManagement.KeyRingBasedDataProtector.Unprotect(Byte[] protectedData)
   at Microsoft.AspNetCore.Session.CookieProtection.Unprotect(IDataProtector protector, String protectedText, ILogger logger)
2023-08-28 10:48:29.017 +02:00 [Information] Executing endpoint '"MyShop.Controllers.HomeController.Index (MyShop)"'
2023-08-28 10:48:29.017 +02:00 [Information] Route matched with "{action = \"Index\", controller = \"Home\", page = \"\", area = \"\"}". Executing controller action with signature "Microsoft.AspNetCore.Mvc.IActionResult Index()" on controller "MyShop.Controllers.HomeController" ("MyShop").
2023-08-28 10:48:29.018 +02:00 [Information] Executing ViewResult, running view "Index".
2023-08-28 10:48:29.019 +02:00 [Information] Executed ViewResult - view "Index" executed in 1.0604ms.
2023-08-28 10:48:29.019 +02:00 [Information] Executed action "MyShop.Controllers.HomeController.Index (MyShop)" in 1.215ms
2023-08-28 10:48:29.019 +02:00 [Information] Executed endpoint '"MyShop.Controllers.HomeController.Index (MyShop)"'
2023-08-28 10:48:29.019 +02:00 [Information] Request finished HTTP/1.1 GET https://localhost:7205/ - - - 200 - text/html;+charset=utf-8 3.9970ms
2023-08-28 10:48:30.578 +02:00 [Information] Request starting HTTP/1.1 GET https://localhost:7205/Item/Table - -
2023-08-28 10:48:30.579 +02:00 [Warning] Error unprotecting the session cookie.
System.Security.Cryptography.CryptographicException: The payload was invalid. For more information go to http://aka.ms/dataprotectionwarning
   at Microsoft.AspNetCore.DataProtection.Managed.ManagedAuthenticatedEncryptor.Decrypt(ArraySegment`1 protectedPayload, ArraySegment`1 additionalAuthenticatedData)
   at Microsoft.AspNetCore.DataProtection.KeyManagement.KeyRingBasedDataProtector.UnprotectCore(Byte[] protectedData, Boolean allowOperationsOnRevokedKeys, UnprotectStatus& status)
   at Microsoft.AspNetCore.DataProtection.KeyManagement.KeyRingBasedDataProtector.Unprotect(Byte[] protectedData)
   at Microsoft.AspNetCore.Session.CookieProtection.Unprotect(IDataProtector protector, String protectedText, ILogger logger)
2023-08-28 10:48:30.580 +02:00 [Information] Executing endpoint '"MyShop.Controllers.ItemController.Table (MyShop)"'
2023-08-28 10:48:30.580 +02:00 [Information] Route matched with "{action = \"Table\", controller = \"Item\", page = \"\", area = \"\"}". Executing controller action with signature "System.Threading.Tasks.Task`1[Microsoft.AspNetCore.Mvc.IActionResult] Table()" on controller "MyShop.Controllers.ItemController" ("MyShop").
2023-08-28 10:48:30.583 +02:00 [Information] Executing ViewResult, running view "Table".
2023-08-28 10:48:30.584 +02:00 [Information] Executed ViewResult - view "Table" executed in 1.3756ms.
2023-08-28 10:48:30.584 +02:00 [Information] Executed action "MyShop.Controllers.ItemController.Table (MyShop)" in 4.3663ms
2023-08-28 10:48:30.585 +02:00 [Information] Executed endpoint '"MyShop.Controllers.ItemController.Table (MyShop)"'
2023-08-28 10:48:30.585 +02:00 [Information] Request finished HTTP/1.1 GET https://localhost:7205/Item/Table - - - 200 - text/html;+charset=utf-8 7.1587ms
2023-08-28 10:48:36.503 +02:00 [Information] Request starting HTTP/1.1 GET https://localhost:7205/Item/Delete/3 - -
2023-08-28 10:48:36.505 +02:00 [Warning] Error unprotecting the session cookie.
System.Security.Cryptography.CryptographicException: The payload was invalid. For more information go to http://aka.ms/dataprotectionwarning
   at Microsoft.AspNetCore.DataProtection.Managed.ManagedAuthenticatedEncryptor.Decrypt(ArraySegment`1 protectedPayload, ArraySegment`1 additionalAuthenticatedData)
   at Microsoft.AspNetCore.DataProtection.KeyManagement.KeyRingBasedDataProtector.UnprotectCore(Byte[] protectedData, Boolean allowOperationsOnRevokedKeys, UnprotectStatus& status)
   at Microsoft.AspNetCore.DataProtection.KeyManagement.KeyRingBasedDataProtector.Unprotect(Byte[] protectedData)
   at Microsoft.AspNetCore.Session.CookieProtection.Unprotect(IDataProtector protector, String protectedText, ILogger logger)
2023-08-28 10:48:36.506 +02:00 [Information] Authorization failed. "These requirements were not met:
DenyAnonymousAuthorizationRequirement: Requires an authenticated user."
2023-08-28 10:48:36.508 +02:00 [Information] AuthenticationScheme: "Identity.Application" was challenged.
2023-08-28 10:48:36.508 +02:00 [Information] Request finished HTTP/1.1 GET https://localhost:7205/Item/Delete/3 - - - 302 0 - 4.9945ms
2023-08-28 10:48:36.511 +02:00 [Information] Request starting HTTP/1.1 GET https://localhost:7205/Identity/Account/Login?ReturnUrl=%2FItem%2FDelete%2F3 - -
2023-08-28 10:48:36.517 +02:00 [Warning] Error unprotecting the session cookie.
System.Security.Cryptography.CryptographicException: The payload was invalid. For more information go to http://aka.ms/dataprotectionwarning
   at Microsoft.AspNetCore.DataProtection.Managed.ManagedAuthenticatedEncryptor.Decrypt(ArraySegment`1 protectedPayload, ArraySegment`1 additionalAuthenticatedData)
   at Microsoft.AspNetCore.DataProtection.KeyManagement.KeyRingBasedDataProtector.UnprotectCore(Byte[] protectedData, Boolean allowOperationsOnRevokedKeys, UnprotectStatus& status)
   at Microsoft.AspNetCore.DataProtection.KeyManagement.KeyRingBasedDataProtector.Unprotect(Byte[] protectedData)
   at Microsoft.AspNetCore.Session.CookieProtection.Unprotect(IDataProtector protector, String protectedText, ILogger logger)
2023-08-28 10:48:36.518 +02:00 [Information] Executing endpoint '"/Account/Login"'
2023-08-28 10:48:36.518 +02:00 [Information] Route matched with "{page = \"/Account/Login\", area = \"Identity\", action = \"\", controller = \"\"}". Executing page "/Account/Login"
2023-08-28 10:48:36.519 +02:00 [Information] Executing handler method "MyShop.Areas.Identity.Pages.Account.LoginModel.OnGetAsync" - ModelState is Valid
2023-08-28 10:48:36.519 +02:00 [Information] AuthenticationScheme: "Identity.External" signed out.
2023-08-28 10:48:36.519 +02:00 [Information] Executed handler method "OnGetAsync", returned result "".
2023-08-28 10:48:36.519 +02:00 [Information] Executing an implicit handler method - ModelState is Valid
2023-08-28 10:48:36.519 +02:00 [Information] Executed an implicit handler method, returned result "Microsoft.AspNetCore.Mvc.RazorPages.PageResult".
2023-08-28 10:48:36.523 +02:00 [Information] Executed page "/Account/Login" in 4.2295ms
2023-08-28 10:48:36.523 +02:00 [Information] Executed endpoint '"/Account/Login"'
2023-08-28 10:48:36.523 +02:00 [Information] Request finished HTTP/1.1 GET https://localhost:7205/Identity/Account/Login?ReturnUrl=%2FItem%2FDelete%2F3 - - - 200 - text/html;+charset=utf-8 11.9298ms
2023-08-28 10:48:40.196 +02:00 [Information] Request starting HTTP/1.1 POST https://localhost:7205/Identity/Account/Login?ReturnUrl=%2FItem%2FDelete%2F3 application/x-www-form-urlencoded 269
2023-08-28 10:48:40.198 +02:00 [Warning] Error unprotecting the session cookie.
System.Security.Cryptography.CryptographicException: The payload was invalid. For more information go to http://aka.ms/dataprotectionwarning
   at Microsoft.AspNetCore.DataProtection.Managed.ManagedAuthenticatedEncryptor.Decrypt(ArraySegment`1 protectedPayload, ArraySegment`1 additionalAuthenticatedData)
   at Microsoft.AspNetCore.DataProtection.KeyManagement.KeyRingBasedDataProtector.UnprotectCore(Byte[] protectedData, Boolean allowOperationsOnRevokedKeys, UnprotectStatus& status)
   at Microsoft.AspNetCore.DataProtection.KeyManagement.KeyRingBasedDataProtector.Unprotect(Byte[] protectedData)
   at Microsoft.AspNetCore.Session.CookieProtection.Unprotect(IDataProtector protector, String protectedText, ILogger logger)
2023-08-28 10:48:40.199 +02:00 [Information] Executing endpoint '"/Account/Login"'
2023-08-28 10:48:40.200 +02:00 [Information] Route matched with "{page = \"/Account/Login\", area = \"Identity\", action = \"\", controller = \"\"}". Executing page "/Account/Login"
2023-08-28 10:48:40.200 +02:00 [Information] Executing handler method "MyShop.Areas.Identity.Pages.Account.LoginModel.OnPostAsync" - ModelState is Valid
2023-08-28 10:48:40.268 +02:00 [Information] AuthenticationScheme: "Identity.Application" signed in.
2023-08-28 10:48:40.269 +02:00 [Information] User logged in.
2023-08-28 10:48:40.269 +02:00 [Information] Executed handler method "OnPostAsync", returned result "Microsoft.AspNetCore.Mvc.LocalRedirectResult".
2023-08-28 10:48:40.270 +02:00 [Information] Executing LocalRedirectResult, redirecting to "/Item/Delete/3".
2023-08-28 10:48:40.270 +02:00 [Information] Executed page "/Account/Login" in 69.9992ms
2023-08-28 10:48:40.270 +02:00 [Information] Executed endpoint '"/Account/Login"'
2023-08-28 10:48:40.270 +02:00 [Information] Request finished HTTP/1.1 POST https://localhost:7205/Identity/Account/Login?ReturnUrl=%2FItem%2FDelete%2F3 application/x-www-form-urlencoded 269 - 302 0 - 73.6655ms
2023-08-28 10:48:40.272 +02:00 [Information] Request starting HTTP/1.1 GET https://localhost:7205/Item/Delete/3 - -
2023-08-28 10:48:40.273 +02:00 [Warning] Error unprotecting the session cookie.
System.Security.Cryptography.CryptographicException: The payload was invalid. For more information go to http://aka.ms/dataprotectionwarning
   at Microsoft.AspNetCore.DataProtection.Managed.ManagedAuthenticatedEncryptor.Decrypt(ArraySegment`1 protectedPayload, ArraySegment`1 additionalAuthenticatedData)
   at Microsoft.AspNetCore.DataProtection.KeyManagement.KeyRingBasedDataProtector.UnprotectCore(Byte[] protectedData, Boolean allowOperationsOnRevokedKeys, UnprotectStatus& status)
   at Microsoft.AspNetCore.DataProtection.KeyManagement.KeyRingBasedDataProtector.Unprotect(Byte[] protectedData)
   at Microsoft.AspNetCore.Session.CookieProtection.Unprotect(IDataProtector protector, String protectedText, ILogger logger)
2023-08-28 10:48:40.274 +02:00 [Information] Executing endpoint '"MyShop.Controllers.ItemController.Delete (MyShop)"'
2023-08-28 10:48:40.275 +02:00 [Information] Route matched with "{action = \"Delete\", controller = \"Item\", page = \"\", area = \"\"}". Executing controller action with signature "System.Threading.Tasks.Task`1[Microsoft.AspNetCore.Mvc.IActionResult] Delete(Int32)" on controller "MyShop.Controllers.ItemController" ("MyShop").
2023-08-28 10:48:40.286 +02:00 [Information] Executing ViewResult, running view "Delete".
2023-08-28 10:48:40.289 +02:00 [Information] Executed ViewResult - view "Delete" executed in 3.3937ms.
2023-08-28 10:48:40.289 +02:00 [Information] Executed action "MyShop.Controllers.ItemController.Delete (MyShop)" in 13.8569ms
2023-08-28 10:48:40.289 +02:00 [Information] Executed endpoint '"MyShop.Controllers.ItemController.Delete (MyShop)"'
2023-08-28 10:48:40.289 +02:00 [Information] Request finished HTTP/1.1 GET https://localhost:7205/Item/Delete/3 - - - 200 - text/html;+charset=utf-8 17.5059ms
2023-08-28 10:48:41.616 +02:00 [Information] Request starting HTTP/1.1 GET https://localhost:7205/Item/Table - -
2023-08-28 10:48:41.617 +02:00 [Warning] Error unprotecting the session cookie.
System.Security.Cryptography.CryptographicException: The payload was invalid. For more information go to http://aka.ms/dataprotectionwarning
   at Microsoft.AspNetCore.DataProtection.Managed.ManagedAuthenticatedEncryptor.Decrypt(ArraySegment`1 protectedPayload, ArraySegment`1 additionalAuthenticatedData)
   at Microsoft.AspNetCore.DataProtection.KeyManagement.KeyRingBasedDataProtector.UnprotectCore(Byte[] protectedData, Boolean allowOperationsOnRevokedKeys, UnprotectStatus& status)
   at Microsoft.AspNetCore.DataProtection.KeyManagement.KeyRingBasedDataProtector.Unprotect(Byte[] protectedData)
   at Microsoft.AspNetCore.Session.CookieProtection.Unprotect(IDataProtector protector, String protectedText, ILogger logger)
2023-08-28 10:48:41.618 +02:00 [Information] Executing endpoint '"MyShop.Controllers.ItemController.Table (MyShop)"'
2023-08-28 10:48:41.618 +02:00 [Information] Route matched with "{action = \"Table\", controller = \"Item\", page = \"\", area = \"\"}". Executing controller action with signature "System.Threading.Tasks.Task`1[Microsoft.AspNetCore.Mvc.IActionResult] Table()" on controller "MyShop.Controllers.ItemController" ("MyShop").
2023-08-28 10:48:41.622 +02:00 [Information] Executing ViewResult, running view "Table".
2023-08-28 10:48:41.623 +02:00 [Information] Executed ViewResult - view "Table" executed in 1.4785ms.
2023-08-28 10:48:41.623 +02:00 [Information] Executed action "MyShop.Controllers.ItemController.Table (MyShop)" in 4.7698ms
2023-08-28 10:48:41.623 +02:00 [Information] Executed endpoint '"MyShop.Controllers.ItemController.Table (MyShop)"'
2023-08-28 10:48:41.623 +02:00 [Information] Request finished HTTP/1.1 GET https://localhost:7205/Item/Table - - - 200 - text/html;+charset=utf-8 7.6861ms
2023-08-28 10:48:44.650 +02:00 [Information] Request starting HTTP/1.1 GET https://localhost:7205/Item/Delete/4 - -
2023-08-28 10:48:44.652 +02:00 [Warning] Error unprotecting the session cookie.
System.Security.Cryptography.CryptographicException: The payload was invalid. For more information go to http://aka.ms/dataprotectionwarning
   at Microsoft.AspNetCore.DataProtection.Managed.ManagedAuthenticatedEncryptor.Decrypt(ArraySegment`1 protectedPayload, ArraySegment`1 additionalAuthenticatedData)
   at Microsoft.AspNetCore.DataProtection.KeyManagement.KeyRingBasedDataProtector.UnprotectCore(Byte[] protectedData, Boolean allowOperationsOnRevokedKeys, UnprotectStatus& status)
   at Microsoft.AspNetCore.DataProtection.KeyManagement.KeyRingBasedDataProtector.Unprotect(Byte[] protectedData)
   at Microsoft.AspNetCore.Session.CookieProtection.Unprotect(IDataProtector protector, String protectedText, ILogger logger)
2023-08-28 10:48:44.652 +02:00 [Information] Executing endpoint '"MyShop.Controllers.ItemController.Delete (MyShop)"'
2023-08-28 10:48:44.653 +02:00 [Information] Route matched with "{action = \"Delete\", controller = \"Item\", page = \"\", area = \"\"}". Executing controller action with signature "System.Threading.Tasks.Task`1[Microsoft.AspNetCore.Mvc.IActionResult] Delete(Int32)" on controller "MyShop.Controllers.ItemController" ("MyShop").
2023-08-28 10:48:44.657 +02:00 [Information] Executing ViewResult, running view "Delete".
2023-08-28 10:48:44.659 +02:00 [Information] Executed ViewResult - view "Delete" executed in 2.1423ms.
2023-08-28 10:48:44.659 +02:00 [Information] Executed action "MyShop.Controllers.ItemController.Delete (MyShop)" in 6.2049ms
2023-08-28 10:48:44.659 +02:00 [Information] Executed endpoint '"MyShop.Controllers.ItemController.Delete (MyShop)"'
2023-08-28 10:48:44.659 +02:00 [Information] Request finished HTTP/1.1 GET https://localhost:7205/Item/Delete/4 - - - 200 - text/html;+charset=utf-8 9.2598ms
2023-08-28 10:48:46.272 +02:00 [Information] Request starting HTTP/1.1 GET https://localhost:7205/Item/Table - -
2023-08-28 10:48:46.274 +02:00 [Warning] Error unprotecting the session cookie.
System.Security.Cryptography.CryptographicException: The payload was invalid. For more information go to http://aka.ms/dataprotectionwarning
   at Microsoft.AspNetCore.DataProtection.Managed.ManagedAuthenticatedEncryptor.Decrypt(ArraySegment`1 protectedPayload, ArraySegment`1 additionalAuthenticatedData)
   at Microsoft.AspNetCore.DataProtection.KeyManagement.KeyRingBasedDataProtector.UnprotectCore(Byte[] protectedData, Boolean allowOperationsOnRevokedKeys, UnprotectStatus& status)
   at Microsoft.AspNetCore.DataProtection.KeyManagement.KeyRingBasedDataProtector.Unprotect(Byte[] protectedData)
   at Microsoft.AspNetCore.Session.CookieProtection.Unprotect(IDataProtector protector, String protectedText, ILogger logger)
2023-08-28 10:48:46.275 +02:00 [Information] Executing endpoint '"MyShop.Controllers.ItemController.Table (MyShop)"'
2023-08-28 10:48:46.275 +02:00 [Information] Route matched with "{action = \"Table\", controller = \"Item\", page = \"\", area = \"\"}". Executing controller action with signature "System.Threading.Tasks.Task`1[Microsoft.AspNetCore.Mvc.IActionResult] Table()" on controller "MyShop.Controllers.ItemController" ("MyShop").
2023-08-28 10:48:46.278 +02:00 [Information] Executing ViewResult, running view "Table".
2023-08-28 10:48:46.279 +02:00 [Information] Executed ViewResult - view "Table" executed in 1.3602ms.
2023-08-28 10:48:46.280 +02:00 [Information] Executed action "MyShop.Controllers.ItemController.Table (MyShop)" in 4.086ms
2023-08-28 10:48:46.280 +02:00 [Information] Executed endpoint '"MyShop.Controllers.ItemController.Table (MyShop)"'
2023-08-28 10:48:46.280 +02:00 [Information] Request finished HTTP/1.1 GET https://localhost:7205/Item/Table - - - 200 - text/html;+charset=utf-8 7.2746ms
2023-08-28 10:49:54.038 +02:00 [Information] Request starting HTTP/1.1 GET https://localhost:7205/Item/Update/1 - -
2023-08-28 10:49:54.041 +02:00 [Warning] Error unprotecting the session cookie.
System.Security.Cryptography.CryptographicException: The payload was invalid. For more information go to http://aka.ms/dataprotectionwarning
   at Microsoft.AspNetCore.DataProtection.Managed.ManagedAuthenticatedEncryptor.Decrypt(ArraySegment`1 protectedPayload, ArraySegment`1 additionalAuthenticatedData)
   at Microsoft.AspNetCore.DataProtection.KeyManagement.KeyRingBasedDataProtector.UnprotectCore(Byte[] protectedData, Boolean allowOperationsOnRevokedKeys, UnprotectStatus& status)
   at Microsoft.AspNetCore.DataProtection.KeyManagement.KeyRingBasedDataProtector.Unprotect(Byte[] protectedData)
   at Microsoft.AspNetCore.Session.CookieProtection.Unprotect(IDataProtector protector, String protectedText, ILogger logger)
2023-08-28 10:49:54.064 +02:00 [Information] Executing endpoint '"MyShop.Controllers.ItemController.Update (MyShop)"'
2023-08-28 10:49:54.069 +02:00 [Information] Route matched with "{action = \"Update\", controller = \"Item\", page = \"\", area = \"\"}". Executing controller action with signature "System.Threading.Tasks.Task`1[Microsoft.AspNetCore.Mvc.IActionResult] Update(Int32)" on controller "MyShop.Controllers.ItemController" ("MyShop").
2023-08-28 10:49:54.075 +02:00 [Information] Executing ViewResult, running view "Update".
2023-08-28 10:49:54.103 +02:00 [Information] Executed ViewResult - view "Update" executed in 28.7728ms.
2023-08-28 10:49:54.103 +02:00 [Information] Executed action "MyShop.Controllers.ItemController.Update (MyShop)" in 33.9918ms
2023-08-28 10:49:54.103 +02:00 [Information] Executed endpoint '"MyShop.Controllers.ItemController.Update (MyShop)"'
2023-08-28 10:49:54.103 +02:00 [Information] Request finished HTTP/1.1 GET https://localhost:7205/Item/Update/1 - - - 200 - text/html;+charset=utf-8 65.1672ms
2023-08-28 10:49:54.865 +02:00 [Information] Request starting HTTP/1.1 POST https://localhost:7205/Item/Update/1 application/x-www-form-urlencoded 402
2023-08-28 10:49:54.867 +02:00 [Warning] Error unprotecting the session cookie.
System.Security.Cryptography.CryptographicException: The payload was invalid. For more information go to http://aka.ms/dataprotectionwarning
   at Microsoft.AspNetCore.DataProtection.Managed.ManagedAuthenticatedEncryptor.Decrypt(ArraySegment`1 protectedPayload, ArraySegment`1 additionalAuthenticatedData)
   at Microsoft.AspNetCore.DataProtection.KeyManagement.KeyRingBasedDataProtector.UnprotectCore(Byte[] protectedData, Boolean allowOperationsOnRevokedKeys, UnprotectStatus& status)
   at Microsoft.AspNetCore.DataProtection.KeyManagement.KeyRingBasedDataProtector.Unprotect(Byte[] protectedData)
   at Microsoft.AspNetCore.Session.CookieProtection.Unprotect(IDataProtector protector, String protectedText, ILogger logger)
2023-08-28 10:49:54.868 +02:00 [Information] Executing endpoint '"MyShop.Controllers.ItemController.Update (MyShop)"'
2023-08-28 10:49:54.876 +02:00 [Information] Route matched with "{action = \"Update\", controller = \"Item\", page = \"\", area = \"\"}". Executing controller action with signature "System.Threading.Tasks.Task`1[Microsoft.AspNetCore.Mvc.IActionResult] Update(MyShop.Models.Item)" on controller "MyShop.Controllers.ItemController" ("MyShop").
2023-08-28 10:49:54.953 +02:00 [Information] Executing RedirectResult, redirecting to "/Item/Table".
2023-08-28 10:49:54.953 +02:00 [Information] Executed action "MyShop.Controllers.ItemController.Update (MyShop)" in 76.688ms
2023-08-28 10:49:54.953 +02:00 [Information] Executed endpoint '"MyShop.Controllers.ItemController.Update (MyShop)"'
2023-08-28 10:49:54.953 +02:00 [Information] Request finished HTTP/1.1 POST https://localhost:7205/Item/Update/1 application/x-www-form-urlencoded 402 - 302 0 - 88.1901ms
2023-08-28 10:49:54.955 +02:00 [Information] Request starting HTTP/1.1 GET https://localhost:7205/Item/Table - -
2023-08-28 10:49:54.956 +02:00 [Warning] Error unprotecting the session cookie.
System.Security.Cryptography.CryptographicException: The payload was invalid. For more information go to http://aka.ms/dataprotectionwarning
   at Microsoft.AspNetCore.DataProtection.Managed.ManagedAuthenticatedEncryptor.Decrypt(ArraySegment`1 protectedPayload, ArraySegment`1 additionalAuthenticatedData)
   at Microsoft.AspNetCore.DataProtection.KeyManagement.KeyRingBasedDataProtector.UnprotectCore(Byte[] protectedData, Boolean allowOperationsOnRevokedKeys, UnprotectStatus& status)
   at Microsoft.AspNetCore.DataProtection.KeyManagement.KeyRingBasedDataProtector.Unprotect(Byte[] protectedData)
   at Microsoft.AspNetCore.Session.CookieProtection.Unprotect(IDataProtector protector, String protectedText, ILogger logger)
2023-08-28 10:49:54.956 +02:00 [Information] Executing endpoint '"MyShop.Controllers.ItemController.Table (MyShop)"'
2023-08-28 10:49:54.956 +02:00 [Information] Route matched with "{action = \"Table\", controller = \"Item\", page = \"\", area = \"\"}". Executing controller action with signature "System.Threading.Tasks.Task`1[Microsoft.AspNetCore.Mvc.IActionResult] Table()" on controller "MyShop.Controllers.ItemController" ("MyShop").
2023-08-28 10:49:54.957 +02:00 [Information] Executing ViewResult, running view "Table".
2023-08-28 10:49:54.958 +02:00 [Information] Executed ViewResult - view "Table" executed in 0.5137ms.
2023-08-28 10:49:54.958 +02:00 [Information] Executed action "MyShop.Controllers.ItemController.Table (MyShop)" in 1.6096ms
2023-08-28 10:49:54.958 +02:00 [Information] Executed endpoint '"MyShop.Controllers.ItemController.Table (MyShop)"'
2023-08-28 10:49:54.958 +02:00 [Information] Request finished HTTP/1.1 GET https://localhost:7205/Item/Table - - - 200 - text/html;+charset=utf-8 3.2910ms
2023-08-28 10:50:03.200 +02:00 [Information] Request starting HTTP/1.1 GET https://localhost:7205/Item/Update/1 - -
2023-08-28 10:50:03.203 +02:00 [Warning] Error unprotecting the session cookie.
System.Security.Cryptography.CryptographicException: The payload was invalid. For more information go to http://aka.ms/dataprotectionwarning
   at Microsoft.AspNetCore.DataProtection.Managed.ManagedAuthenticatedEncryptor.Decrypt(ArraySegment`1 protectedPayload, ArraySegment`1 additionalAuthenticatedData)
   at Microsoft.AspNetCore.DataProtection.KeyManagement.KeyRingBasedDataProtector.UnprotectCore(Byte[] protectedData, Boolean allowOperationsOnRevokedKeys, UnprotectStatus& status)
   at Microsoft.AspNetCore.DataProtection.KeyManagement.KeyRingBasedDataProtector.Unprotect(Byte[] protectedData)
   at Microsoft.AspNetCore.Session.CookieProtection.Unprotect(IDataProtector protector, String protectedText, ILogger logger)
2023-08-28 10:50:03.204 +02:00 [Information] Executing endpoint '"MyShop.Controllers.ItemController.Update (MyShop)"'
2023-08-28 10:50:03.205 +02:00 [Information] Route matched with "{action = \"Update\", controller = \"Item\", page = \"\", area = \"\"}". Executing controller action with signature "System.Threading.Tasks.Task`1[Microsoft.AspNetCore.Mvc.IActionResult] Update(Int32)" on controller "MyShop.Controllers.ItemController" ("MyShop").
2023-08-28 10:50:03.209 +02:00 [Information] Executing ViewResult, running view "Update".
2023-08-28 10:50:03.211 +02:00 [Information] Executed ViewResult - view "Update" executed in 2.184ms.
2023-08-28 10:50:03.211 +02:00 [Information] Executed action "MyShop.Controllers.ItemController.Update (MyShop)" in 6.8338ms
2023-08-28 10:50:03.211 +02:00 [Information] Executed endpoint '"MyShop.Controllers.ItemController.Update (MyShop)"'
2023-08-28 10:50:03.212 +02:00 [Information] Request finished HTTP/1.1 GET https://localhost:7205/Item/Update/1 - - - 200 - text/html;+charset=utf-8 11.4707ms
2023-08-28 10:50:06.747 +02:00 [Information] Request starting HTTP/1.1 POST https://localhost:7205/Item/Update/1 application/x-www-form-urlencoded 403
2023-08-28 10:50:06.750 +02:00 [Warning] Error unprotecting the session cookie.
System.Security.Cryptography.CryptographicException: The payload was invalid. For more information go to http://aka.ms/dataprotectionwarning
   at Microsoft.AspNetCore.DataProtection.Managed.ManagedAuthenticatedEncryptor.Decrypt(ArraySegment`1 protectedPayload, ArraySegment`1 additionalAuthenticatedData)
   at Microsoft.AspNetCore.DataProtection.KeyManagement.KeyRingBasedDataProtector.UnprotectCore(Byte[] protectedData, Boolean allowOperationsOnRevokedKeys, UnprotectStatus& status)
   at Microsoft.AspNetCore.DataProtection.KeyManagement.KeyRingBasedDataProtector.Unprotect(Byte[] protectedData)
   at Microsoft.AspNetCore.Session.CookieProtection.Unprotect(IDataProtector protector, String protectedText, ILogger logger)
2023-08-28 10:50:06.751 +02:00 [Information] Executing endpoint '"MyShop.Controllers.ItemController.Update (MyShop)"'
2023-08-28 10:50:06.751 +02:00 [Information] Route matched with "{action = \"Update\", controller = \"Item\", page = \"\", area = \"\"}". Executing controller action with signature "System.Threading.Tasks.Task`1[Microsoft.AspNetCore.Mvc.IActionResult] Update(MyShop.Models.Item)" on controller "MyShop.Controllers.ItemController" ("MyShop").
2023-08-28 10:50:06.757 +02:00 [Information] Executing RedirectResult, redirecting to "/Item/Table".
2023-08-28 10:50:06.757 +02:00 [Information] Executed action "MyShop.Controllers.ItemController.Update (MyShop)" in 6.1492ms
2023-08-28 10:50:06.757 +02:00 [Information] Executed endpoint '"MyShop.Controllers.ItemController.Update (MyShop)"'
2023-08-28 10:50:06.757 +02:00 [Information] Request finished HTTP/1.1 POST https://localhost:7205/Item/Update/1 application/x-www-form-urlencoded 403 - 302 0 - 10.1385ms
2023-08-28 10:50:06.760 +02:00 [Information] Request starting HTTP/1.1 GET https://localhost:7205/Item/Table - -
2023-08-28 10:50:06.762 +02:00 [Warning] Error unprotecting the session cookie.
System.Security.Cryptography.CryptographicException: The payload was invalid. For more information go to http://aka.ms/dataprotectionwarning
   at Microsoft.AspNetCore.DataProtection.Managed.ManagedAuthenticatedEncryptor.Decrypt(ArraySegment`1 protectedPayload, ArraySegment`1 additionalAuthenticatedData)
   at Microsoft.AspNetCore.DataProtection.KeyManagement.KeyRingBasedDataProtector.UnprotectCore(Byte[] protectedData, Boolean allowOperationsOnRevokedKeys, UnprotectStatus& status)
   at Microsoft.AspNetCore.DataProtection.KeyManagement.KeyRingBasedDataProtector.Unprotect(Byte[] protectedData)
   at Microsoft.AspNetCore.Session.CookieProtection.Unprotect(IDataProtector protector, String protectedText, ILogger logger)
2023-08-28 10:50:06.763 +02:00 [Information] Executing endpoint '"MyShop.Controllers.ItemController.Table (MyShop)"'
2023-08-28 10:50:06.764 +02:00 [Information] Route matched with "{action = \"Table\", controller = \"Item\", page = \"\", area = \"\"}". Executing controller action with signature "System.Threading.Tasks.Task`1[Microsoft.AspNetCore.Mvc.IActionResult] Table()" on controller "MyShop.Controllers.ItemController" ("MyShop").
2023-08-28 10:50:06.767 +02:00 [Information] Executing ViewResult, running view "Table".
2023-08-28 10:50:06.768 +02:00 [Information] Executed ViewResult - view "Table" executed in 1.4849ms.
2023-08-28 10:50:06.768 +02:00 [Information] Executed action "MyShop.Controllers.ItemController.Table (MyShop)" in 4.5807ms
2023-08-28 10:50:06.768 +02:00 [Information] Executed endpoint '"MyShop.Controllers.ItemController.Table (MyShop)"'
2023-08-28 10:50:06.768 +02:00 [Information] Request finished HTTP/1.1 GET https://localhost:7205/Item/Table - - - 200 - text/html;+charset=utf-8 8.4104ms
2023-08-28 10:55:18.379 +02:00 [Information] Request starting HTTP/1.1 GET https://localhost:7205/Item/Table - -
2023-08-28 10:55:18.406 +02:00 [Warning] Error unprotecting the session cookie.
System.Security.Cryptography.CryptographicException: The payload was invalid. For more information go to http://aka.ms/dataprotectionwarning
   at Microsoft.AspNetCore.DataProtection.Managed.ManagedAuthenticatedEncryptor.Decrypt(ArraySegment`1 protectedPayload, ArraySegment`1 additionalAuthenticatedData)
   at Microsoft.AspNetCore.DataProtection.KeyManagement.KeyRingBasedDataProtector.UnprotectCore(Byte[] protectedData, Boolean allowOperationsOnRevokedKeys, UnprotectStatus& status)
   at Microsoft.AspNetCore.DataProtection.KeyManagement.KeyRingBasedDataProtector.Unprotect(Byte[] protectedData)
   at Microsoft.AspNetCore.Session.CookieProtection.Unprotect(IDataProtector protector, String protectedText, ILogger logger)
2023-08-28 10:55:18.408 +02:00 [Information] Executing endpoint '"MyShop.Controllers.ItemController.Table (MyShop)"'
2023-08-28 10:55:18.409 +02:00 [Information] Route matched with "{action = \"Table\", controller = \"Item\", page = \"\", area = \"\"}". Executing controller action with signature "System.Threading.Tasks.Task`1[Microsoft.AspNetCore.Mvc.IActionResult] Table()" on controller "MyShop.Controllers.ItemController" ("MyShop").
2023-08-28 10:55:18.416 +02:00 [Information] Executing ViewResult, running view "Table".
2023-08-28 10:55:18.419 +02:00 [Information] Executed ViewResult - view "Table" executed in 2.3459ms.
2023-08-28 10:55:18.419 +02:00 [Information] Executed action "MyShop.Controllers.ItemController.Table (MyShop)" in 9.6772ms
2023-08-28 10:55:18.419 +02:00 [Information] Executed endpoint '"MyShop.Controllers.ItemController.Table (MyShop)"'
2023-08-28 10:55:18.419 +02:00 [Information] Request finished HTTP/1.1 GET https://localhost:7205/Item/Table - - - 200 - text/html;+charset=utf-8 89.2506ms
2023-08-28 10:55:44.585 +02:00 [Information] Request starting HTTP/1.1 POST https://localhost:7205/Identity/Account/Logout?returnUrl=%2F application/x-www-form-urlencoded 225
2023-08-28 10:55:44.588 +02:00 [Warning] Error unprotecting the session cookie.
System.Security.Cryptography.CryptographicException: The payload was invalid. For more information go to http://aka.ms/dataprotectionwarning
   at Microsoft.AspNetCore.DataProtection.Managed.ManagedAuthenticatedEncryptor.Decrypt(ArraySegment`1 protectedPayload, ArraySegment`1 additionalAuthenticatedData)
   at Microsoft.AspNetCore.DataProtection.KeyManagement.KeyRingBasedDataProtector.UnprotectCore(Byte[] protectedData, Boolean allowOperationsOnRevokedKeys, UnprotectStatus& status)
   at Microsoft.AspNetCore.DataProtection.KeyManagement.KeyRingBasedDataProtector.Unprotect(Byte[] protectedData)
   at Microsoft.AspNetCore.Session.CookieProtection.Unprotect(IDataProtector protector, String protectedText, ILogger logger)
2023-08-28 10:55:44.589 +02:00 [Information] Executing endpoint '"/Account/Logout"'
2023-08-28 10:55:44.590 +02:00 [Information] Route matched with "{page = \"/Account/Logout\", area = \"Identity\", action = \"\", controller = \"\"}". Executing page "/Account/Logout"
2023-08-28 10:55:44.591 +02:00 [Information] Executing handler method "MyShop.Areas.Identity.Pages.Account.LogoutModel.OnPost" - ModelState is Valid
2023-08-28 10:55:44.591 +02:00 [Information] AuthenticationScheme: "Identity.Application" signed out.
2023-08-28 10:55:44.591 +02:00 [Information] AuthenticationScheme: "Identity.External" signed out.
2023-08-28 10:55:44.591 +02:00 [Information] AuthenticationScheme: "Identity.TwoFactorUserId" signed out.
2023-08-28 10:55:44.593 +02:00 [Information] User logged out.
2023-08-28 10:55:44.593 +02:00 [Information] Executed handler method "OnPost", returned result "Microsoft.AspNetCore.Mvc.LocalRedirectResult".
2023-08-28 10:55:44.593 +02:00 [Information] Executing LocalRedirectResult, redirecting to "/".
2023-08-28 10:55:44.593 +02:00 [Information] Executed page "/Account/Logout" in 3.3552ms
2023-08-28 10:55:44.593 +02:00 [Information] Executed endpoint '"/Account/Logout"'
2023-08-28 10:55:44.593 +02:00 [Information] Request finished HTTP/1.1 POST https://localhost:7205/Identity/Account/Logout?returnUrl=%2F application/x-www-form-urlencoded 225 - 302 0 - 7.9835ms
2023-08-28 10:55:44.596 +02:00 [Information] Request starting HTTP/1.1 GET https://localhost:7205/ - -
2023-08-28 10:55:44.598 +02:00 [Warning] Error unprotecting the session cookie.
System.Security.Cryptography.CryptographicException: The payload was invalid. For more information go to http://aka.ms/dataprotectionwarning
   at Microsoft.AspNetCore.DataProtection.Managed.ManagedAuthenticatedEncryptor.Decrypt(ArraySegment`1 protectedPayload, ArraySegment`1 additionalAuthenticatedData)
   at Microsoft.AspNetCore.DataProtection.KeyManagement.KeyRingBasedDataProtector.UnprotectCore(Byte[] protectedData, Boolean allowOperationsOnRevokedKeys, UnprotectStatus& status)
   at Microsoft.AspNetCore.DataProtection.KeyManagement.KeyRingBasedDataProtector.Unprotect(Byte[] protectedData)
   at Microsoft.AspNetCore.Session.CookieProtection.Unprotect(IDataProtector protector, String protectedText, ILogger logger)
2023-08-28 10:55:44.599 +02:00 [Information] Executing endpoint '"MyShop.Controllers.HomeController.Index (MyShop)"'
2023-08-28 10:55:44.599 +02:00 [Information] Route matched with "{action = \"Index\", controller = \"Home\", page = \"\", area = \"\"}". Executing controller action with signature "Microsoft.AspNetCore.Mvc.IActionResult Index()" on controller "MyShop.Controllers.HomeController" ("MyShop").
2023-08-28 10:55:44.599 +02:00 [Information] Executing ViewResult, running view "Index".
2023-08-28 10:55:44.600 +02:00 [Information] Executed ViewResult - view "Index" executed in 1.1876ms.
2023-08-28 10:55:44.600 +02:00 [Information] Executed action "MyShop.Controllers.HomeController.Index (MyShop)" in 1.3547ms
2023-08-28 10:55:44.600 +02:00 [Information] Executed endpoint '"MyShop.Controllers.HomeController.Index (MyShop)"'
2023-08-28 10:55:44.600 +02:00 [Information] Request finished HTTP/1.1 GET https://localhost:7205/ - - - 200 - text/html;+charset=utf-8 4.4647ms
2023-08-28 10:55:45.557 +02:00 [Information] Request starting HTTP/1.1 GET https://localhost:7205/Identity/Account/Register - -
2023-08-28 10:55:45.559 +02:00 [Warning] Error unprotecting the session cookie.
System.Security.Cryptography.CryptographicException: The payload was invalid. For more information go to http://aka.ms/dataprotectionwarning
   at Microsoft.AspNetCore.DataProtection.Managed.ManagedAuthenticatedEncryptor.Decrypt(ArraySegment`1 protectedPayload, ArraySegment`1 additionalAuthenticatedData)
   at Microsoft.AspNetCore.DataProtection.KeyManagement.KeyRingBasedDataProtector.UnprotectCore(Byte[] protectedData, Boolean allowOperationsOnRevokedKeys, UnprotectStatus& status)
   at Microsoft.AspNetCore.DataProtection.KeyManagement.KeyRingBasedDataProtector.Unprotect(Byte[] protectedData)
   at Microsoft.AspNetCore.Session.CookieProtection.Unprotect(IDataProtector protector, String protectedText, ILogger logger)
2023-08-28 10:55:45.559 +02:00 [Information] Executing endpoint '"/Account/Register"'
2023-08-28 10:55:45.565 +02:00 [Information] Route matched with "{page = \"/Account/Register\", area = \"Identity\", action = \"\", controller = \"\"}". Executing page "/Account/Register"
2023-08-28 10:55:45.567 +02:00 [Information] Executing handler method "MyShop.Areas.Identity.Pages.Account.RegisterModel.OnGetAsync" - ModelState is Valid
2023-08-28 10:55:45.568 +02:00 [Information] Executed handler method "OnGetAsync", returned result "".
2023-08-28 10:55:45.568 +02:00 [Information] Executing an implicit handler method - ModelState is Valid
2023-08-28 10:55:45.568 +02:00 [Information] Executed an implicit handler method, returned result "Microsoft.AspNetCore.Mvc.RazorPages.PageResult".
2023-08-28 10:55:45.590 +02:00 [Information] Executed page "/Account/Register" in 24.3207ms
2023-08-28 10:55:45.590 +02:00 [Information] Executed endpoint '"/Account/Register"'
2023-08-28 10:55:45.590 +02:00 [Information] Request finished HTTP/1.1 GET https://localhost:7205/Identity/Account/Register - - - 200 - text/html;+charset=utf-8 33.4798ms
