2023-10-21 13:35:29.400 +02:00 [Information] User profile is available. Using '"C:\Users\47925\AppData\Local\ASP.NET\DataProtection-Keys"' as key repository and Windows DPAPI to encrypt keys at rest.
2023-10-21 13:35:30.448 +02:00 [Information] Now listening on: "https://localhost:7205"
2023-10-21 13:35:30.451 +02:00 [Information] Now listening on: "http://localhost:5112"
2023-10-21 13:35:30.467 +02:00 [Information] Application started. Press Ctrl+C to shut down.
2023-10-21 13:35:30.472 +02:00 [Information] Hosting environment: "Development"
2023-10-21 13:35:30.475 +02:00 [Information] Content root path: "C:\Users\47925\OneDrive - OsloMet\Skrivebord\webapp\MyShop-13-Security\MyShop\"
2023-10-21 13:35:32.668 +02:00 [Information] Request starting HTTP/2 GET https://localhost:7205/ - -
2023-10-21 13:35:32.933 +02:00 [Information] "Identity.Application" was not authenticated. Failure message: "Unprotect ticket failed"
2023-10-21 13:35:32.938 +02:00 [Information] "Identity.Application" was not authenticated. Failure message: "Unprotect ticket failed"
2023-10-21 13:35:32.945 +02:00 [Information] Executing endpoint '"MyShop.Controllers.HomeController.Index (MyShop)"'
2023-10-21 13:35:32.965 +02:00 [Information] Route matched with "{action = \"Index\", controller = \"Home\", page = \"\", area = \"\"}". Executing controller action with signature "Microsoft.AspNetCore.Mvc.IActionResult Index()" on controller "MyShop.Controllers.HomeController" ("MyShop").
2023-10-21 13:35:32.990 +02:00 [Information] Executing ViewResult, running view "Index".
2023-10-21 13:35:33.591 +02:00 [Information] Executed ViewResult - view "Index" executed in 604.2666ms.
2023-10-21 13:35:33.604 +02:00 [Information] Executed action "MyShop.Controllers.HomeController.Index (MyShop)" in 637.4017ms
2023-10-21 13:35:33.606 +02:00 [Information] Executed endpoint '"MyShop.Controllers.HomeController.Index (MyShop)"'
2023-10-21 13:35:33.708 +02:00 [Information] Request starting HTTP/2 GET https://localhost:7205/lib/jquery/jquery.js - -
2023-10-21 13:35:33.708 +02:00 [Information] Request starting HTTP/2 GET https://localhost:7205/lib/bootstrap/js/bootstrap.js - -
2023-10-21 13:35:33.734 +02:00 [Information] Request starting HTTP/2 GET https://localhost:7205/lib/jquery-validate/jquery.validate.js - -
2023-10-21 13:35:33.747 +02:00 [Information] Request starting HTTP/2 GET https://localhost:7205/lib/jquery-validation-unobtrusive/jquery.validate.unobtrusive.js - -
2023-10-21 13:35:33.748 +02:00 [Information] Request starting HTTP/2 GET https://localhost:7205/images/fishandchips.jpg - -
2023-10-21 13:35:33.751 +02:00 [Information] Request starting HTTP/2 GET https://localhost:7205/images/pizza.jpg - -
2023-10-21 13:35:33.755 +02:00 [Information] Request finished HTTP/2 GET https://localhost:7205/ - - - 200 - text/html;+charset=utf-8 1092.4598ms
2023-10-21 13:35:33.781 +02:00 [Information] The file "/images/fishandchips.jpg" was not modified
2023-10-21 13:35:33.781 +02:00 [Information] The file "/images/pizza.jpg" was not modified
2023-10-21 13:35:33.781 +02:00 [Information] The file "/lib/jquery-validate/jquery.validate.js" was not modified
2023-10-21 13:35:33.781 +02:00 [Information] The file "/lib/jquery-validation-unobtrusive/jquery.validate.unobtrusive.js" was not modified
2023-10-21 13:35:33.781 +02:00 [Information] The file "/lib/bootstrap/js/bootstrap.js" was not modified
2023-10-21 13:35:33.781 +02:00 [Information] The file "/lib/jquery/jquery.js" was not modified
2023-10-21 13:35:33.782 +02:00 [Information] Request finished HTTP/2 GET https://localhost:7205/lib/jquery/jquery.js - - - 304 - application/javascript 74.3711ms
2023-10-21 13:35:33.782 +02:00 [Information] Request finished HTTP/2 GET https://localhost:7205/lib/bootstrap/js/bootstrap.js - - - 304 - application/javascript 74.3710ms
2023-10-21 13:35:33.782 +02:00 [Information] Request finished HTTP/2 GET https://localhost:7205/lib/jquery-validate/jquery.validate.js - - - 304 - application/javascript 48.2347ms
2023-10-21 13:35:33.782 +02:00 [Information] Request finished HTTP/2 GET https://localhost:7205/lib/jquery-validation-unobtrusive/jquery.validate.unobtrusive.js - - - 304 - application/javascript 34.9988ms
2023-10-21 13:35:33.782 +02:00 [Information] Request finished HTTP/2 GET https://localhost:7205/images/fishandchips.jpg - - - 304 - image/jpeg 34.5589ms
2023-10-21 13:35:33.782 +02:00 [Information] Request finished HTTP/2 GET https://localhost:7205/images/pizza.jpg - - - 304 - image/jpeg 31.2093ms
2023-10-21 13:35:33.801 +02:00 [Information] Request starting HTTP/2 GET https://localhost:7205/images/tacos.jpg - -
2023-10-21 13:35:33.801 +02:00 [Information] Request starting HTTP/2 GET https://localhost:7205/_framework/aspnetcore-browser-refresh.js - -
2023-10-21 13:35:33.803 +02:00 [Information] The file "/images/tacos.jpg" was not modified
2023-10-21 13:35:33.803 +02:00 [Information] Request finished HTTP/2 GET https://localhost:7205/images/tacos.jpg - - - 304 - image/jpeg 2.3514ms
2023-10-21 13:35:33.812 +02:00 [Information] Request starting HTTP/2 GET https://localhost:7205/_vs/browserLink - -
2023-10-21 13:35:33.812 +02:00 [Information] Request finished HTTP/2 GET https://localhost:7205/_framework/aspnetcore-browser-refresh.js - - - 200 12344 application/javascript;+charset=utf-8 11.2542ms
2023-10-21 13:35:33.928 +02:00 [Information] Request finished HTTP/2 GET https://localhost:7205/_vs/browserLink - - - 200 - text/javascript;+charset=UTF-8 115.8923ms
2023-10-21 13:35:34.065 +02:00 [Information] Request starting HTTP/2 GET https://localhost:7205/favicon.ico - -
2023-10-21 13:35:34.069 +02:00 [Information] "Identity.Application" was not authenticated. Failure message: "Unprotect ticket failed"
2023-10-21 13:35:34.069 +02:00 [Information] "Identity.Application" was not authenticated. Failure message: "Unprotect ticket failed"
2023-10-21 13:35:34.070 +02:00 [Information] Request finished HTTP/2 GET https://localhost:7205/favicon.ico - - - 404 0 - 5.6333ms
2023-10-21 13:35:43.871 +02:00 [Information] Request starting HTTP/2 GET https://localhost:7205/Identity/Account/Register - -
2023-10-21 13:35:43.875 +02:00 [Information] "Identity.Application" was not authenticated. Failure message: "Unprotect ticket failed"
2023-10-21 13:35:43.875 +02:00 [Information] "Identity.Application" was not authenticated. Failure message: "Unprotect ticket failed"
2023-10-21 13:35:43.875 +02:00 [Information] Executing endpoint '"/Account/Register"'
2023-10-21 13:35:43.915 +02:00 [Information] Route matched with "{page = \"/Account/Register\", area = \"Identity\", action = \"\", controller = \"\"}". Executing page "/Account/Register"
2023-10-21 13:35:43.947 +02:00 [Information] Executing handler method "MyShop.Areas.Identity.Pages.Account.RegisterModel.OnGetAsync" - ModelState is Valid
2023-10-21 13:35:43.952 +02:00 [Information] Executed handler method "OnGetAsync", returned result "".
2023-10-21 13:35:43.958 +02:00 [Information] Executing an implicit handler method - ModelState is Valid
2023-10-21 13:35:43.958 +02:00 [Information] Executed an implicit handler method, returned result "Microsoft.AspNetCore.Mvc.RazorPages.PageResult".
2023-10-21 13:35:44.040 +02:00 [Information] Executed page "/Account/Register" in 124.7641ms
2023-10-21 13:35:44.040 +02:00 [Information] Executed endpoint '"/Account/Register"'
2023-10-21 13:35:44.045 +02:00 [Information] Request finished HTTP/2 GET https://localhost:7205/Identity/Account/Register - - - 200 - text/html;+charset=utf-8 174.3212ms
2023-10-21 13:35:44.067 +02:00 [Information] Request starting HTTP/2 GET https://localhost:7205/_framework/aspnetcore-browser-refresh.js - -
2023-10-21 13:35:44.068 +02:00 [Information] Request finished HTTP/2 GET https://localhost:7205/_framework/aspnetcore-browser-refresh.js - - - 200 12344 application/javascript;+charset=utf-8 1.4711ms
2023-10-21 13:35:44.092 +02:00 [Information] Request starting HTTP/2 GET https://localhost:7205/_vs/browserLink - -
2023-10-21 13:35:44.111 +02:00 [Information] Request finished HTTP/2 GET https://localhost:7205/_vs/browserLink - - - 200 - text/javascript;+charset=UTF-8 18.0212ms
2023-10-21 13:35:47.398 +02:00 [Information] Request starting HTTP/2 GET https://localhost:7205/ - -
2023-10-21 13:35:47.399 +02:00 [Information] "Identity.Application" was not authenticated. Failure message: "Unprotect ticket failed"
2023-10-21 13:35:47.399 +02:00 [Information] "Identity.Application" was not authenticated. Failure message: "Unprotect ticket failed"
2023-10-21 13:35:47.399 +02:00 [Information] Executing endpoint '"MyShop.Controllers.HomeController.Index (MyShop)"'
2023-10-21 13:35:47.400 +02:00 [Information] Route matched with "{action = \"Index\", controller = \"Home\", page = \"\", area = \"\"}". Executing controller action with signature "Microsoft.AspNetCore.Mvc.IActionResult Index()" on controller "MyShop.Controllers.HomeController" ("MyShop").
2023-10-21 13:35:47.400 +02:00 [Information] Executing ViewResult, running view "Index".
2023-10-21 13:35:47.421 +02:00 [Information] Executed ViewResult - view "Index" executed in 21.0342ms.
2023-10-21 13:35:47.422 +02:00 [Information] Executed action "MyShop.Controllers.HomeController.Index (MyShop)" in 21.7552ms
2023-10-21 13:35:47.422 +02:00 [Information] Executed endpoint '"MyShop.Controllers.HomeController.Index (MyShop)"'
2023-10-21 13:35:47.425 +02:00 [Information] Request finished HTTP/2 GET https://localhost:7205/ - - - 200 - text/html;+charset=utf-8 27.7079ms
2023-10-21 13:35:47.436 +02:00 [Information] Request starting HTTP/2 GET https://localhost:7205/_vs/browserLink - -
2023-10-21 13:35:47.440 +02:00 [Information] Request starting HTTP/2 GET https://localhost:7205/_framework/aspnetcore-browser-refresh.js - -
2023-10-21 13:35:47.440 +02:00 [Information] Request finished HTTP/2 GET https://localhost:7205/_framework/aspnetcore-browser-refresh.js - - - 200 12344 application/javascript;+charset=utf-8 0.4792ms
2023-10-21 13:35:47.443 +02:00 [Information] Request finished HTTP/2 GET https://localhost:7205/_vs/browserLink - - - 200 - text/javascript;+charset=UTF-8 7.4356ms
2023-10-21 13:35:55.458 +02:00 [Information] Request starting HTTP/2 GET https://localhost:7205/Identity/Account/Register - -
2023-10-21 13:35:55.467 +02:00 [Information] "Identity.Application" was not authenticated. Failure message: "Unprotect ticket failed"
2023-10-21 13:35:55.467 +02:00 [Information] "Identity.Application" was not authenticated. Failure message: "Unprotect ticket failed"
2023-10-21 13:35:55.467 +02:00 [Information] Executing endpoint '"/Account/Register"'
2023-10-21 13:35:55.468 +02:00 [Information] Route matched with "{page = \"/Account/Register\", area = \"Identity\", action = \"\", controller = \"\"}". Executing page "/Account/Register"
2023-10-21 13:35:55.469 +02:00 [Information] Executing handler method "MyShop.Areas.Identity.Pages.Account.RegisterModel.OnGetAsync" - ModelState is Valid
2023-10-21 13:35:55.469 +02:00 [Information] Executed handler method "OnGetAsync", returned result "".
2023-10-21 13:35:55.469 +02:00 [Information] Executing an implicit handler method - ModelState is Valid
2023-10-21 13:35:55.469 +02:00 [Information] Executed an implicit handler method, returned result "Microsoft.AspNetCore.Mvc.RazorPages.PageResult".
2023-10-21 13:35:55.486 +02:00 [Information] Executed page "/Account/Register" in 18.0361ms
2023-10-21 13:35:55.486 +02:00 [Information] Executed endpoint '"/Account/Register"'
2023-10-21 13:35:55.489 +02:00 [Information] Request finished HTTP/2 GET https://localhost:7205/Identity/Account/Register - - - 200 - text/html;+charset=utf-8 30.9399ms
2023-10-21 13:35:55.496 +02:00 [Information] Request starting HTTP/2 GET https://localhost:7205/_vs/browserLink - -
2023-10-21 13:35:55.498 +02:00 [Information] Request starting HTTP/2 GET https://localhost:7205/_framework/aspnetcore-browser-refresh.js - -
2023-10-21 13:35:55.498 +02:00 [Information] Request finished HTTP/2 GET https://localhost:7205/_framework/aspnetcore-browser-refresh.js - - - 200 12344 application/javascript;+charset=utf-8 0.6527ms
2023-10-21 13:35:55.504 +02:00 [Information] Request finished HTTP/2 GET https://localhost:7205/_vs/browserLink - - - 200 - text/javascript;+charset=UTF-8 8.1213ms
2023-10-21 13:36:11.232 +02:00 [Information] Request starting HTTP/2 POST https://localhost:7205/Identity/Account/Register application/x-www-form-urlencoded 275
2023-10-21 13:36:11.238 +02:00 [Information] "Identity.Application" was not authenticated. Failure message: "Unprotect ticket failed"
2023-10-21 13:36:11.238 +02:00 [Information] "Identity.Application" was not authenticated. Failure message: "Unprotect ticket failed"
2023-10-21 13:36:11.238 +02:00 [Information] Executing endpoint '"/Account/Register"'
2023-10-21 13:36:11.238 +02:00 [Information] Route matched with "{page = \"/Account/Register\", area = \"Identity\", action = \"\", controller = \"\"}". Executing page "/Account/Register"
2023-10-21 13:36:11.276 +02:00 [Information] Executing handler method "MyShop.Areas.Identity.Pages.Account.RegisterModel.OnPostAsync" - ModelState is Valid
2023-10-21 13:36:11.316 +02:00 [Warning] User password validation failed: "PasswordRequiresNonAlphanumeric;PasswordRequiresLower;PasswordRequiresUpper".
2023-10-21 13:36:11.319 +02:00 [Information] Executed handler method "OnPostAsync", returned result "Microsoft.AspNetCore.Mvc.RazorPages.PageResult".
2023-10-21 13:36:11.337 +02:00 [Information] Executed page "/Account/Register" in 98.721ms
2023-10-21 13:36:11.337 +02:00 [Information] Executed endpoint '"/Account/Register"'
2023-10-21 13:36:11.351 +02:00 [Information] Request finished HTTP/2 POST https://localhost:7205/Identity/Account/Register application/x-www-form-urlencoded 275 - 200 - text/html;+charset=utf-8 118.8012ms
2023-10-21 13:36:11.365 +02:00 [Information] Request starting HTTP/2 GET https://localhost:7205/_framework/aspnetcore-browser-refresh.js - -
2023-10-21 13:36:11.365 +02:00 [Information] Request starting HTTP/2 GET https://localhost:7205/_vs/browserLink - -
2023-10-21 13:36:11.365 +02:00 [Information] Request finished HTTP/2 GET https://localhost:7205/_framework/aspnetcore-browser-refresh.js - - - 200 12344 application/javascript;+charset=utf-8 0.8015ms
2023-10-21 13:36:11.371 +02:00 [Information] Request finished HTTP/2 GET https://localhost:7205/_vs/browserLink - - - 200 - text/javascript;+charset=UTF-8 6.5180ms
2023-10-21 13:36:23.944 +02:00 [Information] Request starting HTTP/2 POST https://localhost:7205/Identity/Account/Register application/x-www-form-urlencoded 275
2023-10-21 13:36:23.946 +02:00 [Information] "Identity.Application" was not authenticated. Failure message: "Unprotect ticket failed"
2023-10-21 13:36:23.946 +02:00 [Information] "Identity.Application" was not authenticated. Failure message: "Unprotect ticket failed"
2023-10-21 13:36:23.946 +02:00 [Information] Executing endpoint '"/Account/Register"'
2023-10-21 13:36:23.946 +02:00 [Information] Route matched with "{page = \"/Account/Register\", area = \"Identity\", action = \"\", controller = \"\"}". Executing page "/Account/Register"
2023-10-21 13:36:23.948 +02:00 [Information] Executing handler method "MyShop.Areas.Identity.Pages.Account.RegisterModel.OnPostAsync" - ModelState is Valid
2023-10-21 13:36:23.953 +02:00 [Warning] User password validation failed: "PasswordRequiresNonAlphanumeric;PasswordRequiresLower;PasswordRequiresUpper".
2023-10-21 13:36:23.953 +02:00 [Information] Executed handler method "OnPostAsync", returned result "Microsoft.AspNetCore.Mvc.RazorPages.PageResult".
2023-10-21 13:36:23.969 +02:00 [Information] Executed page "/Account/Register" in 22.3081ms
2023-10-21 13:36:23.969 +02:00 [Information] Executed endpoint '"/Account/Register"'
2023-10-21 13:36:23.974 +02:00 [Information] Request finished HTTP/2 POST https://localhost:7205/Identity/Account/Register application/x-www-form-urlencoded 275 - 200 - text/html;+charset=utf-8 30.8859ms
2023-10-21 13:36:23.983 +02:00 [Information] Request starting HTTP/2 GET https://localhost:7205/_vs/browserLink - -
2023-10-21 13:36:23.999 +02:00 [Information] Request starting HTTP/2 GET https://localhost:7205/_framework/aspnetcore-browser-refresh.js - -
2023-10-21 13:36:24.000 +02:00 [Information] Request finished HTTP/2 GET https://localhost:7205/_framework/aspnetcore-browser-refresh.js - - - 200 12344 application/javascript;+charset=utf-8 0.4798ms
2023-10-21 13:36:24.003 +02:00 [Information] Request finished HTTP/2 GET https://localhost:7205/_vs/browserLink - - - 200 - text/javascript;+charset=UTF-8 19.3597ms
2023-10-21 13:36:38.420 +02:00 [Information] Request starting HTTP/2 POST https://localhost:7205/Identity/Account/Register application/x-www-form-urlencoded 277
2023-10-21 13:36:38.422 +02:00 [Information] "Identity.Application" was not authenticated. Failure message: "Unprotect ticket failed"
2023-10-21 13:36:38.423 +02:00 [Information] "Identity.Application" was not authenticated. Failure message: "Unprotect ticket failed"
2023-10-21 13:36:38.423 +02:00 [Information] Executing endpoint '"/Account/Register"'
2023-10-21 13:36:38.423 +02:00 [Information] Route matched with "{page = \"/Account/Register\", area = \"Identity\", action = \"\", controller = \"\"}". Executing page "/Account/Register"
2023-10-21 13:36:38.423 +02:00 [Information] Executing handler method "MyShop.Areas.Identity.Pages.Account.RegisterModel.OnPostAsync" - ModelState is Valid
2023-10-21 13:36:38.942 +02:00 [Warning] User validation failed: "DuplicateUserName".
2023-10-21 13:36:38.942 +02:00 [Information] Executed handler method "OnPostAsync", returned result "Microsoft.AspNetCore.Mvc.RazorPages.PageResult".
2023-10-21 13:36:38.958 +02:00 [Information] Executed page "/Account/Register" in 535.141ms
2023-10-21 13:36:38.958 +02:00 [Information] Executed endpoint '"/Account/Register"'
2023-10-21 13:36:38.966 +02:00 [Information] Request starting HTTP/2 GET https://localhost:7205/_framework/aspnetcore-browser-refresh.js - -
2023-10-21 13:36:38.967 +02:00 [Information] Request starting HTTP/2 GET https://localhost:7205/_vs/browserLink - -
2023-10-21 13:36:38.967 +02:00 [Information] Request finished HTTP/2 GET https://localhost:7205/_framework/aspnetcore-browser-refresh.js - - - 200 12344 application/javascript;+charset=utf-8 0.7863ms
2023-10-21 13:36:38.973 +02:00 [Information] Request finished HTTP/2 GET https://localhost:7205/_vs/browserLink - - - 200 - text/javascript;+charset=UTF-8 6.7684ms
2023-10-21 13:36:38.982 +02:00 [Information] Request finished HTTP/2 POST https://localhost:7205/Identity/Account/Register application/x-www-form-urlencoded 277 - 200 - text/html;+charset=utf-8 562.7842ms
2023-10-21 13:36:43.868 +02:00 [Information] Request starting HTTP/2 GET https://localhost:7205/Identity/Account/Login - -
2023-10-21 13:36:43.871 +02:00 [Information] "Identity.Application" was not authenticated. Failure message: "Unprotect ticket failed"
2023-10-21 13:36:43.871 +02:00 [Information] "Identity.Application" was not authenticated. Failure message: "Unprotect ticket failed"
2023-10-21 13:36:43.871 +02:00 [Information] Executing endpoint '"/Account/Login"'
2023-10-21 13:36:43.880 +02:00 [Information] Route matched with "{page = \"/Account/Login\", area = \"Identity\", action = \"\", controller = \"\"}". Executing page "/Account/Login"
2023-10-21 13:36:43.883 +02:00 [Information] Executing handler method "MyShop.Areas.Identity.Pages.Account.LoginModel.OnGetAsync" - ModelState is Valid
2023-10-21 13:36:43.891 +02:00 [Information] AuthenticationScheme: "Identity.External" signed out.
2023-10-21 13:36:43.891 +02:00 [Information] Executed handler method "OnGetAsync", returned result "".
2023-10-21 13:36:43.892 +02:00 [Information] Executing an implicit handler method - ModelState is Valid
2023-10-21 13:36:43.892 +02:00 [Information] Executed an implicit handler method, returned result "Microsoft.AspNetCore.Mvc.RazorPages.PageResult".
2023-10-21 13:36:43.936 +02:00 [Information] Executed page "/Account/Login" in 55.6473ms
2023-10-21 13:36:43.936 +02:00 [Information] Executed endpoint '"/Account/Login"'
2023-10-21 13:36:43.939 +02:00 [Information] Request finished HTTP/2 GET https://localhost:7205/Identity/Account/Login - - - 200 - text/html;+charset=utf-8 71.2779ms
2023-10-21 13:36:43.949 +02:00 [Information] Request starting HTTP/2 GET https://localhost:7205/_vs/browserLink - -
2023-10-21 13:36:43.950 +02:00 [Information] Request starting HTTP/2 GET https://localhost:7205/_framework/aspnetcore-browser-refresh.js - -
2023-10-21 13:36:43.951 +02:00 [Information] Request finished HTTP/2 GET https://localhost:7205/_framework/aspnetcore-browser-refresh.js - - - 200 12344 application/javascript;+charset=utf-8 0.4650ms
2023-10-21 13:36:43.956 +02:00 [Information] Request finished HTTP/2 GET https://localhost:7205/_vs/browserLink - - - 200 - text/javascript;+charset=UTF-8 6.4656ms
2023-10-21 13:36:46.706 +02:00 [Information] Request starting HTTP/2 POST https://localhost:7205/Identity/Account/Login application/x-www-form-urlencoded 282
2023-10-21 13:36:46.708 +02:00 [Information] "Identity.Application" was not authenticated. Failure message: "Unprotect ticket failed"
2023-10-21 13:36:46.708 +02:00 [Information] "Identity.Application" was not authenticated. Failure message: "Unprotect ticket failed"
2023-10-21 13:36:46.708 +02:00 [Information] Executing endpoint '"/Account/Login"'
2023-10-21 13:36:46.708 +02:00 [Information] Route matched with "{page = \"/Account/Login\", area = \"Identity\", action = \"\", controller = \"\"}". Executing page "/Account/Login"
2023-10-21 13:36:46.713 +02:00 [Information] Executing handler method "MyShop.Areas.Identity.Pages.Account.LoginModel.OnPostAsync" - ModelState is Valid
2023-10-21 13:36:46.924 +02:00 [Information] AuthenticationScheme: "Identity.Application" signed in.
2023-10-21 13:36:46.928 +02:00 [Information] User logged in.
2023-10-21 13:36:46.929 +02:00 [Information] Executed handler method "OnPostAsync", returned result "Microsoft.AspNetCore.Mvc.LocalRedirectResult".
2023-10-21 13:36:46.930 +02:00 [Information] Executing LocalRedirectResult, redirecting to "/".
2023-10-21 13:36:46.930 +02:00 [Information] Executed page "/Account/Login" in 221.8399ms
2023-10-21 13:36:46.930 +02:00 [Information] Executed endpoint '"/Account/Login"'
2023-10-21 13:36:46.931 +02:00 [Information] Request finished HTTP/2 POST https://localhost:7205/Identity/Account/Login application/x-www-form-urlencoded 282 - 302 0 - 225.1345ms
2023-10-21 13:36:46.935 +02:00 [Information] Request starting HTTP/2 GET https://localhost:7205/ - -
2023-10-21 13:36:46.941 +02:00 [Information] Executing endpoint '"MyShop.Controllers.HomeController.Index (MyShop)"'
2023-10-21 13:36:46.941 +02:00 [Information] Route matched with "{action = \"Index\", controller = \"Home\", page = \"\", area = \"\"}". Executing controller action with signature "Microsoft.AspNetCore.Mvc.IActionResult Index()" on controller "MyShop.Controllers.HomeController" ("MyShop").
2023-10-21 13:36:46.941 +02:00 [Information] Executing ViewResult, running view "Index".
2023-10-21 13:36:46.956 +02:00 [Information] Executed ViewResult - view "Index" executed in 14.6987ms.
2023-10-21 13:36:46.956 +02:00 [Information] Executed action "MyShop.Controllers.HomeController.Index (MyShop)" in 14.9751ms
2023-10-21 13:36:46.956 +02:00 [Information] Executed endpoint '"MyShop.Controllers.HomeController.Index (MyShop)"'
2023-10-21 13:36:46.959 +02:00 [Information] Request finished HTTP/2 GET https://localhost:7205/ - - - 200 - text/html;+charset=utf-8 24.5591ms
2023-10-21 13:36:46.975 +02:00 [Information] Request starting HTTP/2 GET https://localhost:7205/_framework/aspnetcore-browser-refresh.js - -
2023-10-21 13:36:46.976 +02:00 [Information] Request finished HTTP/2 GET https://localhost:7205/_framework/aspnetcore-browser-refresh.js - - - 200 12344 application/javascript;+charset=utf-8 0.8666ms
2023-10-21 13:36:46.977 +02:00 [Information] Request starting HTTP/2 GET https://localhost:7205/_vs/browserLink - -
2023-10-21 13:36:46.987 +02:00 [Information] Request finished HTTP/2 GET https://localhost:7205/_vs/browserLink - - - 200 - text/javascript;+charset=UTF-8 10.6754ms
2023-10-21 13:37:05.289 +02:00 [Information] Request starting HTTP/2 POST https://localhost:7205/Identity/Account/Logout?returnUrl=%2F application/x-www-form-urlencoded 225
2023-10-21 13:37:05.301 +02:00 [Information] Executing endpoint '"/Account/Logout"'
2023-10-21 13:37:05.305 +02:00 [Information] Route matched with "{page = \"/Account/Logout\", area = \"Identity\", action = \"\", controller = \"\"}". Executing page "/Account/Logout"
2023-10-21 13:37:05.314 +02:00 [Information] Executing handler method "MyShop.Areas.Identity.Pages.Account.LogoutModel.OnPost" - ModelState is Valid
2023-10-21 13:37:05.316 +02:00 [Information] AuthenticationScheme: "Identity.Application" signed out.
2023-10-21 13:37:05.316 +02:00 [Information] AuthenticationScheme: "Identity.External" signed out.
2023-10-21 13:37:05.316 +02:00 [Information] AuthenticationScheme: "Identity.TwoFactorUserId" signed out.
2023-10-21 13:37:05.320 +02:00 [Information] User logged out.
2023-10-21 13:37:05.320 +02:00 [Information] Executed handler method "OnPost", returned result "Microsoft.AspNetCore.Mvc.LocalRedirectResult".
2023-10-21 13:37:05.321 +02:00 [Information] Executing LocalRedirectResult, redirecting to "/".
2023-10-21 13:37:05.321 +02:00 [Information] Executed page "/Account/Logout" in 15.3373ms
2023-10-21 13:37:05.321 +02:00 [Information] Executed endpoint '"/Account/Logout"'
2023-10-21 13:37:05.321 +02:00 [Information] Request finished HTTP/2 POST https://localhost:7205/Identity/Account/Logout?returnUrl=%2F application/x-www-form-urlencoded 225 - 302 0 - 32.5713ms
2023-10-21 13:37:05.331 +02:00 [Information] Request starting HTTP/2 GET https://localhost:7205/ - -
2023-10-21 13:37:05.332 +02:00 [Information] Executing endpoint '"MyShop.Controllers.HomeController.Index (MyShop)"'
2023-10-21 13:37:05.332 +02:00 [Information] Route matched with "{action = \"Index\", controller = \"Home\", page = \"\", area = \"\"}". Executing controller action with signature "Microsoft.AspNetCore.Mvc.IActionResult Index()" on controller "MyShop.Controllers.HomeController" ("MyShop").
2023-10-21 13:37:05.332 +02:00 [Information] Executing ViewResult, running view "Index".
2023-10-21 13:37:05.348 +02:00 [Information] Executed ViewResult - view "Index" executed in 15.4373ms.
2023-10-21 13:37:05.348 +02:00 [Information] Executed action "MyShop.Controllers.HomeController.Index (MyShop)" in 15.6983ms
2023-10-21 13:37:05.348 +02:00 [Information] Executed endpoint '"MyShop.Controllers.HomeController.Index (MyShop)"'
2023-10-21 13:37:05.350 +02:00 [Information] Request finished HTTP/2 GET https://localhost:7205/ - - - 200 - text/html;+charset=utf-8 19.8384ms
2023-10-21 13:37:05.358 +02:00 [Information] Request starting HTTP/2 GET https://localhost:7205/_vs/browserLink - -
2023-10-21 13:37:05.362 +02:00 [Information] Request starting HTTP/2 GET https://localhost:7205/_framework/aspnetcore-browser-refresh.js - -
2023-10-21 13:37:05.362 +02:00 [Information] Request finished HTTP/2 GET https://localhost:7205/_framework/aspnetcore-browser-refresh.js - - - 200 12344 application/javascript;+charset=utf-8 0.3709ms
2023-10-21 13:37:05.365 +02:00 [Information] Request finished HTTP/2 GET https://localhost:7205/_vs/browserLink - - - 200 - text/javascript;+charset=UTF-8 7.5314ms
2023-10-21 13:38:09.768 +02:00 [Information] Request starting HTTP/2 GET https://localhost:7205/ - -
2023-10-21 13:38:09.775 +02:00 [Information] Executing endpoint '"MyShop.Controllers.HomeController.Index (MyShop)"'
2023-10-21 13:38:09.777 +02:00 [Information] Route matched with "{action = \"Index\", controller = \"Home\", page = \"\", area = \"\"}". Executing controller action with signature "Microsoft.AspNetCore.Mvc.IActionResult Index()" on controller "MyShop.Controllers.HomeController" ("MyShop").
2023-10-21 13:38:09.777 +02:00 [Information] Executing ViewResult, running view "Index".
2023-10-21 13:38:09.800 +02:00 [Information] Executed ViewResult - view "Index" executed in 22.7592ms.
2023-10-21 13:38:09.800 +02:00 [Information] Executed action "MyShop.Controllers.HomeController.Index (MyShop)" in 23.0698ms
2023-10-21 13:38:09.800 +02:00 [Information] Executed endpoint '"MyShop.Controllers.HomeController.Index (MyShop)"'
2023-10-21 13:38:09.804 +02:00 [Information] Request finished HTTP/2 GET https://localhost:7205/ - - - 200 - text/html;+charset=utf-8 36.2387ms
2023-10-21 13:38:09.809 +02:00 [Information] Request starting HTTP/2 GET https://localhost:7205/_vs/browserLink - -
2023-10-21 13:38:09.812 +02:00 [Information] Request starting HTTP/2 GET https://localhost:7205/_framework/aspnetcore-browser-refresh.js - -
2023-10-21 13:38:09.812 +02:00 [Information] Request finished HTTP/2 GET https://localhost:7205/_framework/aspnetcore-browser-refresh.js - - - 200 12344 application/javascript;+charset=utf-8 0.4870ms
2023-10-21 13:38:09.824 +02:00 [Information] Request finished HTTP/2 GET https://localhost:7205/_vs/browserLink - - - 200 - text/javascript;+charset=UTF-8 15.1981ms
2023-10-21 13:38:11.332 +02:00 [Information] Request starting HTTP/2 GET https://localhost:7205/Item/Table - -
2023-10-21 13:38:11.333 +02:00 [Information] Executing endpoint '"MyShop.Controllers.ItemController.Table (MyShop)"'
2023-10-21 13:38:11.339 +02:00 [Information] Route matched with "{action = \"Table\", controller = \"Item\", page = \"\", area = \"\"}". Executing controller action with signature "System.Threading.Tasks.Task`1[Microsoft.AspNetCore.Mvc.IActionResult] Table()" on controller "MyShop.Controllers.ItemController" ("MyShop").
2023-10-21 13:38:11.382 +02:00 [Information] Executing ViewResult, running view "Table".
2023-10-21 13:38:11.409 +02:00 [Information] Executed ViewResult - view "Table" executed in 26.8261ms.
2023-10-21 13:38:11.409 +02:00 [Information] Executed action "MyShop.Controllers.ItemController.Table (MyShop)" in 69.5836ms
2023-10-21 13:38:11.409 +02:00 [Information] Executed endpoint '"MyShop.Controllers.ItemController.Table (MyShop)"'
2023-10-21 13:38:11.413 +02:00 [Information] Request finished HTTP/2 GET https://localhost:7205/Item/Table - - - 200 - text/html;+charset=utf-8 81.3231ms
2023-10-21 13:38:11.423 +02:00 [Information] Request starting HTTP/2 GET https://localhost:7205/images/chickenleg.jpg - -
2023-10-21 13:38:11.423 +02:00 [Information] Request starting HTTP/2 GET https://localhost:7205/images/frenchfries.jpg - -
2023-10-21 13:38:11.423 +02:00 [Information] The file "/images/chickenleg.jpg" was not modified
2023-10-21 13:38:11.423 +02:00 [Information] The file "/images/frenchfries.jpg" was not modified
2023-10-21 13:38:11.424 +02:00 [Information] Request finished HTTP/2 GET https://localhost:7205/images/chickenleg.jpg - - - 304 - image/jpeg 1.0810ms
2023-10-21 13:38:11.424 +02:00 [Information] Request finished HTTP/2 GET https://localhost:7205/images/frenchfries.jpg - - - 304 - image/jpeg 1.1320ms
2023-10-21 13:38:11.428 +02:00 [Information] Request starting HTTP/2 GET https://localhost:7205/_framework/aspnetcore-browser-refresh.js - -
2023-10-21 13:38:11.428 +02:00 [Information] Request finished HTTP/2 GET https://localhost:7205/_framework/aspnetcore-browser-refresh.js - - - 200 12344 application/javascript;+charset=utf-8 0.5633ms
2023-10-21 13:38:11.432 +02:00 [Information] Request starting HTTP/2 GET https://localhost:7205/images/cider.jpg - -
2023-10-21 13:38:11.432 +02:00 [Information] Request starting HTTP/2 GET https://localhost:7205/images/ribs.jpg - -
2023-10-21 13:38:11.432 +02:00 [Information] Request starting HTTP/2 GET https://localhost:7205/images/coke.jpg - -
2023-10-21 13:38:11.433 +02:00 [Information] The file "/images/coke.jpg" was not modified
2023-10-21 13:38:11.433 +02:00 [Information] The file "/images/cider.jpg" was not modified
2023-10-21 13:38:11.433 +02:00 [Information] Request starting HTTP/2 GET https://localhost:7205/_vs/browserLink - -
2023-10-21 13:38:11.434 +02:00 [Information] The file "/images/ribs.jpg" was not modified
2023-10-21 13:38:11.435 +02:00 [Information] Request finished HTTP/2 GET https://localhost:7205/images/ribs.jpg - - - 304 - image/jpeg 2.7499ms
2023-10-21 13:38:11.435 +02:00 [Information] Request finished HTTP/2 GET https://localhost:7205/images/cider.jpg - - - 304 - image/jpeg 2.7281ms
2023-10-21 13:38:11.435 +02:00 [Information] Request finished HTTP/2 GET https://localhost:7205/images/coke.jpg - - - 304 - image/jpeg 2.3237ms
2023-10-21 13:38:11.447 +02:00 [Information] Request finished HTTP/2 GET https://localhost:7205/_vs/browserLink - - - 200 - text/javascript;+charset=UTF-8 13.5104ms
2023-10-21 13:38:14.580 +02:00 [Information] Request starting HTTP/2 GET https://localhost:7205/Item/Create - -
2023-10-21 13:38:14.585 +02:00 [Information] Authorization failed. "These requirements were not met:
DenyAnonymousAuthorizationRequirement: Requires an authenticated user."
2023-10-21 13:38:14.592 +02:00 [Information] AuthenticationScheme: "Identity.Application" was challenged.
2023-10-21 13:38:14.593 +02:00 [Information] Request finished HTTP/2 GET https://localhost:7205/Item/Create - - - 302 0 - 12.9867ms
2023-10-21 13:38:14.600 +02:00 [Information] Request starting HTTP/2 GET https://localhost:7205/Identity/Account/Login?ReturnUrl=%2FItem%2FCreate - -
2023-10-21 13:38:14.602 +02:00 [Information] Executing endpoint '"/Account/Login"'
2023-10-21 13:38:14.603 +02:00 [Information] Route matched with "{page = \"/Account/Login\", area = \"Identity\", action = \"\", controller = \"\"}". Executing page "/Account/Login"
2023-10-21 13:38:14.603 +02:00 [Information] Executing handler method "MyShop.Areas.Identity.Pages.Account.LoginModel.OnGetAsync" - ModelState is Valid
2023-10-21 13:38:14.603 +02:00 [Information] AuthenticationScheme: "Identity.External" signed out.
2023-10-21 13:38:14.603 +02:00 [Information] Executed handler method "OnGetAsync", returned result "".
2023-10-21 13:38:14.603 +02:00 [Information] Executing an implicit handler method - ModelState is Valid
2023-10-21 13:38:14.603 +02:00 [Information] Executed an implicit handler method, returned result "Microsoft.AspNetCore.Mvc.RazorPages.PageResult".
2023-10-21 13:38:14.612 +02:00 [Information] Executed page "/Account/Login" in 8.9353ms
2023-10-21 13:38:14.612 +02:00 [Information] Executed endpoint '"/Account/Login"'
2023-10-21 13:38:14.616 +02:00 [Information] Request finished HTTP/2 GET https://localhost:7205/Identity/Account/Login?ReturnUrl=%2FItem%2FCreate - - - 200 - text/html;+charset=utf-8 16.0398ms
2023-10-21 13:38:14.630 +02:00 [Information] Request starting HTTP/2 GET https://localhost:7205/_framework/aspnetcore-browser-refresh.js - -
2023-10-21 13:38:14.630 +02:00 [Information] Request finished HTTP/2 GET https://localhost:7205/_framework/aspnetcore-browser-refresh.js - - - 200 12344 application/javascript;+charset=utf-8 0.6311ms
2023-10-21 13:38:14.633 +02:00 [Information] Request starting HTTP/2 GET https://localhost:7205/_vs/browserLink - -
2023-10-21 13:38:14.638 +02:00 [Information] Request finished HTTP/2 GET https://localhost:7205/_vs/browserLink - - - 200 - text/javascript;+charset=UTF-8 5.3120ms
2023-10-21 13:38:17.118 +02:00 [Information] Request starting HTTP/2 POST https://localhost:7205/Identity/Account/Login?ReturnUrl=%2FItem%2FCreate application/x-www-form-urlencoded 282
2023-10-21 13:38:17.119 +02:00 [Information] Executing endpoint '"/Account/Login"'
2023-10-21 13:38:17.120 +02:00 [Information] Route matched with "{page = \"/Account/Login\", area = \"Identity\", action = \"\", controller = \"\"}". Executing page "/Account/Login"
2023-10-21 13:38:17.121 +02:00 [Information] Executing handler method "MyShop.Areas.Identity.Pages.Account.LoginModel.OnPostAsync" - ModelState is Valid
2023-10-21 13:38:17.133 +02:00 [Information] AuthenticationScheme: "Identity.Application" signed in.
2023-10-21 13:38:17.137 +02:00 [Information] User logged in.
2023-10-21 13:38:17.137 +02:00 [Information] Executed handler method "OnPostAsync", returned result "Microsoft.AspNetCore.Mvc.LocalRedirectResult".
2023-10-21 13:38:17.137 +02:00 [Information] Executing LocalRedirectResult, redirecting to "/Item/Create".
2023-10-21 13:38:17.138 +02:00 [Information] Executed page "/Account/Login" in 17.8671ms
2023-10-21 13:38:17.138 +02:00 [Information] Executed endpoint '"/Account/Login"'
2023-10-21 13:38:17.138 +02:00 [Information] Request finished HTTP/2 POST https://localhost:7205/Identity/Account/Login?ReturnUrl=%2FItem%2FCreate application/x-www-form-urlencoded 282 - 302 0 - 20.2515ms
2023-10-21 13:38:17.142 +02:00 [Information] Request starting HTTP/2 GET https://localhost:7205/Item/Create - -
2023-10-21 13:38:17.145 +02:00 [Information] Executing endpoint '"MyShop.Controllers.ItemController.Create (MyShop)"'
2023-10-21 13:38:17.146 +02:00 [Information] Route matched with "{action = \"Create\", controller = \"Item\", page = \"\", area = \"\"}". Executing controller action with signature "Microsoft.AspNetCore.Mvc.IActionResult Create()" on controller "MyShop.Controllers.ItemController" ("MyShop").
2023-10-21 13:38:17.146 +02:00 [Information] Executing ViewResult, running view "Create".
2023-10-21 13:38:17.195 +02:00 [Information] Executed ViewResult - view "Create" executed in 48.5661ms.
2023-10-21 13:38:17.195 +02:00 [Information] Executed action "MyShop.Controllers.ItemController.Create (MyShop)" in 49.1911ms
2023-10-21 13:38:17.195 +02:00 [Information] Executed endpoint '"MyShop.Controllers.ItemController.Create (MyShop)"'
2023-10-21 13:38:17.202 +02:00 [Information] Request finished HTTP/2 GET https://localhost:7205/Item/Create - - - 200 - text/html;+charset=utf-8 60.4624ms
2023-10-21 13:38:17.212 +02:00 [Information] Request starting HTTP/2 GET https://localhost:7205/_vs/browserLink - -
2023-10-21 13:38:17.214 +02:00 [Information] Request starting HTTP/2 GET https://localhost:7205/_framework/aspnetcore-browser-refresh.js - -
2023-10-21 13:38:17.214 +02:00 [Information] Request finished HTTP/2 GET https://localhost:7205/_framework/aspnetcore-browser-refresh.js - - - 200 12344 application/javascript;+charset=utf-8 0.4437ms
2023-10-21 13:38:17.220 +02:00 [Information] Request finished HTTP/2 GET https://localhost:7205/_vs/browserLink - - - 200 - text/javascript;+charset=UTF-8 7.4230ms
2023-10-21 13:38:35.107 +02:00 [Information] Request starting HTTP/2 GET https://localhost:7205/Customer/Table - -
2023-10-21 13:38:35.109 +02:00 [Information] Executing endpoint '"MyShop.Controllers.CustomerController.Table (MyShop)"'
2023-10-21 13:38:35.112 +02:00 [Information] Route matched with "{action = \"Table\", controller = \"Customer\", page = \"\", area = \"\"}". Executing controller action with signature "System.Threading.Tasks.Task`1[Microsoft.AspNetCore.Mvc.IActionResult] Table()" on controller "MyShop.Controllers.CustomerController" ("MyShop").
2023-10-21 13:38:35.145 +02:00 [Information] Executing ViewResult, running view "Table".
2023-10-21 13:38:35.206 +02:00 [Information] Executed ViewResult - view "Table" executed in 61.5464ms.
2023-10-21 13:38:35.207 +02:00 [Information] Executed action "MyShop.Controllers.CustomerController.Table (MyShop)" in 94.842ms
2023-10-21 13:38:35.207 +02:00 [Information] Executed endpoint '"MyShop.Controllers.CustomerController.Table (MyShop)"'
2023-10-21 13:38:35.210 +02:00 [Information] Request finished HTTP/2 GET https://localhost:7205/Customer/Table - - - 200 - text/html;+charset=utf-8 103.3811ms
2023-10-21 13:38:35.226 +02:00 [Information] Request starting HTTP/2 GET https://localhost:7205/_vs/browserLink - -
2023-10-21 13:38:35.226 +02:00 [Information] Request starting HTTP/2 GET https://localhost:7205/_framework/aspnetcore-browser-refresh.js - -
2023-10-21 13:38:35.227 +02:00 [Information] Request finished HTTP/2 GET https://localhost:7205/_framework/aspnetcore-browser-refresh.js - - - 200 12344 application/javascript;+charset=utf-8 0.6609ms
2023-10-21 13:38:35.234 +02:00 [Information] Request finished HTTP/2 GET https://localhost:7205/_vs/browserLink - - - 200 - text/javascript;+charset=UTF-8 7.8276ms
2023-10-21 13:38:38.214 +02:00 [Information] Request starting HTTP/2 GET https://localhost:7205/Order/Table - -
2023-10-21 13:38:38.216 +02:00 [Information] Executing endpoint '"MyShop.Controllers.OrderController.Table (MyShop)"'
2023-10-21 13:38:38.220 +02:00 [Information] Route matched with "{action = \"Table\", controller = \"Order\", page = \"\", area = \"\"}". Executing controller action with signature "System.Threading.Tasks.Task`1[Microsoft.AspNetCore.Mvc.IActionResult] Table()" on controller "MyShop.Controllers.OrderController" ("MyShop").
2023-10-21 13:38:38.231 +02:00 [Information] Executing ViewResult, running view "Table".
2023-10-21 13:38:38.315 +02:00 [Information] Executed ViewResult - view "Table" executed in 84.4684ms.
2023-10-21 13:38:38.315 +02:00 [Information] Executed action "MyShop.Controllers.OrderController.Table (MyShop)" in 94.5409ms
2023-10-21 13:38:38.315 +02:00 [Information] Executed endpoint '"MyShop.Controllers.OrderController.Table (MyShop)"'
2023-10-21 13:38:38.318 +02:00 [Information] Request finished HTTP/2 GET https://localhost:7205/Order/Table - - - 200 - text/html;+charset=utf-8 104.1573ms
2023-10-21 13:38:38.326 +02:00 [Information] Request starting HTTP/2 GET https://localhost:7205/_vs/browserLink - -
2023-10-21 13:38:38.334 +02:00 [Information] Request finished HTTP/2 GET https://localhost:7205/_vs/browserLink - - - 200 - text/javascript;+charset=UTF-8 7.8018ms
2023-10-21 13:38:38.334 +02:00 [Information] Request starting HTTP/2 GET https://localhost:7205/_framework/aspnetcore-browser-refresh.js - -
2023-10-21 13:38:38.335 +02:00 [Information] Request finished HTTP/2 GET https://localhost:7205/_framework/aspnetcore-browser-refresh.js - - - 200 12344 application/javascript;+charset=utf-8 0.8119ms
2023-10-21 13:39:05.280 +02:00 [Information] Request starting HTTP/2 GET https://localhost:7205/Item/Table - -
2023-10-21 13:39:05.289 +02:00 [Information] Executing endpoint '"MyShop.Controllers.ItemController.Table (MyShop)"'
2023-10-21 13:39:05.289 +02:00 [Information] Route matched with "{action = \"Table\", controller = \"Item\", page = \"\", area = \"\"}". Executing controller action with signature "System.Threading.Tasks.Task`1[Microsoft.AspNetCore.Mvc.IActionResult] Table()" on controller "MyShop.Controllers.ItemController" ("MyShop").
2023-10-21 13:39:05.296 +02:00 [Information] Executing ViewResult, running view "Table".
2023-10-21 13:39:05.305 +02:00 [Information] Executed ViewResult - view "Table" executed in 8.4674ms.
2023-10-21 13:39:05.305 +02:00 [Information] Executed action "MyShop.Controllers.ItemController.Table (MyShop)" in 15.9086ms
2023-10-21 13:39:05.305 +02:00 [Information] Executed endpoint '"MyShop.Controllers.ItemController.Table (MyShop)"'
2023-10-21 13:39:05.310 +02:00 [Information] Request finished HTTP/2 GET https://localhost:7205/Item/Table - - - 200 - text/html;+charset=utf-8 29.9499ms
2023-10-21 13:39:05.332 +02:00 [Information] Request starting HTTP/2 GET https://localhost:7205/_framework/aspnetcore-browser-refresh.js - -
2023-10-21 13:39:05.333 +02:00 [Information] Request finished HTTP/2 GET https://localhost:7205/_framework/aspnetcore-browser-refresh.js - - - 200 12344 application/javascript;+charset=utf-8 0.6619ms
2023-10-21 13:39:05.343 +02:00 [Information] Request starting HTTP/2 GET https://localhost:7205/_vs/browserLink - -
2023-10-21 13:39:05.349 +02:00 [Information] Request finished HTTP/2 GET https://localhost:7205/_vs/browserLink - - - 200 - text/javascript;+charset=UTF-8 5.2013ms
2023-10-21 13:39:09.097 +02:00 [Information] Request starting HTTP/2 GET https://localhost:7205/Item/Update/8 - -
2023-10-21 13:39:09.099 +02:00 [Information] Executing endpoint '"MyShop.Controllers.ItemController.Update (MyShop)"'
2023-10-21 13:39:09.104 +02:00 [Information] Route matched with "{action = \"Update\", controller = \"Item\", page = \"\", area = \"\"}". Executing controller action with signature "System.Threading.Tasks.Task`1[Microsoft.AspNetCore.Mvc.IActionResult] Update(Int32)" on controller "MyShop.Controllers.ItemController" ("MyShop").
2023-10-21 13:39:09.123 +02:00 [Information] Executing ViewResult, running view "Update".
2023-10-21 13:39:09.156 +02:00 [Information] Executed ViewResult - view "Update" executed in 33.0772ms.
2023-10-21 13:39:09.156 +02:00 [Information] Executed action "MyShop.Controllers.ItemController.Update (MyShop)" in 52.2029ms
2023-10-21 13:39:09.156 +02:00 [Information] Executed endpoint '"MyShop.Controllers.ItemController.Update (MyShop)"'
2023-10-21 13:39:09.160 +02:00 [Information] Request finished HTTP/2 GET https://localhost:7205/Item/Update/8 - - - 200 - text/html;+charset=utf-8 62.2530ms
2023-10-21 13:39:09.169 +02:00 [Information] Request starting HTTP/2 GET https://localhost:7205/_vs/browserLink - -
2023-10-21 13:39:09.170 +02:00 [Information] Request starting HTTP/2 GET https://localhost:7205/_framework/aspnetcore-browser-refresh.js - -
2023-10-21 13:39:09.171 +02:00 [Information] Request finished HTTP/2 GET https://localhost:7205/_framework/aspnetcore-browser-refresh.js - - - 200 12344 application/javascript;+charset=utf-8 0.6688ms
2023-10-21 13:39:09.179 +02:00 [Information] Request finished HTTP/2 GET https://localhost:7205/_vs/browserLink - - - 200 - text/javascript;+charset=UTF-8 10.2499ms
2023-10-21 13:56:53.788 +02:00 [Information] Request starting HTTP/2 GET https://localhost:7205/Item/Table - -
2023-10-21 13:56:53.857 +02:00 [Information] "Identity.Application" was not authenticated. Failure message: "Unprotect ticket failed"
2023-10-21 13:56:53.861 +02:00 [Information] "Identity.Application" was not authenticated. Failure message: "Unprotect ticket failed"
2023-10-21 13:56:53.864 +02:00 [Information] Executing endpoint '"MyShop.Controllers.ItemController.Table (MyShop)"'
2023-10-21 13:56:53.873 +02:00 [Information] Route matched with "{action = \"Table\", controller = \"Item\", page = \"\", area = \"\"}". Executing controller action with signature "System.Threading.Tasks.Task`1[Microsoft.AspNetCore.Mvc.IActionResult] Table()" on controller "MyShop.Controllers.ItemController" ("MyShop").
2023-10-21 13:56:53.988 +02:00 [Information] Executing ViewResult, running view "Table".
2023-10-21 13:56:54.032 +02:00 [Information] Executed ViewResult - view "Table" executed in 47.1602ms.
2023-10-21 13:56:54.033 +02:00 [Information] Executed action "MyShop.Controllers.ItemController.Table (MyShop)" in 159.2304ms
2023-10-21 13:56:54.033 +02:00 [Information] Executed endpoint '"MyShop.Controllers.ItemController.Table (MyShop)"'
2023-10-21 13:56:54.045 +02:00 [Information] Request finished HTTP/2 GET https://localhost:7205/Item/Table - - - 200 - text/html;+charset=utf-8 274.5911ms
2023-10-21 13:56:54.074 +02:00 [Information] Request starting HTTP/2 GET https://localhost:7205/_framework/aspnetcore-browser-refresh.js - -
2023-10-21 13:56:54.076 +02:00 [Information] Request finished HTTP/2 GET https://localhost:7205/_framework/aspnetcore-browser-refresh.js - - - 200 12344 application/javascript;+charset=utf-8 2.2228ms
2023-10-21 13:56:54.086 +02:00 [Information] Request starting HTTP/2 GET https://localhost:7205/_vs/browserLink - -
2023-10-21 13:56:54.103 +02:00 [Information] Request finished HTTP/2 GET https://localhost:7205/_vs/browserLink - - - 200 - text/javascript;+charset=UTF-8 16.6946ms
2023-10-21 13:56:58.848 +02:00 [Information] Request starting HTTP/2 GET https://localhost:7205/Item/Grid - -
2023-10-21 13:56:58.850 +02:00 [Information] "Identity.Application" was not authenticated. Failure message: "Unprotect ticket failed"
2023-10-21 13:56:58.850 +02:00 [Information] "Identity.Application" was not authenticated. Failure message: "Unprotect ticket failed"
2023-10-21 13:56:58.850 +02:00 [Information] Executing endpoint '"MyShop.Controllers.ItemController.Grid (MyShop)"'
2023-10-21 13:56:58.895 +02:00 [Information] Route matched with "{action = \"Grid\", controller = \"Item\", page = \"\", area = \"\"}". Executing controller action with signature "System.Threading.Tasks.Task`1[Microsoft.AspNetCore.Mvc.IActionResult] Grid()" on controller "MyShop.Controllers.ItemController" ("MyShop").
2023-10-21 13:56:58.915 +02:00 [Information] Executing ViewResult, running view "Grid".
2023-10-21 13:56:58.956 +02:00 [Information] Executed ViewResult - view "Grid" executed in 45.2948ms.
2023-10-21 13:56:58.956 +02:00 [Information] Executed action "MyShop.Controllers.ItemController.Grid (MyShop)" in 61.0114ms
2023-10-21 13:56:58.956 +02:00 [Information] Executed endpoint '"MyShop.Controllers.ItemController.Grid (MyShop)"'
2023-10-21 13:56:58.960 +02:00 [Information] Request finished HTTP/2 GET https://localhost:7205/Item/Grid - - - 200 - text/html;+charset=utf-8 112.4192ms
2023-10-21 13:56:58.968 +02:00 [Information] Request starting HTTP/2 GET https://localhost:7205/_vs/browserLink - -
2023-10-21 13:56:58.972 +02:00 [Information] Request starting HTTP/2 GET https://localhost:7205/_framework/aspnetcore-browser-refresh.js - -
2023-10-21 13:56:58.972 +02:00 [Information] Request finished HTTP/2 GET https://localhost:7205/_framework/aspnetcore-browser-refresh.js - - - 200 12344 application/javascript;+charset=utf-8 0.6338ms
2023-10-21 13:56:58.978 +02:00 [Information] Request finished HTTP/2 GET https://localhost:7205/_vs/browserLink - - - 200 - text/javascript;+charset=UTF-8 9.7966ms
2023-10-21 13:57:04.460 +02:00 [Information] Request starting HTTP/2 GET https://localhost:7205/Item/Details/1 - -
2023-10-21 13:57:04.463 +02:00 [Information] "Identity.Application" was not authenticated. Failure message: "Unprotect ticket failed"
2023-10-21 13:57:04.463 +02:00 [Information] "Identity.Application" was not authenticated. Failure message: "Unprotect ticket failed"
2023-10-21 13:57:04.463 +02:00 [Information] Executing endpoint '"MyShop.Controllers.ItemController.Details (MyShop)"'
2023-10-21 13:57:04.477 +02:00 [Information] Route matched with "{action = \"Details\", controller = \"Item\", page = \"\", area = \"\"}". Executing controller action with signature "System.Threading.Tasks.Task`1[Microsoft.AspNetCore.Mvc.IActionResult] Details(Int32)" on controller "MyShop.Controllers.ItemController" ("MyShop").
2023-10-21 13:57:04.507 +02:00 [Information] Executing ViewResult, running view "Details".
2023-10-21 13:57:04.519 +02:00 [Information] Executed ViewResult - view "Details" executed in 13.8084ms.
2023-10-21 13:57:04.520 +02:00 [Information] Executed action "MyShop.Controllers.ItemController.Details (MyShop)" in 41.9305ms
2023-10-21 13:57:04.520 +02:00 [Information] Executed endpoint '"MyShop.Controllers.ItemController.Details (MyShop)"'
2023-10-21 13:57:04.523 +02:00 [Information] Request finished HTTP/2 GET https://localhost:7205/Item/Details/1 - - - 200 - text/html;+charset=utf-8 63.4802ms
2023-10-21 13:57:04.534 +02:00 [Information] Request starting HTTP/2 GET https://localhost:7205/_vs/browserLink - -
2023-10-21 13:57:04.536 +02:00 [Information] Request starting HTTP/2 GET https://localhost:7205/_framework/aspnetcore-browser-refresh.js - -
2023-10-21 13:57:04.537 +02:00 [Information] Request finished HTTP/2 GET https://localhost:7205/_framework/aspnetcore-browser-refresh.js - - - 200 12344 application/javascript;+charset=utf-8 0.6896ms
2023-10-21 13:57:04.540 +02:00 [Information] Request finished HTTP/2 GET https://localhost:7205/_vs/browserLink - - - 200 - text/javascript;+charset=UTF-8 6.4868ms
2023-10-21 13:57:10.170 +02:00 [Information] Request starting HTTP/2 GET https://localhost:7205/_framework/aspnetcore-browser-refresh.js - -
2023-10-21 13:57:10.171 +02:00 [Information] Request finished HTTP/2 GET https://localhost:7205/_framework/aspnetcore-browser-refresh.js - - - 200 12344 application/javascript;+charset=utf-8 0.5375ms
2023-10-21 13:57:12.375 +02:00 [Information] Request starting HTTP/2 GET https://localhost:7205/Order/Table - -
2023-10-21 13:57:12.388 +02:00 [Information] "Identity.Application" was not authenticated. Failure message: "Unprotect ticket failed"
2023-10-21 13:57:12.388 +02:00 [Information] "Identity.Application" was not authenticated. Failure message: "Unprotect ticket failed"
2023-10-21 13:57:12.388 +02:00 [Information] Executing endpoint '"MyShop.Controllers.OrderController.Table (MyShop)"'
2023-10-21 13:57:12.389 +02:00 [Information] Route matched with "{action = \"Table\", controller = \"Order\", page = \"\", area = \"\"}". Executing controller action with signature "System.Threading.Tasks.Task`1[Microsoft.AspNetCore.Mvc.IActionResult] Table()" on controller "MyShop.Controllers.OrderController" ("MyShop").
2023-10-21 13:57:12.398 +02:00 [Information] Executing ViewResult, running view "Table".
2023-10-21 13:57:12.456 +02:00 [Information] Executed ViewResult - view "Table" executed in 58.3884ms.
2023-10-21 13:57:12.456 +02:00 [Information] Executed action "MyShop.Controllers.OrderController.Table (MyShop)" in 67.4303ms
2023-10-21 13:57:12.456 +02:00 [Information] Executed endpoint '"MyShop.Controllers.OrderController.Table (MyShop)"'
2023-10-21 13:57:12.460 +02:00 [Information] Request finished HTTP/2 GET https://localhost:7205/Order/Table - - - 200 - text/html;+charset=utf-8 85.5085ms
2023-10-21 13:57:12.472 +02:00 [Information] Request starting HTTP/2 GET https://localhost:7205/_vs/browserLink - -
2023-10-21 13:57:12.473 +02:00 [Information] Request starting HTTP/2 GET https://localhost:7205/_framework/aspnetcore-browser-refresh.js - -
2023-10-21 13:57:12.481 +02:00 [Information] Request finished HTTP/2 GET https://localhost:7205/_framework/aspnetcore-browser-refresh.js - - - 200 12344 application/javascript;+charset=utf-8 0.6203ms
2023-10-21 13:57:12.487 +02:00 [Information] Request finished HTTP/2 GET https://localhost:7205/_vs/browserLink - - - 200 - text/javascript;+charset=UTF-8 15.7163ms
2023-10-21 13:57:19.687 +02:00 [Information] Request starting HTTP/2 GET https://localhost:7205/Order/CreateOrderItem - -
2023-10-21 13:57:19.692 +02:00 [Information] "Identity.Application" was not authenticated. Failure message: "Unprotect ticket failed"
2023-10-21 13:57:19.698 +02:00 [Information] Authorization failed. "These requirements were not met:
DenyAnonymousAuthorizationRequirement: Requires an authenticated user."
2023-10-21 13:57:19.703 +02:00 [Information] AuthenticationScheme: "Identity.Application" was challenged.
2023-10-21 13:57:19.705 +02:00 [Information] Request finished HTTP/2 GET https://localhost:7205/Order/CreateOrderItem - - - 302 0 - 18.1748ms
2023-10-21 13:57:19.710 +02:00 [Information] Request starting HTTP/2 GET https://localhost:7205/Identity/Account/Login?ReturnUrl=%2FOrder%2FCreateOrderItem - -
2023-10-21 13:57:19.712 +02:00 [Information] "Identity.Application" was not authenticated. Failure message: "Unprotect ticket failed"
2023-10-21 13:57:19.713 +02:00 [Information] "Identity.Application" was not authenticated. Failure message: "Unprotect ticket failed"
2023-10-21 13:57:19.713 +02:00 [Information] Executing endpoint '"/Account/Login"'
2023-10-21 13:57:19.717 +02:00 [Information] Route matched with "{page = \"/Account/Login\", area = \"Identity\", action = \"\", controller = \"\"}". Executing page "/Account/Login"
2023-10-21 13:57:19.931 +02:00 [Warning] The temp data cookie ".AspNetCore.Mvc.CookieTempDataProvider" could not be loaded.
System.Security.Cryptography.CryptographicException: The payload was invalid. For more information go to http://aka.ms/dataprotectionwarning
   at Microsoft.AspNetCore.DataProtection.Cng.CbcAuthenticatedEncryptor.DecryptImpl(Byte* pbCiphertext, UInt32 cbCiphertext, Byte* pbAdditionalAuthenticatedData, UInt32 cbAdditionalAuthenticatedData)
   at Microsoft.AspNetCore.DataProtection.Cng.Internal.CngAuthenticatedEncryptorBase.Decrypt(ArraySegment`1 ciphertext, ArraySegment`1 additionalAuthenticatedData)
   at Microsoft.AspNetCore.DataProtection.KeyManagement.KeyRingBasedDataProtector.UnprotectCore(Byte[] protectedData, Boolean allowOperationsOnRevokedKeys, UnprotectStatus& status)
   at Microsoft.AspNetCore.DataProtection.KeyManagement.KeyRingBasedDataProtector.Unprotect(Byte[] protectedData)
   at Microsoft.AspNetCore.Mvc.ViewFeatures.CookieTempDataProvider.LoadTempData(HttpContext context)
2023-10-21 13:57:19.934 +02:00 [Information] Executing handler method "MyShop.Areas.Identity.Pages.Account.LoginModel.OnGetAsync" - ModelState is Valid
2023-10-21 13:57:19.936 +02:00 [Information] AuthenticationScheme: "Identity.External" signed out.
2023-10-21 13:57:19.937 +02:00 [Information] Executed handler method "OnGetAsync", returned result "".
2023-10-21 13:57:19.937 +02:00 [Information] Executing an implicit handler method - ModelState is Valid
2023-10-21 13:57:19.938 +02:00 [Information] Executed an implicit handler method, returned result "Microsoft.AspNetCore.Mvc.RazorPages.PageResult".
2023-10-21 13:57:19.958 +02:00 [Information] Executed page "/Account/Login" in 240.8654ms
2023-10-21 13:57:19.958 +02:00 [Information] Executed endpoint '"/Account/Login"'
2023-10-21 13:57:19.966 +02:00 [Information] Request finished HTTP/2 GET https://localhost:7205/Identity/Account/Login?ReturnUrl=%2FOrder%2FCreateOrderItem - - - 200 - text/html;+charset=utf-8 256.2794ms
2023-10-21 13:57:19.982 +02:00 [Information] Request starting HTTP/2 GET https://localhost:7205/_framework/aspnetcore-browser-refresh.js - -
2023-10-21 13:57:19.983 +02:00 [Information] Request finished HTTP/2 GET https://localhost:7205/_framework/aspnetcore-browser-refresh.js - - - 200 12344 application/javascript;+charset=utf-8 1.0869ms
2023-10-21 13:57:19.986 +02:00 [Information] Request starting HTTP/2 GET https://localhost:7205/_vs/browserLink - -
2023-10-21 13:57:19.992 +02:00 [Information] Request finished HTTP/2 GET https://localhost:7205/_vs/browserLink - - - 200 - text/javascript;+charset=UTF-8 6.3744ms
2023-10-21 13:57:22.376 +02:00 [Information] Request starting HTTP/2 POST https://localhost:7205/Identity/Account/Login?ReturnUrl=%2FOrder%2FCreateOrderItem application/x-www-form-urlencoded 282
2023-10-21 13:57:22.377 +02:00 [Information] "Identity.Application" was not authenticated. Failure message: "Unprotect ticket failed"
2023-10-21 13:57:22.378 +02:00 [Information] "Identity.Application" was not authenticated. Failure message: "Unprotect ticket failed"
2023-10-21 13:57:22.378 +02:00 [Information] Executing endpoint '"/Account/Login"'
2023-10-21 13:57:22.378 +02:00 [Information] Route matched with "{page = \"/Account/Login\", area = \"Identity\", action = \"\", controller = \"\"}". Executing page "/Account/Login"
2023-10-21 13:57:22.381 +02:00 [Information] Executing handler method "MyShop.Areas.Identity.Pages.Account.LoginModel.OnPostAsync" - ModelState is Valid
2023-10-21 13:57:22.405 +02:00 [Information] AuthenticationScheme: "Identity.Application" signed in.
2023-10-21 13:57:22.409 +02:00 [Information] User logged in.
2023-10-21 13:57:22.410 +02:00 [Information] Executed handler method "OnPostAsync", returned result "Microsoft.AspNetCore.Mvc.LocalRedirectResult".
2023-10-21 13:57:22.412 +02:00 [Information] Executing LocalRedirectResult, redirecting to "/Order/CreateOrderItem".
2023-10-21 13:57:22.413 +02:00 [Information] Executed page "/Account/Login" in 35.2132ms
2023-10-21 13:57:22.414 +02:00 [Information] Executed endpoint '"/Account/Login"'
2023-10-21 13:57:22.414 +02:00 [Information] Request finished HTTP/2 POST https://localhost:7205/Identity/Account/Login?ReturnUrl=%2FOrder%2FCreateOrderItem application/x-www-form-urlencoded 282 - 302 0 - 38.9742ms
2023-10-21 13:57:22.419 +02:00 [Information] Request starting HTTP/2 GET https://localhost:7205/Order/CreateOrderItem - -
2023-10-21 13:57:22.424 +02:00 [Information] Executing endpoint '"MyShop.Controllers.OrderController.CreateOrderItem (MyShop)"'
2023-10-21 13:57:22.432 +02:00 [Information] Route matched with "{action = \"CreateOrderItem\", controller = \"Order\", page = \"\", area = \"\"}". Executing controller action with signature "System.Threading.Tasks.Task`1[Microsoft.AspNetCore.Mvc.IActionResult] CreateOrderItem()" on controller "MyShop.Controllers.OrderController" ("MyShop").
2023-10-21 13:57:22.481 +02:00 [Information] Executing ViewResult, running view "CreateOrderItem".
2023-10-21 13:57:22.566 +02:00 [Information] Executed ViewResult - view "CreateOrderItem" executed in 85.848ms.
2023-10-21 13:57:22.566 +02:00 [Information] Executed action "MyShop.Controllers.OrderController.CreateOrderItem (MyShop)" in 133.3954ms
2023-10-21 13:57:22.566 +02:00 [Information] Executed endpoint '"MyShop.Controllers.OrderController.CreateOrderItem (MyShop)"'
2023-10-21 13:57:22.570 +02:00 [Information] Request finished HTTP/2 GET https://localhost:7205/Order/CreateOrderItem - - - 200 - text/html;+charset=utf-8 151.4481ms
2023-10-21 13:57:22.583 +02:00 [Information] Request starting HTTP/2 GET https://localhost:7205/_vs/browserLink - -
2023-10-21 13:57:22.585 +02:00 [Information] Request starting HTTP/2 GET https://localhost:7205/_framework/aspnetcore-browser-refresh.js - -
2023-10-21 13:57:22.587 +02:00 [Information] Request finished HTTP/2 GET https://localhost:7205/_framework/aspnetcore-browser-refresh.js - - - 200 12344 application/javascript;+charset=utf-8 2.0773ms
2023-10-21 13:57:22.604 +02:00 [Information] Request finished HTTP/2 GET https://localhost:7205/_vs/browserLink - - - 200 - text/javascript;+charset=UTF-8 21.2521ms
