2023-08-28 18:19:30.444 +02:00 [Information] User profile is available. Using '"/Users/baifanz/.aspnet/DataProtection-Keys"' as key repository; keys will not be encrypted at rest.
2023-08-28 18:19:30.696 +02:00 [Information] Now listening on: "https://localhost:7205"
2023-08-28 18:19:30.722 +02:00 [Information] Now listening on: "http://localhost:5112"
2023-08-28 18:19:30.724 +02:00 [Information] Application started. Press Ctrl+C to shut down.
2023-08-28 18:19:30.725 +02:00 [Information] Hosting environment: "Development"
2023-08-28 18:19:30.725 +02:00 [Information] Content root path: "/Users/baifanz/Projects/ITPE32-23H/8-Security/MyShop-13-Security/MyShop"
2023-08-28 18:19:31.988 +02:00 [Information] Request starting HTTP/1.1 GET https://localhost:7205/ - -
2023-08-28 18:19:32.021 +02:00 [Information] Executing endpoint '"MyShop.Controllers.HomeController.Index (MyShop)"'
2023-08-28 18:19:32.026 +02:00 [Information] Route matched with "{action = \"Index\", controller = \"Home\", page = \"\", area = \"\"}". Executing controller action with signature "Microsoft.AspNetCore.Mvc.IActionResult Index()" on controller "MyShop.Controllers.HomeController" ("MyShop").
2023-08-28 18:19:32.033 +02:00 [Information] Executing ViewResult, running view "Index".
2023-08-28 18:19:32.089 +02:00 [Information] Executed ViewResult - view "Index" executed in 57.1834ms.
2023-08-28 18:19:32.091 +02:00 [Information] Executed action "MyShop.Controllers.HomeController.Index (MyShop)" in 63.9025ms
2023-08-28 18:19:32.091 +02:00 [Information] Executed endpoint '"MyShop.Controllers.HomeController.Index (MyShop)"'
2023-08-28 18:19:32.098 +02:00 [Information] Request finished HTTP/1.1 GET https://localhost:7205/ - - - 200 - text/html;+charset=utf-8 112.0362ms
2023-08-28 18:19:33.646 +02:00 [Information] Request starting HTTP/1.1 GET https://localhost:7205/Item/Table - -
2023-08-28 18:19:33.653 +02:00 [Information] Executing endpoint '"MyShop.Controllers.ItemController.Table (MyShop)"'
2023-08-28 18:19:33.662 +02:00 [Information] Route matched with "{action = \"Table\", controller = \"Item\", page = \"\", area = \"\"}". Executing controller action with signature "System.Threading.Tasks.Task`1[Microsoft.AspNetCore.Mvc.IActionResult] Table()" on controller "MyShop.Controllers.ItemController" ("MyShop").
2023-08-28 18:19:33.713 +02:00 [Information] Executing ViewResult, running view "Table".
2023-08-28 18:19:33.722 +02:00 [Information] Executed ViewResult - view "Table" executed in 9.6862ms.
2023-08-28 18:19:33.723 +02:00 [Information] Executed action "MyShop.Controllers.ItemController.Table (MyShop)" in 60.6127ms
2023-08-28 18:19:33.723 +02:00 [Information] Executed endpoint '"MyShop.Controllers.ItemController.Table (MyShop)"'
2023-08-28 18:19:33.724 +02:00 [Information] Request finished HTTP/1.1 GET https://localhost:7205/Item/Table - - - 200 - text/html;+charset=utf-8 78.2538ms
2023-08-28 18:19:40.244 +02:00 [Information] Request starting HTTP/1.1 GET https://localhost:7205/Item/Update/4 - -
2023-08-28 18:19:40.257 +02:00 [Information] Authorization failed. "These requirements were not met:
DenyAnonymousAuthorizationRequirement: Requires an authenticated user."
2023-08-28 18:19:40.262 +02:00 [Information] AuthenticationScheme: "Identity.Application" was challenged.
2023-08-28 18:19:40.263 +02:00 [Information] Request finished HTTP/1.1 GET https://localhost:7205/Item/Update/4 - - - 302 0 - 18.9326ms
2023-08-28 18:19:40.266 +02:00 [Information] Request starting HTTP/1.1 GET https://localhost:7205/Identity/Account/Login?ReturnUrl=%2FItem%2FUpdate%2F4 - -
2023-08-28 18:19:40.267 +02:00 [Information] Executing endpoint '"/Account/Login"'
2023-08-28 18:19:40.286 +02:00 [Information] Route matched with "{page = \"/Account/Login\", area = \"Identity\", action = \"\", controller = \"\"}". Executing page "/Account/Login"
2023-08-28 18:19:40.302 +02:00 [Information] Executing handler method "MyShop.Areas.Identity.Pages.Account.LoginModel.OnGetAsync" - ModelState is Valid
2023-08-28 18:19:40.305 +02:00 [Information] AuthenticationScheme: "Identity.External" signed out.
2023-08-28 18:19:40.306 +02:00 [Information] Executed handler method "OnGetAsync", returned result "".
2023-08-28 18:19:40.307 +02:00 [Information] Executing an implicit handler method - ModelState is Valid
2023-08-28 18:19:40.307 +02:00 [Information] Executed an implicit handler method, returned result "Microsoft.AspNetCore.Mvc.RazorPages.PageResult".
2023-08-28 18:19:40.335 +02:00 [Information] Executed page "/Account/Login" in 48.7043ms
2023-08-28 18:19:40.335 +02:00 [Information] Executed endpoint '"/Account/Login"'
2023-08-28 18:19:40.336 +02:00 [Information] Request finished HTTP/1.1 GET https://localhost:7205/Identity/Account/Login?ReturnUrl=%2FItem%2FUpdate%2F4 - - - 200 - text/html;+charset=utf-8 69.1505ms
2023-08-28 18:19:52.548 +02:00 [Information] Request starting HTTP/1.1 GET https://localhost:7205/Identity/Account/Login?ReturnUrl=%2FItem%2FUpdate%2F4 - -
2023-08-28 18:19:52.604 +02:00 [Information] Executing endpoint '"/Account/Login"'
2023-08-28 18:19:52.606 +02:00 [Information] Route matched with "{page = \"/Account/Login\", area = \"Identity\", action = \"\", controller = \"\"}". Executing page "/Account/Login"
2023-08-28 18:19:52.611 +02:00 [Information] Executing handler method "MyShop.Areas.Identity.Pages.Account.LoginModel.OnGetAsync" - ModelState is Valid
2023-08-28 18:19:52.612 +02:00 [Information] AuthenticationScheme: "Identity.External" signed out.
2023-08-28 18:19:52.612 +02:00 [Information] Executed handler method "OnGetAsync", returned result "".
2023-08-28 18:19:52.612 +02:00 [Information] Executing an implicit handler method - ModelState is Valid
2023-08-28 18:19:52.612 +02:00 [Information] Executed an implicit handler method, returned result "Microsoft.AspNetCore.Mvc.RazorPages.PageResult".
2023-08-28 18:19:52.619 +02:00 [Information] Executed page "/Account/Login" in 12.9513ms
2023-08-28 18:19:52.619 +02:00 [Information] Executed endpoint '"/Account/Login"'
2023-08-28 18:19:52.620 +02:00 [Information] Request finished HTTP/1.1 GET https://localhost:7205/Identity/Account/Login?ReturnUrl=%2FItem%2FUpdate%2F4 - - - 200 - text/html;+charset=utf-8 93.4055ms
2023-08-28 18:19:52.726 +02:00 [Information] Request starting HTTP/1.1 GET https://localhost:7205/favicon.ico - -
2023-08-28 18:19:52.730 +02:00 [Information] Request finished HTTP/1.1 GET https://localhost:7205/favicon.ico - - - 404 0 - 3.8969ms
2023-08-28 18:19:54.132 +02:00 [Information] Request starting HTTP/1.1 POST https://localhost:7205/Identity/Account/Login?ReturnUrl=%2FItem%2FUpdate%2F4 application/x-www-form-urlencoded 269
2023-08-28 18:19:54.133 +02:00 [Information] Executing endpoint '"/Account/Login"'
2023-08-28 18:19:54.133 +02:00 [Information] Route matched with "{page = \"/Account/Login\", area = \"Identity\", action = \"\", controller = \"\"}". Executing page "/Account/Login"
2023-08-28 18:19:54.161 +02:00 [Information] Executing handler method "MyShop.Areas.Identity.Pages.Account.LoginModel.OnPostAsync" - ModelState is Valid
2023-08-28 18:19:54.366 +02:00 [Information] AuthenticationScheme: "Identity.Application" signed in.
2023-08-28 18:19:54.367 +02:00 [Information] User logged in.
2023-08-28 18:19:54.367 +02:00 [Information] Executed handler method "OnPostAsync", returned result "Microsoft.AspNetCore.Mvc.LocalRedirectResult".
2023-08-28 18:19:54.368 +02:00 [Information] Executing LocalRedirectResult, redirecting to "/Item/Update/4".
2023-08-28 18:19:54.368 +02:00 [Information] Executed page "/Account/Login" in 234.4832ms
2023-08-28 18:19:54.368 +02:00 [Information] Executed endpoint '"/Account/Login"'
2023-08-28 18:19:54.368 +02:00 [Information] Request finished HTTP/1.1 POST https://localhost:7205/Identity/Account/Login?ReturnUrl=%2FItem%2FUpdate%2F4 application/x-www-form-urlencoded 269 - 302 0 - 235.9414ms
2023-08-28 18:19:54.379 +02:00 [Information] Request starting HTTP/1.1 GET https://localhost:7205/Item/Update/4 - -
2023-08-28 18:19:54.384 +02:00 [Information] Executing endpoint '"MyShop.Controllers.ItemController.Update (MyShop)"'
2023-08-28 18:19:54.386 +02:00 [Information] Route matched with "{action = \"Update\", controller = \"Item\", page = \"\", area = \"\"}". Executing controller action with signature "System.Threading.Tasks.Task`1[Microsoft.AspNetCore.Mvc.IActionResult] Update(Int32)" on controller "MyShop.Controllers.ItemController" ("MyShop").
2023-08-28 18:19:54.396 +02:00 [Information] Executing ViewResult, running view "Update".
2023-08-28 18:19:54.412 +02:00 [Information] Executed ViewResult - view "Update" executed in 16.3397ms.
2023-08-28 18:19:54.412 +02:00 [Information] Executed action "MyShop.Controllers.ItemController.Update (MyShop)" in 25.5964ms
2023-08-28 18:19:54.412 +02:00 [Information] Executed endpoint '"MyShop.Controllers.ItemController.Update (MyShop)"'
2023-08-28 18:19:54.412 +02:00 [Information] Request finished HTTP/1.1 GET https://localhost:7205/Item/Update/4 - - - 200 - text/html;+charset=utf-8 32.3552ms
2023-08-28 18:19:56.887 +02:00 [Information] Request starting HTTP/1.1 POST https://localhost:7205/Item/Update/4 application/x-www-form-urlencoded 394
2023-08-28 18:19:56.897 +02:00 [Information] Executing endpoint '"MyShop.Controllers.ItemController.Update (MyShop)"'
2023-08-28 18:19:56.909 +02:00 [Information] Route matched with "{action = \"Update\", controller = \"Item\", page = \"\", area = \"\"}". Executing controller action with signature "System.Threading.Tasks.Task`1[Microsoft.AspNetCore.Mvc.IActionResult] Update(MyShop.Models.Item)" on controller "MyShop.Controllers.ItemController" ("MyShop").
2023-08-28 18:19:56.971 +02:00 [Information] Executing RedirectResult, redirecting to "/Item/Table".
2023-08-28 18:19:56.971 +02:00 [Information] Executed action "MyShop.Controllers.ItemController.Update (MyShop)" in 62.3657ms
2023-08-28 18:19:56.971 +02:00 [Information] Executed endpoint '"MyShop.Controllers.ItemController.Update (MyShop)"'
2023-08-28 18:19:56.972 +02:00 [Information] Request finished HTTP/1.1 POST https://localhost:7205/Item/Update/4 application/x-www-form-urlencoded 394 - 302 0 - 84.6567ms
2023-08-28 18:19:56.974 +02:00 [Information] Request starting HTTP/1.1 GET https://localhost:7205/Item/Table - -
2023-08-28 18:19:56.975 +02:00 [Information] Executing endpoint '"MyShop.Controllers.ItemController.Table (MyShop)"'
2023-08-28 18:19:56.975 +02:00 [Information] Route matched with "{action = \"Table\", controller = \"Item\", page = \"\", area = \"\"}". Executing controller action with signature "System.Threading.Tasks.Task`1[Microsoft.AspNetCore.Mvc.IActionResult] Table()" on controller "MyShop.Controllers.ItemController" ("MyShop").
2023-08-28 18:19:56.977 +02:00 [Information] Executing ViewResult, running view "Table".
2023-08-28 18:19:56.978 +02:00 [Information] Executed ViewResult - view "Table" executed in 1.1664ms.
2023-08-28 18:19:56.978 +02:00 [Information] Executed action "MyShop.Controllers.ItemController.Table (MyShop)" in 3.3137ms
2023-08-28 18:19:56.979 +02:00 [Information] Executed endpoint '"MyShop.Controllers.ItemController.Table (MyShop)"'
2023-08-28 18:19:56.979 +02:00 [Information] Request finished HTTP/1.1 GET https://localhost:7205/Item/Table - - - 200 - text/html;+charset=utf-8 4.8097ms
2023-08-28 18:19:59.858 +02:00 [Information] Request starting HTTP/1.1 GET https://localhost:7205/Item/Delete/10 - -
2023-08-28 18:19:59.860 +02:00 [Information] Executing endpoint '"MyShop.Controllers.ItemController.Delete (MyShop)"'
2023-08-28 18:19:59.865 +02:00 [Information] Route matched with "{action = \"Delete\", controller = \"Item\", page = \"\", area = \"\"}". Executing controller action with signature "System.Threading.Tasks.Task`1[Microsoft.AspNetCore.Mvc.IActionResult] Delete(Int32)" on controller "MyShop.Controllers.ItemController" ("MyShop").
2023-08-28 18:19:59.876 +02:00 [Information] Executing ViewResult, running view "Delete".
2023-08-28 18:19:59.883 +02:00 [Information] Executed ViewResult - view "Delete" executed in 7.9722ms.
2023-08-28 18:19:59.883 +02:00 [Information] Executed action "MyShop.Controllers.ItemController.Delete (MyShop)" in 17.5878ms
2023-08-28 18:19:59.883 +02:00 [Information] Executed endpoint '"MyShop.Controllers.ItemController.Delete (MyShop)"'
2023-08-28 18:19:59.883 +02:00 [Information] Request finished HTTP/1.1 GET https://localhost:7205/Item/Delete/10 - - - 200 - text/html;+charset=utf-8 25.1138ms
2023-08-28 18:20:01.480 +02:00 [Information] Request starting HTTP/1.1 POST https://localhost:7205/Item/DeleteConfirmed/10 application/x-www-form-urlencoded 225
2023-08-28 18:20:01.504 +02:00 [Information] Executing endpoint '"MyShop.Controllers.ItemController.DeleteConfirmed (MyShop)"'
2023-08-28 18:20:01.509 +02:00 [Information] Route matched with "{action = \"DeleteConfirmed\", controller = \"Item\", page = \"\", area = \"\"}". Executing controller action with signature "System.Threading.Tasks.Task`1[Microsoft.AspNetCore.Mvc.IActionResult] DeleteConfirmed(Int32)" on controller "MyShop.Controllers.ItemController" ("MyShop").
2023-08-28 18:20:01.547 +02:00 [Information] Executing RedirectResult, redirecting to "/Item/Table".
2023-08-28 18:20:01.547 +02:00 [Information] Executed action "MyShop.Controllers.ItemController.DeleteConfirmed (MyShop)" in 37.8318ms
2023-08-28 18:20:01.547 +02:00 [Information] Executed endpoint '"MyShop.Controllers.ItemController.DeleteConfirmed (MyShop)"'
2023-08-28 18:20:01.548 +02:00 [Information] Request finished HTTP/1.1 POST https://localhost:7205/Item/DeleteConfirmed/10 application/x-www-form-urlencoded 225 - 302 0 - 67.3905ms
2023-08-28 18:20:01.550 +02:00 [Information] Request starting HTTP/1.1 GET https://localhost:7205/Item/Table - -
2023-08-28 18:20:01.551 +02:00 [Information] Executing endpoint '"MyShop.Controllers.ItemController.Table (MyShop)"'
2023-08-28 18:20:01.551 +02:00 [Information] Route matched with "{action = \"Table\", controller = \"Item\", page = \"\", area = \"\"}". Executing controller action with signature "System.Threading.Tasks.Task`1[Microsoft.AspNetCore.Mvc.IActionResult] Table()" on controller "MyShop.Controllers.ItemController" ("MyShop").
2023-08-28 18:20:01.554 +02:00 [Information] Executing ViewResult, running view "Table".
2023-08-28 18:20:01.556 +02:00 [Information] Executed ViewResult - view "Table" executed in 2.0967ms.
2023-08-28 18:20:01.556 +02:00 [Information] Executed action "MyShop.Controllers.ItemController.Table (MyShop)" in 4.6309ms
2023-08-28 18:20:01.556 +02:00 [Information] Executed endpoint '"MyShop.Controllers.ItemController.Table (MyShop)"'
2023-08-28 18:20:01.556 +02:00 [Information] Request finished HTTP/1.1 GET https://localhost:7205/Item/Table - - - 200 - text/html;+charset=utf-8 5.4931ms
2023-08-28 18:20:02.919 +02:00 [Information] Request starting HTTP/1.1 GET https://localhost:7205/Item/Delete/9 - -
2023-08-28 18:20:02.920 +02:00 [Information] Executing endpoint '"MyShop.Controllers.ItemController.Delete (MyShop)"'
2023-08-28 18:20:02.920 +02:00 [Information] Route matched with "{action = \"Delete\", controller = \"Item\", page = \"\", area = \"\"}". Executing controller action with signature "System.Threading.Tasks.Task`1[Microsoft.AspNetCore.Mvc.IActionResult] Delete(Int32)" on controller "MyShop.Controllers.ItemController" ("MyShop").
2023-08-28 18:20:02.928 +02:00 [Information] Executing ViewResult, running view "Delete".
2023-08-28 18:20:02.931 +02:00 [Information] Executed ViewResult - view "Delete" executed in 3.0794ms.
2023-08-28 18:20:02.931 +02:00 [Information] Executed action "MyShop.Controllers.ItemController.Delete (MyShop)" in 11.0958ms
2023-08-28 18:20:02.931 +02:00 [Information] Executed endpoint '"MyShop.Controllers.ItemController.Delete (MyShop)"'
2023-08-28 18:20:02.932 +02:00 [Information] Request finished HTTP/1.1 GET https://localhost:7205/Item/Delete/9 - - - 200 - text/html;+charset=utf-8 12.9278ms
2023-08-28 18:20:04.185 +02:00 [Information] Request starting HTTP/1.1 POST https://localhost:7205/Item/DeleteConfirmed/9 application/x-www-form-urlencoded 225
2023-08-28 18:20:04.186 +02:00 [Information] Executing endpoint '"MyShop.Controllers.ItemController.DeleteConfirmed (MyShop)"'
2023-08-28 18:20:04.186 +02:00 [Information] Route matched with "{action = \"DeleteConfirmed\", controller = \"Item\", page = \"\", area = \"\"}". Executing controller action with signature "System.Threading.Tasks.Task`1[Microsoft.AspNetCore.Mvc.IActionResult] DeleteConfirmed(Int32)" on controller "MyShop.Controllers.ItemController" ("MyShop").
2023-08-28 18:20:04.194 +02:00 [Information] Executing RedirectResult, redirecting to "/Item/Table".
2023-08-28 18:20:04.194 +02:00 [Information] Executed action "MyShop.Controllers.ItemController.DeleteConfirmed (MyShop)" in 7.5917ms
2023-08-28 18:20:04.194 +02:00 [Information] Executed endpoint '"MyShop.Controllers.ItemController.DeleteConfirmed (MyShop)"'
2023-08-28 18:20:04.194 +02:00 [Information] Request finished HTTP/1.1 POST https://localhost:7205/Item/DeleteConfirmed/9 application/x-www-form-urlencoded 225 - 302 0 - 8.9842ms
2023-08-28 18:20:04.230 +02:00 [Information] Request starting HTTP/1.1 GET https://localhost:7205/Item/Table - -
2023-08-28 18:20:04.231 +02:00 [Information] Executing endpoint '"MyShop.Controllers.ItemController.Table (MyShop)"'
2023-08-28 18:20:04.231 +02:00 [Information] Route matched with "{action = \"Table\", controller = \"Item\", page = \"\", area = \"\"}". Executing controller action with signature "System.Threading.Tasks.Task`1[Microsoft.AspNetCore.Mvc.IActionResult] Table()" on controller "MyShop.Controllers.ItemController" ("MyShop").
2023-08-28 18:20:04.233 +02:00 [Information] Executing ViewResult, running view "Table".
2023-08-28 18:20:04.235 +02:00 [Information] Executed ViewResult - view "Table" executed in 1.235ms.
2023-08-28 18:20:04.235 +02:00 [Information] Executed action "MyShop.Controllers.ItemController.Table (MyShop)" in 3.5481ms
2023-08-28 18:20:04.235 +02:00 [Information] Executed endpoint '"MyShop.Controllers.ItemController.Table (MyShop)"'
2023-08-28 18:20:04.235 +02:00 [Information] Request finished HTTP/1.1 GET https://localhost:7205/Item/Table - - - 200 - text/html;+charset=utf-8 4.9159ms
2023-08-28 18:20:06.446 +02:00 [Information] Request starting HTTP/1.1 GET https://localhost:7205/Item/Update/3 - -
2023-08-28 18:20:06.448 +02:00 [Information] Executing endpoint '"MyShop.Controllers.ItemController.Update (MyShop)"'
2023-08-28 18:20:06.448 +02:00 [Information] Route matched with "{action = \"Update\", controller = \"Item\", page = \"\", area = \"\"}". Executing controller action with signature "System.Threading.Tasks.Task`1[Microsoft.AspNetCore.Mvc.IActionResult] Update(Int32)" on controller "MyShop.Controllers.ItemController" ("MyShop").
2023-08-28 18:20:06.452 +02:00 [Information] Executing ViewResult, running view "Update".
2023-08-28 18:20:06.454 +02:00 [Information] Executed ViewResult - view "Update" executed in 2.5008ms.
2023-08-28 18:20:06.454 +02:00 [Information] Executed action "MyShop.Controllers.ItemController.Update (MyShop)" in 6.5429ms
2023-08-28 18:20:06.454 +02:00 [Information] Executed endpoint '"MyShop.Controllers.ItemController.Update (MyShop)"'
2023-08-28 18:20:06.454 +02:00 [Information] Request finished HTTP/1.1 GET https://localhost:7205/Item/Update/3 - - - 200 - text/html;+charset=utf-8 7.9922ms
2023-08-28 18:20:08.331 +02:00 [Information] Request starting HTTP/1.1 POST https://localhost:7205/Item/Update/3 application/x-www-form-urlencoded 419
2023-08-28 18:20:08.332 +02:00 [Information] Executing endpoint '"MyShop.Controllers.ItemController.Update (MyShop)"'
2023-08-28 18:20:08.332 +02:00 [Information] Route matched with "{action = \"Update\", controller = \"Item\", page = \"\", area = \"\"}". Executing controller action with signature "System.Threading.Tasks.Task`1[Microsoft.AspNetCore.Mvc.IActionResult] Update(MyShop.Models.Item)" on controller "MyShop.Controllers.ItemController" ("MyShop").
2023-08-28 18:20:08.338 +02:00 [Information] Executing RedirectResult, redirecting to "/Item/Table".
2023-08-28 18:20:08.338 +02:00 [Information] Executed action "MyShop.Controllers.ItemController.Update (MyShop)" in 5.3602ms
2023-08-28 18:20:08.338 +02:00 [Information] Executed endpoint '"MyShop.Controllers.ItemController.Update (MyShop)"'
2023-08-28 18:20:08.338 +02:00 [Information] Request finished HTTP/1.1 POST https://localhost:7205/Item/Update/3 application/x-www-form-urlencoded 419 - 302 0 - 7.1907ms
2023-08-28 18:20:08.343 +02:00 [Information] Request starting HTTP/1.1 GET https://localhost:7205/Item/Table - -
2023-08-28 18:20:08.344 +02:00 [Information] Executing endpoint '"MyShop.Controllers.ItemController.Table (MyShop)"'
2023-08-28 18:20:08.345 +02:00 [Information] Route matched with "{action = \"Table\", controller = \"Item\", page = \"\", area = \"\"}". Executing controller action with signature "System.Threading.Tasks.Task`1[Microsoft.AspNetCore.Mvc.IActionResult] Table()" on controller "MyShop.Controllers.ItemController" ("MyShop").
2023-08-28 18:20:08.348 +02:00 [Information] Executing ViewResult, running view "Table".
2023-08-28 18:20:08.349 +02:00 [Information] Executed ViewResult - view "Table" executed in 1.1257ms.
2023-08-28 18:20:08.349 +02:00 [Information] Executed action "MyShop.Controllers.ItemController.Table (MyShop)" in 3.9964ms
2023-08-28 18:20:08.349 +02:00 [Information] Executed endpoint '"MyShop.Controllers.ItemController.Table (MyShop)"'
2023-08-28 18:20:08.349 +02:00 [Information] Request finished HTTP/1.1 GET https://localhost:7205/Item/Table - - - 200 - text/html;+charset=utf-8 6.0975ms
