2023-10-21 01:04:54.441 +02:00 [Information] User profile is available. Using '"C:\Users\47925\AppData\Local\ASP.NET\DataProtection-Keys"' as key repository and Windows DPAPI to encrypt keys at rest.
2023-10-21 01:04:55.954 +02:00 [Information] Now listening on: "https://localhost:7205"
2023-10-21 01:04:55.958 +02:00 [Information] Now listening on: "http://localhost:5112"
2023-10-21 01:04:55.980 +02:00 [Information] Application started. Press Ctrl+C to shut down.
2023-10-21 01:04:55.985 +02:00 [Information] Hosting environment: "Development"
2023-10-21 01:04:55.988 +02:00 [Information] Content root path: "C:\Users\47925\OneDrive - OsloMet\Skrivebord\webapp\MyShop-13-Security\MyShop\"
2023-10-21 01:04:58.381 +02:00 [Information] Request starting HTTP/2 GET https://localhost:7205/ - -
2023-10-21 01:04:58.657 +02:00 [Information] "Identity.Application" was not authenticated. Failure message: "Unprotect ticket failed"
2023-10-21 01:04:58.660 +02:00 [Information] "Identity.Application" was not authenticated. Failure message: "Unprotect ticket failed"
2023-10-21 01:04:58.667 +02:00 [Information] Executing endpoint '"MyShop.Controllers.HomeController.Index (MyShop)"'
2023-10-21 01:04:58.691 +02:00 [Information] Route matched with "{action = \"Index\", controller = \"Home\", page = \"\", area = \"\"}". Executing controller action with signature "Microsoft.AspNetCore.Mvc.IActionResult Index()" on controller "MyShop.Controllers.HomeController" ("MyShop").
2023-10-21 01:04:58.715 +02:00 [Information] Executing ViewResult, running view "Index".
2023-10-21 01:04:59.290 +02:00 [Information] Executed ViewResult - view "Index" executed in 579.1922ms.
2023-10-21 01:04:59.298 +02:00 [Information] Executed action "MyShop.Controllers.HomeController.Index (MyShop)" in 606.3772ms
2023-10-21 01:04:59.299 +02:00 [Information] Executed endpoint '"MyShop.Controllers.HomeController.Index (MyShop)"'
2023-10-21 01:04:59.382 +02:00 [Information] Request starting HTTP/2 GET https://localhost:7205/lib/bootstrap/js/bootstrap.js - -
2023-10-21 01:04:59.382 +02:00 [Information] Request starting HTTP/2 GET https://localhost:7205/lib/jquery-validate/jquery.validate.js - -
2023-10-21 01:04:59.382 +02:00 [Information] Request starting HTTP/2 GET https://localhost:7205/lib/jquery/jquery.js - -
2023-10-21 01:04:59.413 +02:00 [Information] Request starting HTTP/2 GET https://localhost:7205/lib/jquery-validation-unobtrusive/jquery.validate.unobtrusive.js - -
2023-10-21 01:04:59.416 +02:00 [Information] Request starting HTTP/2 GET https://localhost:7205/images/pizza.jpg - -
2023-10-21 01:04:59.424 +02:00 [Information] Request starting HTTP/2 GET https://localhost:7205/images/fishandchips.jpg - -
2023-10-21 01:04:59.437 +02:00 [Information] Request finished HTTP/2 GET https://localhost:7205/ - - - 200 - text/html;+charset=utf-8 1064.4127ms
2023-10-21 01:04:59.460 +02:00 [Information] The file "/images/pizza.jpg" was not modified
2023-10-21 01:04:59.460 +02:00 [Information] The file "/lib/jquery/jquery.js" was not modified
2023-10-21 01:04:59.460 +02:00 [Information] The file "/lib/jquery-validation-unobtrusive/jquery.validate.unobtrusive.js" was not modified
2023-10-21 01:04:59.460 +02:00 [Information] The file "/lib/bootstrap/js/bootstrap.js" was not modified
2023-10-21 01:04:59.460 +02:00 [Information] The file "/images/fishandchips.jpg" was not modified
2023-10-21 01:04:59.460 +02:00 [Information] The file "/lib/jquery-validate/jquery.validate.js" was not modified
2023-10-21 01:04:59.462 +02:00 [Information] Request finished HTTP/2 GET https://localhost:7205/lib/bootstrap/js/bootstrap.js - - - 304 - application/javascript 80.0400ms
2023-10-21 01:04:59.462 +02:00 [Information] Request finished HTTP/2 GET https://localhost:7205/lib/jquery-validate/jquery.validate.js - - - 304 - application/javascript 80.0787ms
2023-10-21 01:04:59.462 +02:00 [Information] Request finished HTTP/2 GET https://localhost:7205/lib/jquery/jquery.js - - - 304 - application/javascript 80.0788ms
2023-10-21 01:04:59.462 +02:00 [Information] Request finished HTTP/2 GET https://localhost:7205/lib/jquery-validation-unobtrusive/jquery.validate.unobtrusive.js - - - 304 - application/javascript 49.3712ms
2023-10-21 01:04:59.462 +02:00 [Information] Request finished HTTP/2 GET https://localhost:7205/images/fishandchips.jpg - - - 304 - image/jpeg 38.5219ms
2023-10-21 01:04:59.462 +02:00 [Information] Request finished HTTP/2 GET https://localhost:7205/images/pizza.jpg - - - 304 - image/jpeg 45.9791ms
2023-10-21 01:04:59.481 +02:00 [Information] Request starting HTTP/2 GET https://localhost:7205/images/tacos.jpg - -
2023-10-21 01:04:59.481 +02:00 [Information] Request starting HTTP/2 GET https://localhost:7205/_framework/aspnetcore-browser-refresh.js - -
2023-10-21 01:04:59.483 +02:00 [Information] The file "/images/tacos.jpg" was not modified
2023-10-21 01:04:59.484 +02:00 [Information] Request finished HTTP/2 GET https://localhost:7205/images/tacos.jpg - - - 304 - image/jpeg 3.0729ms
2023-10-21 01:04:59.494 +02:00 [Information] Request finished HTTP/2 GET https://localhost:7205/_framework/aspnetcore-browser-refresh.js - - - 200 12344 application/javascript;+charset=utf-8 13.1455ms
2023-10-21 01:04:59.513 +02:00 [Information] Request starting HTTP/2 GET https://localhost:7205/_vs/browserLink - -
2023-10-21 01:04:59.608 +02:00 [Information] Request finished HTTP/2 GET https://localhost:7205/_vs/browserLink - - - 200 - text/javascript;+charset=UTF-8 95.4071ms
2023-10-21 01:04:59.761 +02:00 [Information] Request starting HTTP/2 GET https://localhost:7205/favicon.ico - -
2023-10-21 01:04:59.766 +02:00 [Information] "Identity.Application" was not authenticated. Failure message: "Unprotect ticket failed"
2023-10-21 01:04:59.766 +02:00 [Information] "Identity.Application" was not authenticated. Failure message: "Unprotect ticket failed"
2023-10-21 01:04:59.767 +02:00 [Information] Request finished HTTP/2 GET https://localhost:7205/favicon.ico - - - 404 0 - 5.9460ms
2023-10-21 01:06:42.086 +02:00 [Information] Request starting HTTP/2 GET https://localhost:7205/Identity/Account/Register - -
2023-10-21 01:06:42.093 +02:00 [Information] "Identity.Application" was not authenticated. Failure message: "Unprotect ticket failed"
2023-10-21 01:06:42.093 +02:00 [Information] "Identity.Application" was not authenticated. Failure message: "Unprotect ticket failed"
2023-10-21 01:06:42.094 +02:00 [Information] Executing endpoint '"/Account/Register"'
2023-10-21 01:06:42.140 +02:00 [Information] Route matched with "{page = \"/Account/Register\", area = \"Identity\", action = \"\", controller = \"\"}". Executing page "/Account/Register"
2023-10-21 01:06:42.205 +02:00 [Information] Executing handler method "MyShop.Areas.Identity.Pages.Account.RegisterModel.OnGetAsync" - ModelState is Valid
2023-10-21 01:06:42.210 +02:00 [Information] Executed handler method "OnGetAsync", returned result "".
2023-10-21 01:06:42.217 +02:00 [Information] Executing an implicit handler method - ModelState is Valid
2023-10-21 01:06:42.218 +02:00 [Information] Executed an implicit handler method, returned result "Microsoft.AspNetCore.Mvc.RazorPages.PageResult".
2023-10-21 01:06:42.339 +02:00 [Information] Executed page "/Account/Register" in 197.7704ms
2023-10-21 01:06:42.339 +02:00 [Information] Executed endpoint '"/Account/Register"'
2023-10-21 01:06:42.349 +02:00 [Information] Request finished HTTP/2 GET https://localhost:7205/Identity/Account/Register - - - 200 - text/html;+charset=utf-8 262.6114ms
2023-10-21 01:06:42.357 +02:00 [Information] Request starting HTTP/2 GET https://localhost:7205/_framework/aspnetcore-browser-refresh.js - -
2023-10-21 01:06:42.357 +02:00 [Information] Request finished HTTP/2 GET https://localhost:7205/_framework/aspnetcore-browser-refresh.js - - - 200 12344 application/javascript;+charset=utf-8 0.6303ms
2023-10-21 01:06:42.370 +02:00 [Information] Request starting HTTP/2 GET https://localhost:7205/_vs/browserLink - -
2023-10-21 01:06:42.378 +02:00 [Information] Request finished HTTP/2 GET https://localhost:7205/_vs/browserLink - - - 200 - text/javascript;+charset=UTF-8 8.4567ms
2023-10-21 01:06:51.051 +02:00 [Information] Request starting HTTP/2 POST https://localhost:7205/Identity/Account/Register application/x-www-form-urlencoded 301
2023-10-21 01:06:51.065 +02:00 [Information] "Identity.Application" was not authenticated. Failure message: "Unprotect ticket failed"
2023-10-21 01:06:51.065 +02:00 [Information] "Identity.Application" was not authenticated. Failure message: "Unprotect ticket failed"
2023-10-21 01:06:51.065 +02:00 [Information] Executing endpoint '"/Account/Register"'
2023-10-21 01:06:51.066 +02:00 [Information] Route matched with "{page = \"/Account/Register\", area = \"Identity\", action = \"\", controller = \"\"}". Executing page "/Account/Register"
2023-10-21 01:06:51.145 +02:00 [Information] Executing handler method "MyShop.Areas.Identity.Pages.Account.RegisterModel.OnPostAsync" - ModelState is Valid
2023-10-21 01:06:52.617 +02:00 [Information] User created a new account with password.
2023-10-21 01:06:52.816 +02:00 [Information] AuthenticationScheme: "Identity.Application" signed in.
2023-10-21 01:06:52.819 +02:00 [Information] Executed handler method "OnPostAsync", returned result "Microsoft.AspNetCore.Mvc.LocalRedirectResult".
2023-10-21 01:06:52.820 +02:00 [Information] Executing LocalRedirectResult, redirecting to "/".
2023-10-21 01:06:52.821 +02:00 [Information] Executed page "/Account/Register" in 1754.903ms
2023-10-21 01:06:52.821 +02:00 [Information] Executed endpoint '"/Account/Register"'
2023-10-21 01:06:52.829 +02:00 [Information] Request starting HTTP/2 GET https://localhost:7205/ - -
2023-10-21 01:06:52.838 +02:00 [Information] Executing endpoint '"MyShop.Controllers.HomeController.Index (MyShop)"'
2023-10-21 01:06:52.839 +02:00 [Information] Route matched with "{action = \"Index\", controller = \"Home\", page = \"\", area = \"\"}". Executing controller action with signature "Microsoft.AspNetCore.Mvc.IActionResult Index()" on controller "MyShop.Controllers.HomeController" ("MyShop").
2023-10-21 01:06:52.839 +02:00 [Information] Executing ViewResult, running view "Index".
2023-10-21 01:06:52.841 +02:00 [Information] Request finished HTTP/2 POST https://localhost:7205/Identity/Account/Register application/x-www-form-urlencoded 301 - 302 0 - 1789.9048ms
2023-10-21 01:06:52.857 +02:00 [Information] Executed ViewResult - view "Index" executed in 18.0964ms.
2023-10-21 01:06:52.858 +02:00 [Information] Executed action "MyShop.Controllers.HomeController.Index (MyShop)" in 18.9407ms
2023-10-21 01:06:52.858 +02:00 [Information] Executed endpoint '"MyShop.Controllers.HomeController.Index (MyShop)"'
2023-10-21 01:06:52.862 +02:00 [Information] Request finished HTTP/2 GET https://localhost:7205/ - - - 200 - text/html;+charset=utf-8 33.5990ms
2023-10-21 01:06:52.877 +02:00 [Information] Request starting HTTP/2 GET https://localhost:7205/_vs/browserLink - -
2023-10-21 01:06:52.883 +02:00 [Information] Request starting HTTP/2 GET https://localhost:7205/_framework/aspnetcore-browser-refresh.js - -
2023-10-21 01:06:52.883 +02:00 [Information] Request finished HTTP/2 GET https://localhost:7205/_framework/aspnetcore-browser-refresh.js - - - 200 12344 application/javascript;+charset=utf-8 0.7194ms
2023-10-21 01:06:52.890 +02:00 [Information] Request finished HTTP/2 GET https://localhost:7205/_vs/browserLink - - - 200 - text/javascript;+charset=UTF-8 13.5364ms
2023-10-21 01:06:58.677 +02:00 [Information] Request starting HTTP/2 POST https://localhost:7205/Identity/Account/Logout?returnUrl=%2F application/x-www-form-urlencoded 225
2023-10-21 01:06:58.687 +02:00 [Information] Executing endpoint '"/Account/Logout"'
2023-10-21 01:06:58.693 +02:00 [Information] Route matched with "{page = \"/Account/Logout\", area = \"Identity\", action = \"\", controller = \"\"}". Executing page "/Account/Logout"
2023-10-21 01:06:58.704 +02:00 [Information] Executing handler method "MyShop.Areas.Identity.Pages.Account.LogoutModel.OnPost" - ModelState is Valid
2023-10-21 01:06:58.712 +02:00 [Information] AuthenticationScheme: "Identity.Application" signed out.
2023-10-21 01:06:58.713 +02:00 [Information] AuthenticationScheme: "Identity.External" signed out.
2023-10-21 01:06:58.713 +02:00 [Information] AuthenticationScheme: "Identity.TwoFactorUserId" signed out.
2023-10-21 01:06:58.716 +02:00 [Information] User logged out.
2023-10-21 01:06:58.717 +02:00 [Information] Executed handler method "OnPost", returned result "Microsoft.AspNetCore.Mvc.LocalRedirectResult".
2023-10-21 01:06:58.717 +02:00 [Information] Executing LocalRedirectResult, redirecting to "/".
2023-10-21 01:06:58.717 +02:00 [Information] Executed page "/Account/Logout" in 23.5541ms
2023-10-21 01:06:58.717 +02:00 [Information] Executed endpoint '"/Account/Logout"'
2023-10-21 01:06:58.718 +02:00 [Information] Request finished HTTP/2 POST https://localhost:7205/Identity/Account/Logout?returnUrl=%2F application/x-www-form-urlencoded 225 - 302 0 - 41.7136ms
2023-10-21 01:06:58.722 +02:00 [Information] Request starting HTTP/2 GET https://localhost:7205/ - -
2023-10-21 01:06:58.724 +02:00 [Information] Executing endpoint '"MyShop.Controllers.HomeController.Index (MyShop)"'
2023-10-21 01:06:58.725 +02:00 [Information] Route matched with "{action = \"Index\", controller = \"Home\", page = \"\", area = \"\"}". Executing controller action with signature "Microsoft.AspNetCore.Mvc.IActionResult Index()" on controller "MyShop.Controllers.HomeController" ("MyShop").
2023-10-21 01:06:58.725 +02:00 [Information] Executing ViewResult, running view "Index".
2023-10-21 01:06:58.737 +02:00 [Information] Executed ViewResult - view "Index" executed in 12.2323ms.
2023-10-21 01:06:58.738 +02:00 [Information] Executed action "MyShop.Controllers.HomeController.Index (MyShop)" in 12.6996ms
2023-10-21 01:06:58.738 +02:00 [Information] Executed endpoint '"MyShop.Controllers.HomeController.Index (MyShop)"'
2023-10-21 01:06:58.742 +02:00 [Information] Request finished HTTP/2 GET https://localhost:7205/ - - - 200 - text/html;+charset=utf-8 19.4166ms
2023-10-21 01:06:58.757 +02:00 [Information] Request starting HTTP/2 GET https://localhost:7205/_vs/browserLink - -
2023-10-21 01:06:58.771 +02:00 [Information] Request starting HTTP/2 GET https://localhost:7205/_framework/aspnetcore-browser-refresh.js - -
2023-10-21 01:06:58.772 +02:00 [Information] Request finished HTTP/2 GET https://localhost:7205/_framework/aspnetcore-browser-refresh.js - - - 200 12344 application/javascript;+charset=utf-8 0.4566ms
2023-10-21 01:06:58.781 +02:00 [Information] Request finished HTTP/2 GET https://localhost:7205/_vs/browserLink - - - 200 - text/javascript;+charset=UTF-8 24.3795ms
2023-10-21 01:07:03.147 +02:00 [Information] Request starting HTTP/2 GET https://localhost:7205/Identity/Account/Register - -
2023-10-21 01:07:03.149 +02:00 [Information] Executing endpoint '"/Account/Register"'
2023-10-21 01:07:03.149 +02:00 [Information] Route matched with "{page = \"/Account/Register\", area = \"Identity\", action = \"\", controller = \"\"}". Executing page "/Account/Register"
2023-10-21 01:07:03.151 +02:00 [Information] Executing handler method "MyShop.Areas.Identity.Pages.Account.RegisterModel.OnGetAsync" - ModelState is Valid
2023-10-21 01:07:03.152 +02:00 [Information] Executed handler method "OnGetAsync", returned result "".
2023-10-21 01:07:03.152 +02:00 [Information] Executing an implicit handler method - ModelState is Valid
2023-10-21 01:07:03.152 +02:00 [Information] Executed an implicit handler method, returned result "Microsoft.AspNetCore.Mvc.RazorPages.PageResult".
2023-10-21 01:07:03.173 +02:00 [Information] Executed page "/Account/Register" in 23.6146ms
2023-10-21 01:07:03.173 +02:00 [Information] Executed endpoint '"/Account/Register"'
2023-10-21 01:07:03.179 +02:00 [Information] Request finished HTTP/2 GET https://localhost:7205/Identity/Account/Register - - - 200 - text/html;+charset=utf-8 32.0971ms
2023-10-21 01:07:03.189 +02:00 [Information] Request starting HTTP/2 GET https://localhost:7205/_vs/browserLink - -
2023-10-21 01:07:03.189 +02:00 [Information] Request starting HTTP/2 GET https://localhost:7205/_framework/aspnetcore-browser-refresh.js - -
2023-10-21 01:07:03.189 +02:00 [Information] Request finished HTTP/2 GET https://localhost:7205/_framework/aspnetcore-browser-refresh.js - - - 200 12344 application/javascript;+charset=utf-8 0.5339ms
2023-10-21 01:07:03.204 +02:00 [Information] Request finished HTTP/2 GET https://localhost:7205/_vs/browserLink - - - 200 - text/javascript;+charset=UTF-8 15.2593ms
2023-10-21 01:17:07.965 +02:00 [Information] Request starting HTTP/2 GET https://localhost:7205/Identity/Account/Login - -
2023-10-21 01:17:07.987 +02:00 [Information] "Identity.Application" was not authenticated. Failure message: "Unprotect ticket failed"
2023-10-21 01:17:07.988 +02:00 [Information] "Identity.Application" was not authenticated. Failure message: "Unprotect ticket failed"
2023-10-21 01:17:07.989 +02:00 [Information] Executing endpoint '"/Account/Login"'
2023-10-21 01:17:08.078 +02:00 [Information] Route matched with "{page = \"/Account/Login\", area = \"Identity\", action = \"\", controller = \"\"}". Executing page "/Account/Login"
2023-10-21 01:17:08.106 +02:00 [Information] Executing handler method "MyShop.Areas.Identity.Pages.Account.LoginModel.OnGetAsync" - ModelState is Valid
2023-10-21 01:17:08.111 +02:00 [Information] AuthenticationScheme: "Identity.External" signed out.
2023-10-21 01:17:08.112 +02:00 [Information] Executed handler method "OnGetAsync", returned result "".
2023-10-21 01:17:08.112 +02:00 [Information] Executing an implicit handler method - ModelState is Valid
2023-10-21 01:17:08.112 +02:00 [Information] Executed an implicit handler method, returned result "Microsoft.AspNetCore.Mvc.RazorPages.PageResult".
2023-10-21 01:17:08.215 +02:00 [Information] Executed page "/Account/Login" in 136.1488ms
2023-10-21 01:17:08.216 +02:00 [Information] Executed endpoint '"/Account/Login"'
2023-10-21 01:17:08.222 +02:00 [Information] Request finished HTTP/2 GET https://localhost:7205/Identity/Account/Login - - - 200 - text/html;+charset=utf-8 259.8576ms
2023-10-21 01:17:08.236 +02:00 [Information] Request starting HTTP/2 GET https://localhost:7205/_vs/browserLink - -
2023-10-21 01:17:08.242 +02:00 [Information] Request starting HTTP/2 GET https://localhost:7205/_framework/aspnetcore-browser-refresh.js - -
2023-10-21 01:17:08.244 +02:00 [Information] Request finished HTTP/2 GET https://localhost:7205/_framework/aspnetcore-browser-refresh.js - - - 200 12344 application/javascript;+charset=utf-8 1.8291ms
2023-10-21 01:17:08.248 +02:00 [Information] Request finished HTTP/2 GET https://localhost:7205/_vs/browserLink - - - 200 - text/javascript;+charset=UTF-8 14.5784ms
2023-10-21 01:17:10.562 +02:00 [Information] Request starting HTTP/2 POST https://localhost:7205/Identity/Account/Login application/x-www-form-urlencoded 282
2023-10-21 01:17:10.564 +02:00 [Information] "Identity.Application" was not authenticated. Failure message: "Unprotect ticket failed"
2023-10-21 01:17:10.564 +02:00 [Information] "Identity.Application" was not authenticated. Failure message: "Unprotect ticket failed"
2023-10-21 01:17:10.564 +02:00 [Information] Executing endpoint '"/Account/Login"'
2023-10-21 01:17:10.564 +02:00 [Information] Route matched with "{page = \"/Account/Login\", area = \"Identity\", action = \"\", controller = \"\"}". Executing page "/Account/Login"
2023-10-21 01:17:10.579 +02:00 [Information] Executing handler method "MyShop.Areas.Identity.Pages.Account.LoginModel.OnPostAsync" - ModelState is Valid
2023-10-21 01:17:10.861 +02:00 [Information] AuthenticationScheme: "Identity.Application" signed in.
2023-10-21 01:17:10.866 +02:00 [Information] User logged in.
2023-10-21 01:17:10.866 +02:00 [Information] Executed handler method "OnPostAsync", returned result "Microsoft.AspNetCore.Mvc.LocalRedirectResult".
2023-10-21 01:17:10.867 +02:00 [Information] Executing LocalRedirectResult, redirecting to "/".
2023-10-21 01:17:10.867 +02:00 [Information] Executed page "/Account/Login" in 302.8288ms
2023-10-21 01:17:10.867 +02:00 [Information] Executed endpoint '"/Account/Login"'
2023-10-21 01:17:10.868 +02:00 [Information] Request finished HTTP/2 POST https://localhost:7205/Identity/Account/Login application/x-www-form-urlencoded 282 - 302 0 - 306.9345ms
2023-10-21 01:17:10.873 +02:00 [Information] Request starting HTTP/2 GET https://localhost:7205/ - -
2023-10-21 01:17:10.877 +02:00 [Information] Executing endpoint '"MyShop.Controllers.HomeController.Index (MyShop)"'
2023-10-21 01:17:10.878 +02:00 [Information] Route matched with "{action = \"Index\", controller = \"Home\", page = \"\", area = \"\"}". Executing controller action with signature "Microsoft.AspNetCore.Mvc.IActionResult Index()" on controller "MyShop.Controllers.HomeController" ("MyShop").
2023-10-21 01:17:10.878 +02:00 [Information] Executing ViewResult, running view "Index".
2023-10-21 01:17:10.889 +02:00 [Information] Executed ViewResult - view "Index" executed in 10.6145ms.
2023-10-21 01:17:10.889 +02:00 [Information] Executed action "MyShop.Controllers.HomeController.Index (MyShop)" in 11.0601ms
2023-10-21 01:17:10.889 +02:00 [Information] Executed endpoint '"MyShop.Controllers.HomeController.Index (MyShop)"'
2023-10-21 01:17:10.892 +02:00 [Information] Request finished HTTP/2 GET https://localhost:7205/ - - - 200 - text/html;+charset=utf-8 19.4310ms
2023-10-21 01:17:10.923 +02:00 [Information] Request starting HTTP/2 GET https://localhost:7205/_framework/aspnetcore-browser-refresh.js - -
2023-10-21 01:17:10.923 +02:00 [Information] Request finished HTTP/2 GET https://localhost:7205/_framework/aspnetcore-browser-refresh.js - - - 200 12344 application/javascript;+charset=utf-8 0.7510ms
2023-10-21 01:17:10.927 +02:00 [Information] Request starting HTTP/2 GET https://localhost:7205/_vs/browserLink - -
2023-10-21 01:17:10.934 +02:00 [Information] Request finished HTTP/2 GET https://localhost:7205/_vs/browserLink - - - 200 - text/javascript;+charset=UTF-8 7.3326ms
2023-10-21 01:17:14.407 +02:00 [Information] Request starting HTTP/2 GET https://localhost:7205/ - -
2023-10-21 01:17:14.410 +02:00 [Information] Executing endpoint '"MyShop.Controllers.HomeController.Index (MyShop)"'
2023-10-21 01:17:14.410 +02:00 [Information] Route matched with "{action = \"Index\", controller = \"Home\", page = \"\", area = \"\"}". Executing controller action with signature "Microsoft.AspNetCore.Mvc.IActionResult Index()" on controller "MyShop.Controllers.HomeController" ("MyShop").
2023-10-21 01:17:14.410 +02:00 [Information] Executing ViewResult, running view "Index".
2023-10-21 01:17:14.426 +02:00 [Information] Executed ViewResult - view "Index" executed in 15.9749ms.
2023-10-21 01:17:14.426 +02:00 [Information] Executed action "MyShop.Controllers.HomeController.Index (MyShop)" in 16.3604ms
2023-10-21 01:17:14.426 +02:00 [Information] Executed endpoint '"MyShop.Controllers.HomeController.Index (MyShop)"'
2023-10-21 01:17:14.433 +02:00 [Information] Request finished HTTP/2 GET https://localhost:7205/ - - - 200 - text/html;+charset=utf-8 25.5709ms
2023-10-21 01:17:14.449 +02:00 [Information] Request starting HTTP/2 GET https://localhost:7205/_vs/browserLink - -
2023-10-21 01:17:14.453 +02:00 [Information] Request starting HTTP/2 GET https://localhost:7205/_framework/aspnetcore-browser-refresh.js - -
2023-10-21 01:17:14.456 +02:00 [Information] Request finished HTTP/2 GET https://localhost:7205/_framework/aspnetcore-browser-refresh.js - - - 200 12344 application/javascript;+charset=utf-8 3.3705ms
2023-10-21 01:17:14.467 +02:00 [Information] Request finished HTTP/2 GET https://localhost:7205/_vs/browserLink - - - 200 - text/javascript;+charset=UTF-8 17.9310ms
2023-10-21 01:17:15.851 +02:00 [Information] Request starting HTTP/2 GET https://localhost:7205/Item/Table - -
2023-10-21 01:17:15.854 +02:00 [Information] Executing endpoint '"MyShop.Controllers.ItemController.Table (MyShop)"'
2023-10-21 01:17:15.872 +02:00 [Information] Route matched with "{action = \"Table\", controller = \"Item\", page = \"\", area = \"\"}". Executing controller action with signature "System.Threading.Tasks.Task`1[Microsoft.AspNetCore.Mvc.IActionResult] Table()" on controller "MyShop.Controllers.ItemController" ("MyShop").
2023-10-21 01:17:15.969 +02:00 [Information] Executing ViewResult, running view "Table".
2023-10-21 01:17:15.998 +02:00 [Information] Executed ViewResult - view "Table" executed in 30.3771ms.
2023-10-21 01:17:15.998 +02:00 [Information] Executed action "MyShop.Controllers.ItemController.Table (MyShop)" in 126.0203ms
2023-10-21 01:17:15.998 +02:00 [Information] Executed endpoint '"MyShop.Controllers.ItemController.Table (MyShop)"'
2023-10-21 01:17:16.009 +02:00 [Information] Request finished HTTP/2 GET https://localhost:7205/Item/Table - - - 200 - text/html;+charset=utf-8 157.5103ms
2023-10-21 01:17:16.013 +02:00 [Information] Request starting HTTP/2 GET https://localhost:7205/images/frenchfries.jpg - -
2023-10-21 01:17:16.013 +02:00 [Information] Request starting HTTP/2 GET https://localhost:7205/images/chickenleg.jpg - -
2023-10-21 01:17:16.025 +02:00 [Information] Request starting HTTP/2 GET https://localhost:7205/images/ribs.jpg - -
2023-10-21 01:17:16.026 +02:00 [Information] Request starting HTTP/2 GET https://localhost:7205/_framework/aspnetcore-browser-refresh.js - -
2023-10-21 01:17:16.026 +02:00 [Information] Request finished HTTP/2 GET https://localhost:7205/_framework/aspnetcore-browser-refresh.js - - - 200 12344 application/javascript;+charset=utf-8 0.7549ms
2023-10-21 01:17:16.026 +02:00 [Information] Request starting HTTP/2 GET https://localhost:7205/images/cider.jpg - -
2023-10-21 01:17:16.029 +02:00 [Information] Request starting HTTP/2 GET https://localhost:7205/_vs/browserLink - -
2023-10-21 01:17:16.030 +02:00 [Information] Request starting HTTP/2 GET https://localhost:7205/images/coke.jpg - -
2023-10-21 01:17:16.078 +02:00 [Information] Request finished HTTP/2 GET https://localhost:7205/_vs/browserLink - - - 200 - text/javascript;+charset=UTF-8 51.1759ms
2023-10-21 01:17:16.274 +02:00 [Information] Sending file. Request path: '"/images/coke.jpg"'. Physical path: '"C:\Users\47925\OneDrive - OsloMet\Skrivebord\webapp\MyShop-13-Security\MyShop\wwwroot\images\coke.jpg"'
2023-10-21 01:17:16.274 +02:00 [Information] Sending file. Request path: '"/images/frenchfries.jpg"'. Physical path: '"C:\Users\47925\OneDrive - OsloMet\Skrivebord\webapp\MyShop-13-Security\MyShop\wwwroot\images\frenchfries.jpg"'
2023-10-21 01:17:16.274 +02:00 [Information] Sending file. Request path: '"/images/chickenleg.jpg"'. Physical path: '"C:\Users\47925\OneDrive - OsloMet\Skrivebord\webapp\MyShop-13-Security\MyShop\wwwroot\images\chickenleg.jpg"'
2023-10-21 01:17:16.274 +02:00 [Information] Sending file. Request path: '"/images/cider.jpg"'. Physical path: '"C:\Users\47925\OneDrive - OsloMet\Skrivebord\webapp\MyShop-13-Security\MyShop\wwwroot\images\cider.jpg"'
2023-10-21 01:17:16.274 +02:00 [Information] Request finished HTTP/2 GET https://localhost:7205/images/frenchfries.jpg - - - 200 52799 image/jpeg 261.2352ms
2023-10-21 01:17:16.274 +02:00 [Information] Request finished HTTP/2 GET https://localhost:7205/images/chickenleg.jpg - - - 200 63434 image/jpeg 261.0005ms
2023-10-21 01:17:16.274 +02:00 [Information] Request finished HTTP/2 GET https://localhost:7205/images/coke.jpg - - - 200 40331 image/jpeg 247.2518ms
2023-10-21 01:17:16.274 +02:00 [Information] Request finished HTTP/2 GET https://localhost:7205/images/cider.jpg - - - 200 28236 image/jpeg 247.8798ms
2023-10-21 01:17:16.274 +02:00 [Information] Sending file. Request path: '"/images/ribs.jpg"'. Physical path: '"C:\Users\47925\OneDrive - OsloMet\Skrivebord\webapp\MyShop-13-Security\MyShop\wwwroot\images\ribs.jpg"'
2023-10-21 01:17:16.274 +02:00 [Information] Request finished HTTP/2 GET https://localhost:7205/images/ribs.jpg - - - 200 141554 image/jpeg 249.5469ms
2023-10-21 01:17:21.623 +02:00 [Information] Request starting HTTP/2 GET https://localhost:7205/Item/Create - -
2023-10-21 01:17:21.632 +02:00 [Information] Executing endpoint '"MyShop.Controllers.ItemController.Create (MyShop)"'
2023-10-21 01:17:21.634 +02:00 [Information] Route matched with "{action = \"Create\", controller = \"Item\", page = \"\", area = \"\"}". Executing controller action with signature "Microsoft.AspNetCore.Mvc.IActionResult Create()" on controller "MyShop.Controllers.ItemController" ("MyShop").
2023-10-21 01:17:21.635 +02:00 [Information] Executing ViewResult, running view "Create".
2023-10-21 01:17:21.701 +02:00 [Information] Executed ViewResult - view "Create" executed in 67.1871ms.
2023-10-21 01:17:21.703 +02:00 [Information] Executed action "MyShop.Controllers.ItemController.Create (MyShop)" in 68.8149ms
2023-10-21 01:17:21.703 +02:00 [Information] Executed endpoint '"MyShop.Controllers.ItemController.Create (MyShop)"'
2023-10-21 01:17:21.707 +02:00 [Information] Request finished HTTP/2 GET https://localhost:7205/Item/Create - - - 200 - text/html;+charset=utf-8 84.4460ms
2023-10-21 01:17:21.717 +02:00 [Information] Request starting HTTP/2 GET https://localhost:7205/_vs/browserLink - -
2023-10-21 01:17:21.721 +02:00 [Information] Request starting HTTP/2 GET https://localhost:7205/_framework/aspnetcore-browser-refresh.js - -
2023-10-21 01:17:21.724 +02:00 [Information] Request finished HTTP/2 GET https://localhost:7205/_framework/aspnetcore-browser-refresh.js - - - 200 12344 application/javascript;+charset=utf-8 2.1500ms
2023-10-21 01:17:21.743 +02:00 [Information] Request finished HTTP/2 GET https://localhost:7205/_vs/browserLink - - - 200 - text/javascript;+charset=UTF-8 26.5894ms
2023-10-21 01:17:25.120 +02:00 [Information] Request starting HTTP/2 GET https://localhost:7205/Item/Table - -
2023-10-21 01:17:25.121 +02:00 [Information] Executing endpoint '"MyShop.Controllers.ItemController.Table (MyShop)"'
2023-10-21 01:17:25.122 +02:00 [Information] Route matched with "{action = \"Table\", controller = \"Item\", page = \"\", area = \"\"}". Executing controller action with signature "System.Threading.Tasks.Task`1[Microsoft.AspNetCore.Mvc.IActionResult] Table()" on controller "MyShop.Controllers.ItemController" ("MyShop").
2023-10-21 01:17:25.129 +02:00 [Information] Executing ViewResult, running view "Table".
2023-10-21 01:17:25.139 +02:00 [Information] Executed ViewResult - view "Table" executed in 10.3633ms.
2023-10-21 01:17:25.140 +02:00 [Information] Executed action "MyShop.Controllers.ItemController.Table (MyShop)" in 17.963ms
2023-10-21 01:17:25.140 +02:00 [Information] Executed endpoint '"MyShop.Controllers.ItemController.Table (MyShop)"'
2023-10-21 01:17:25.145 +02:00 [Information] Request finished HTTP/2 GET https://localhost:7205/Item/Table - - - 200 - text/html;+charset=utf-8 25.5025ms
2023-10-21 01:17:25.154 +02:00 [Information] Request starting HTTP/2 GET https://localhost:7205/_vs/browserLink - -
2023-10-21 01:17:25.159 +02:00 [Information] Request starting HTTP/2 GET https://localhost:7205/_framework/aspnetcore-browser-refresh.js - -
2023-10-21 01:17:25.159 +02:00 [Information] Request finished HTTP/2 GET https://localhost:7205/_framework/aspnetcore-browser-refresh.js - - - 200 12344 application/javascript;+charset=utf-8 1.4493ms
2023-10-21 01:17:25.192 +02:00 [Information] Request finished HTTP/2 GET https://localhost:7205/_vs/browserLink - - - 200 - text/javascript;+charset=UTF-8 38.3479ms
2023-10-21 01:17:27.014 +02:00 [Information] Request starting HTTP/2 POST https://localhost:7205/Identity/Account/Logout?returnUrl=%2F application/x-www-form-urlencoded 225
2023-10-21 01:17:27.018 +02:00 [Information] Executing endpoint '"/Account/Logout"'
2023-10-21 01:17:27.018 +02:00 [Information] Route matched with "{page = \"/Account/Logout\", area = \"Identity\", action = \"\", controller = \"\"}". Executing page "/Account/Logout"
2023-10-21 01:17:27.021 +02:00 [Information] Executing handler method "MyShop.Areas.Identity.Pages.Account.LogoutModel.OnPost" - ModelState is Valid
2023-10-21 01:17:27.021 +02:00 [Information] AuthenticationScheme: "Identity.Application" signed out.
2023-10-21 01:17:27.021 +02:00 [Information] AuthenticationScheme: "Identity.External" signed out.
2023-10-21 01:17:27.021 +02:00 [Information] AuthenticationScheme: "Identity.TwoFactorUserId" signed out.
2023-10-21 01:17:27.025 +02:00 [Information] User logged out.
2023-10-21 01:17:27.025 +02:00 [Information] Executed handler method "OnPost", returned result "Microsoft.AspNetCore.Mvc.LocalRedirectResult".
2023-10-21 01:17:27.025 +02:00 [Information] Executing LocalRedirectResult, redirecting to "/".
2023-10-21 01:17:27.025 +02:00 [Information] Executed page "/Account/Logout" in 6.9367ms
2023-10-21 01:17:27.025 +02:00 [Information] Executed endpoint '"/Account/Logout"'
2023-10-21 01:17:27.025 +02:00 [Information] Request finished HTTP/2 POST https://localhost:7205/Identity/Account/Logout?returnUrl=%2F application/x-www-form-urlencoded 225 - 302 0 - 11.5458ms
2023-10-21 01:17:27.029 +02:00 [Information] Request starting HTTP/2 GET https://localhost:7205/ - -
2023-10-21 01:17:27.030 +02:00 [Information] Executing endpoint '"MyShop.Controllers.HomeController.Index (MyShop)"'
2023-10-21 01:17:27.031 +02:00 [Information] Route matched with "{action = \"Index\", controller = \"Home\", page = \"\", area = \"\"}". Executing controller action with signature "Microsoft.AspNetCore.Mvc.IActionResult Index()" on controller "MyShop.Controllers.HomeController" ("MyShop").
2023-10-21 01:17:27.031 +02:00 [Information] Executing ViewResult, running view "Index".
2023-10-21 01:17:27.041 +02:00 [Information] Executed ViewResult - view "Index" executed in 10.0703ms.
2023-10-21 01:17:27.041 +02:00 [Information] Executed action "MyShop.Controllers.HomeController.Index (MyShop)" in 10.5963ms
2023-10-21 01:17:27.041 +02:00 [Information] Executed endpoint '"MyShop.Controllers.HomeController.Index (MyShop)"'
2023-10-21 01:17:27.045 +02:00 [Information] Request finished HTTP/2 GET https://localhost:7205/ - - - 200 - text/html;+charset=utf-8 16.1011ms
2023-10-21 01:17:27.058 +02:00 [Information] Request starting HTTP/2 GET https://localhost:7205/_vs/browserLink - -
2023-10-21 01:17:27.058 +02:00 [Information] Request starting HTTP/2 GET https://localhost:7205/_framework/aspnetcore-browser-refresh.js - -
2023-10-21 01:17:27.058 +02:00 [Information] Request finished HTTP/2 GET https://localhost:7205/_framework/aspnetcore-browser-refresh.js - - - 200 12344 application/javascript;+charset=utf-8 0.7170ms
2023-10-21 01:17:27.068 +02:00 [Information] Request finished HTTP/2 GET https://localhost:7205/_vs/browserLink - - - 200 - text/javascript;+charset=UTF-8 10.9889ms
2023-10-21 01:17:29.851 +02:00 [Information] Request starting HTTP/2 GET https://localhost:7205/Item/Table - -
2023-10-21 01:17:29.852 +02:00 [Information] Executing endpoint '"MyShop.Controllers.ItemController.Table (MyShop)"'
2023-10-21 01:17:29.853 +02:00 [Information] Route matched with "{action = \"Table\", controller = \"Item\", page = \"\", area = \"\"}". Executing controller action with signature "System.Threading.Tasks.Task`1[Microsoft.AspNetCore.Mvc.IActionResult] Table()" on controller "MyShop.Controllers.ItemController" ("MyShop").
2023-10-21 01:17:29.858 +02:00 [Information] Executing ViewResult, running view "Table".
2023-10-21 01:17:29.869 +02:00 [Information] Executed ViewResult - view "Table" executed in 10.7341ms.
2023-10-21 01:17:29.869 +02:00 [Information] Executed action "MyShop.Controllers.ItemController.Table (MyShop)" in 16.6256ms
2023-10-21 01:17:29.870 +02:00 [Information] Executed endpoint '"MyShop.Controllers.ItemController.Table (MyShop)"'
2023-10-21 01:17:29.874 +02:00 [Information] Request finished HTTP/2 GET https://localhost:7205/Item/Table - - - 200 - text/html;+charset=utf-8 23.1538ms
2023-10-21 01:17:29.884 +02:00 [Information] Request starting HTTP/2 GET https://localhost:7205/_vs/browserLink - -
2023-10-21 01:17:29.888 +02:00 [Information] Request starting HTTP/2 GET https://localhost:7205/_framework/aspnetcore-browser-refresh.js - -
2023-10-21 01:17:29.890 +02:00 [Information] Request finished HTTP/2 GET https://localhost:7205/_framework/aspnetcore-browser-refresh.js - - - 200 12344 application/javascript;+charset=utf-8 1.7492ms
2023-10-21 01:17:29.893 +02:00 [Information] Request finished HTTP/2 GET https://localhost:7205/_vs/browserLink - - - 200 - text/javascript;+charset=UTF-8 8.3394ms
2023-10-21 01:17:33.779 +02:00 [Information] Request starting HTTP/2 GET https://localhost:7205/Item/Create - -
2023-10-21 01:17:33.783 +02:00 [Information] Authorization failed. "These requirements were not met:
DenyAnonymousAuthorizationRequirement: Requires an authenticated user."
2023-10-21 01:17:33.791 +02:00 [Information] AuthenticationScheme: "Identity.Application" was challenged.
2023-10-21 01:17:33.792 +02:00 [Information] Request finished HTTP/2 GET https://localhost:7205/Item/Create - - - 302 0 - 12.6221ms
2023-10-21 01:17:33.796 +02:00 [Information] Request starting HTTP/2 GET https://localhost:7205/Identity/Account/Login?ReturnUrl=%2FItem%2FCreate - -
2023-10-21 01:17:33.798 +02:00 [Information] Executing endpoint '"/Account/Login"'
2023-10-21 01:17:33.799 +02:00 [Information] Route matched with "{page = \"/Account/Login\", area = \"Identity\", action = \"\", controller = \"\"}". Executing page "/Account/Login"
2023-10-21 01:17:33.800 +02:00 [Information] Executing handler method "MyShop.Areas.Identity.Pages.Account.LoginModel.OnGetAsync" - ModelState is Valid
2023-10-21 01:17:33.800 +02:00 [Information] AuthenticationScheme: "Identity.External" signed out.
2023-10-21 01:17:33.801 +02:00 [Information] Executed handler method "OnGetAsync", returned result "".
2023-10-21 01:17:33.801 +02:00 [Information] Executing an implicit handler method - ModelState is Valid
2023-10-21 01:17:33.801 +02:00 [Information] Executed an implicit handler method, returned result "Microsoft.AspNetCore.Mvc.RazorPages.PageResult".
2023-10-21 01:17:33.812 +02:00 [Information] Executed page "/Account/Login" in 12.1739ms
2023-10-21 01:17:33.812 +02:00 [Information] Executed endpoint '"/Account/Login"'
2023-10-21 01:17:33.815 +02:00 [Information] Request finished HTTP/2 GET https://localhost:7205/Identity/Account/Login?ReturnUrl=%2FItem%2FCreate - - - 200 - text/html;+charset=utf-8 19.1297ms
2023-10-21 01:17:33.825 +02:00 [Information] Request starting HTTP/2 GET https://localhost:7205/_vs/browserLink - -
2023-10-21 01:17:33.826 +02:00 [Information] Request starting HTTP/2 GET https://localhost:7205/_framework/aspnetcore-browser-refresh.js - -
2023-10-21 01:17:33.827 +02:00 [Information] Request finished HTTP/2 GET https://localhost:7205/_framework/aspnetcore-browser-refresh.js - - - 200 12344 application/javascript;+charset=utf-8 0.6891ms
2023-10-21 01:17:33.833 +02:00 [Information] Request finished HTTP/2 GET https://localhost:7205/_vs/browserLink - - - 200 - text/javascript;+charset=UTF-8 7.7223ms
2023-10-21 01:17:41.368 +02:00 [Information] Request starting HTTP/2 POST https://localhost:7205/Identity/Account/Login?ReturnUrl=%2FItem%2FCreate application/x-www-form-urlencoded 282
2023-10-21 01:17:41.370 +02:00 [Information] Executing endpoint '"/Account/Login"'
2023-10-21 01:17:41.371 +02:00 [Information] Route matched with "{page = \"/Account/Login\", area = \"Identity\", action = \"\", controller = \"\"}". Executing page "/Account/Login"
2023-10-21 01:17:41.371 +02:00 [Information] Executing handler method "MyShop.Areas.Identity.Pages.Account.LoginModel.OnPostAsync" - ModelState is Valid
2023-10-21 01:17:41.382 +02:00 [Information] AuthenticationScheme: "Identity.Application" signed in.
2023-10-21 01:17:41.386 +02:00 [Information] User logged in.
2023-10-21 01:17:41.387 +02:00 [Information] Executed handler method "OnPostAsync", returned result "Microsoft.AspNetCore.Mvc.LocalRedirectResult".
2023-10-21 01:17:41.387 +02:00 [Information] Executing LocalRedirectResult, redirecting to "/Item/Create".
2023-10-21 01:17:41.387 +02:00 [Information] Executed page "/Account/Login" in 16.2969ms
2023-10-21 01:17:41.387 +02:00 [Information] Executed endpoint '"/Account/Login"'
2023-10-21 01:17:41.387 +02:00 [Information] Request finished HTTP/2 POST https://localhost:7205/Identity/Account/Login?ReturnUrl=%2FItem%2FCreate application/x-www-form-urlencoded 282 - 302 0 - 20.2375ms
2023-10-21 01:17:41.391 +02:00 [Information] Request starting HTTP/2 GET https://localhost:7205/Item/Create - -
2023-10-21 01:17:41.392 +02:00 [Information] Executing endpoint '"MyShop.Controllers.ItemController.Create (MyShop)"'
2023-10-21 01:17:41.393 +02:00 [Information] Route matched with "{action = \"Create\", controller = \"Item\", page = \"\", area = \"\"}". Executing controller action with signature "Microsoft.AspNetCore.Mvc.IActionResult Create()" on controller "MyShop.Controllers.ItemController" ("MyShop").
2023-10-21 01:17:41.393 +02:00 [Information] Executing ViewResult, running view "Create".
2023-10-21 01:17:41.405 +02:00 [Information] Executed ViewResult - view "Create" executed in 11.9157ms.
2023-10-21 01:17:41.406 +02:00 [Information] Executed action "MyShop.Controllers.ItemController.Create (MyShop)" in 12.9775ms
2023-10-21 01:17:41.406 +02:00 [Information] Executed endpoint '"MyShop.Controllers.ItemController.Create (MyShop)"'
2023-10-21 01:17:41.409 +02:00 [Information] Request finished HTTP/2 GET https://localhost:7205/Item/Create - - - 200 - text/html;+charset=utf-8 18.2140ms
2023-10-21 01:17:41.422 +02:00 [Information] Request starting HTTP/2 GET https://localhost:7205/_vs/browserLink - -
2023-10-21 01:17:41.423 +02:00 [Information] Request starting HTTP/2 GET https://localhost:7205/_framework/aspnetcore-browser-refresh.js - -
2023-10-21 01:17:41.423 +02:00 [Information] Request finished HTTP/2 GET https://localhost:7205/_framework/aspnetcore-browser-refresh.js - - - 200 12344 application/javascript;+charset=utf-8 0.5740ms
2023-10-21 01:17:41.434 +02:00 [Information] Request finished HTTP/2 GET https://localhost:7205/_vs/browserLink - - - 200 - text/javascript;+charset=UTF-8 12.9827ms
