2023-10-20 12:50:28.038 +02:00 [Information] User profile is available. Using '"C:\Users\47925\AppData\Local\ASP.NET\DataProtection-Keys"' as key repository and Windows DPAPI to encrypt keys at rest.
2023-10-20 12:50:29.199 +02:00 [Information] Now listening on: "https://localhost:7205"
2023-10-20 12:50:29.203 +02:00 [Information] Now listening on: "http://localhost:5112"
2023-10-20 12:50:29.220 +02:00 [Information] Application started. Press Ctrl+C to shut down.
2023-10-20 12:50:29.240 +02:00 [Information] Hosting environment: "Development"
2023-10-20 12:50:29.243 +02:00 [Information] Content root path: "C:\Users\47925\Downloads\MyShop-13-Security\MyShop\"
2023-10-20 12:50:31.204 +02:00 [Information] Request starting HTTP/2 GET https://localhost:7205/ - -
2023-10-20 12:50:31.436 +02:00 [Information] Executing endpoint '"MyShop.Controllers.HomeController.Index (MyShop)"'
2023-10-20 12:50:31.464 +02:00 [Information] Route matched with "{action = \"Index\", controller = \"Home\", page = \"\", area = \"\"}". Executing controller action with signature "Microsoft.AspNetCore.Mvc.IActionResult Index()" on controller "MyShop.Controllers.HomeController" ("MyShop").
2023-10-20 12:50:31.491 +02:00 [Information] Executing ViewResult, running view "Index".
2023-10-20 12:50:32.187 +02:00 [Information] Executed ViewResult - view "Index" executed in 702.2047ms.
2023-10-20 12:50:32.201 +02:00 [Information] Executed action "MyShop.Controllers.HomeController.Index (MyShop)" in 735.9255ms
2023-10-20 12:50:32.203 +02:00 [Information] Executed endpoint '"MyShop.Controllers.HomeController.Index (MyShop)"'
2023-10-20 12:50:32.272 +02:00 [Information] Request starting HTTP/2 GET https://localhost:7205/lib/jquery-validation-unobtrusive/jquery.validate.unobtrusive.js - -
2023-10-20 12:50:32.272 +02:00 [Information] Request starting HTTP/2 GET https://localhost:7205/lib/bootstrap/js/bootstrap.js - -
2023-10-20 12:50:32.272 +02:00 [Information] Request starting HTTP/2 GET https://localhost:7205/lib/jquery/jquery.js - -
2023-10-20 12:50:32.272 +02:00 [Information] Request starting HTTP/2 GET https://localhost:7205/lib/jquery-validate/jquery.validate.js - -
2023-10-20 12:50:32.276 +02:00 [Information] Request starting HTTP/2 GET https://localhost:7205/images/pizza.jpg - -
2023-10-20 12:50:32.286 +02:00 [Information] Request starting HTTP/2 GET https://localhost:7205/images/fishandchips.jpg - -
2023-10-20 12:50:32.306 +02:00 [Information] Request finished HTTP/2 GET https://localhost:7205/ - - - 200 - text/html;+charset=utf-8 1115.1287ms
2023-10-20 12:50:32.397 +02:00 [Information] Sending file. Request path: '"/images/pizza.jpg"'. Physical path: '"C:\Users\47925\Downloads\MyShop-13-Security\MyShop\wwwroot\images\pizza.jpg"'
2023-10-20 12:50:32.397 +02:00 [Information] Sending file. Request path: '"/images/fishandchips.jpg"'. Physical path: '"C:\Users\47925\Downloads\MyShop-13-Security\MyShop\wwwroot\images\fishandchips.jpg"'
2023-10-20 12:50:32.398 +02:00 [Information] Request finished HTTP/2 GET https://localhost:7205/images/pizza.jpg - - - 200 127421 image/jpeg 123.9698ms
2023-10-20 12:50:32.398 +02:00 [Information] Request finished HTTP/2 GET https://localhost:7205/images/fishandchips.jpg - - - 200 100023 image/jpeg 118.5610ms
2023-10-20 12:50:32.413 +02:00 [Information] Request starting HTTP/2 GET https://localhost:7205/_framework/aspnetcore-browser-refresh.js - -
2023-10-20 12:50:32.413 +02:00 [Information] Request starting HTTP/2 GET https://localhost:7205/images/tacos.jpg - -
2023-10-20 12:50:32.421 +02:00 [Information] Request finished HTTP/2 GET https://localhost:7205/_framework/aspnetcore-browser-refresh.js - - - 200 12344 application/javascript;+charset=utf-8 7.8597ms
2023-10-20 12:50:32.457 +02:00 [Information] Sending file. Request path: '"/lib/jquery-validate/jquery.validate.js"'. Physical path: '"C:\Users\47925\Downloads\MyShop-13-Security\MyShop\wwwroot\lib\jquery-validate\jquery.validate.js"'
2023-10-20 12:50:32.460 +02:00 [Information] Request finished HTTP/2 GET https://localhost:7205/lib/jquery-validate/jquery.validate.js - - - 200 51171 application/javascript 188.5325ms
2023-10-20 12:50:32.463 +02:00 [Information] Sending file. Request path: '"/images/tacos.jpg"'. Physical path: '"C:\Users\47925\Downloads\MyShop-13-Security\MyShop\wwwroot\images\tacos.jpg"'
2023-10-20 12:50:32.469 +02:00 [Information] Request finished HTTP/2 GET https://localhost:7205/images/tacos.jpg - - - 200 118763 image/jpeg 57.8977ms
2023-10-20 12:50:32.470 +02:00 [Information] Sending file. Request path: '"/lib/jquery-validation-unobtrusive/jquery.validate.unobtrusive.js"'. Physical path: '"C:\Users\47925\Downloads\MyShop-13-Security\MyShop\wwwroot\lib\jquery-validation-unobtrusive\jquery.validate.unobtrusive.js"'
2023-10-20 12:50:32.471 +02:00 [Information] Request finished HTTP/2 GET https://localhost:7205/lib/jquery-validation-unobtrusive/jquery.validate.unobtrusive.js - - - 200 19820 application/javascript 199.3443ms
2023-10-20 12:50:32.478 +02:00 [Information] Sending file. Request path: '"/lib/bootstrap/js/bootstrap.js"'. Physical path: '"C:\Users\47925\Downloads\MyShop-13-Security\MyShop\wwwroot\lib\bootstrap\js\bootstrap.js"'
2023-10-20 12:50:32.478 +02:00 [Information] Request finished HTTP/2 GET https://localhost:7205/lib/bootstrap/js/bootstrap.js - - - 200 145302 application/javascript 206.2503ms
2023-10-20 12:50:32.489 +02:00 [Information] Request starting HTTP/2 GET https://localhost:7205/_vs/browserLink - -
2023-10-20 12:50:32.519 +02:00 [Information] Sending file. Request path: '"/lib/jquery/jquery.js"'. Physical path: '"C:\Users\47925\Downloads\MyShop-13-Security\MyShop\wwwroot\lib\jquery\jquery.js"'
2023-10-20 12:50:32.520 +02:00 [Information] Request finished HTTP/2 GET https://localhost:7205/lib/jquery/jquery.js - - - 200 284996 application/javascript 248.3637ms
2023-10-20 12:50:32.613 +02:00 [Information] Request finished HTTP/2 GET https://localhost:7205/_vs/browserLink - - - 200 - text/javascript;+charset=UTF-8 123.7894ms
2023-10-20 12:50:32.761 +02:00 [Information] Request starting HTTP/2 GET https://localhost:7205/favicon.ico - -
2023-10-20 12:50:32.771 +02:00 [Information] Request finished HTTP/2 GET https://localhost:7205/favicon.ico - - - 404 0 - 9.7861ms
2023-10-20 12:50:35.702 +02:00 [Information] Request starting HTTP/2 GET https://localhost:7205/Identity/Account/Register - -
2023-10-20 12:50:35.705 +02:00 [Information] Executing endpoint '"/Account/Register"'
2023-10-20 12:50:35.745 +02:00 [Information] Route matched with "{page = \"/Account/Register\", area = \"Identity\", action = \"\", controller = \"\"}". Executing page "/Account/Register"
2023-10-20 12:50:35.778 +02:00 [Information] Executing handler method "MyShop.Areas.Identity.Pages.Account.RegisterModel.OnGetAsync" - ModelState is Valid
2023-10-20 12:50:35.782 +02:00 [Information] Executed handler method "OnGetAsync", returned result "".
2023-10-20 12:50:35.787 +02:00 [Information] Executing an implicit handler method - ModelState is Valid
2023-10-20 12:50:35.787 +02:00 [Information] Executed an implicit handler method, returned result "Microsoft.AspNetCore.Mvc.RazorPages.PageResult".
2023-10-20 12:50:35.879 +02:00 [Information] Executed page "/Account/Register" in 133.5225ms
2023-10-20 12:50:35.879 +02:00 [Information] Executed endpoint '"/Account/Register"'
2023-10-20 12:50:35.887 +02:00 [Information] Request finished HTTP/2 GET https://localhost:7205/Identity/Account/Register - - - 200 - text/html;+charset=utf-8 186.0347ms
2023-10-20 12:50:35.905 +02:00 [Information] Request starting HTTP/2 GET https://localhost:7205/Identity/lib/jquery-validation/dist/jquery.validate.js - -
2023-10-20 12:50:35.918 +02:00 [Information] Request starting HTTP/2 GET https://localhost:7205/Identity/lib/jquery-validation-unobtrusive/jquery.validate.unobtrusive.js - -
2023-10-20 12:50:35.919 +02:00 [Information] Request starting HTTP/2 GET https://localhost:7205/_vs/browserLink - -
2023-10-20 12:50:35.920 +02:00 [Information] Request starting HTTP/2 GET https://localhost:7205/_framework/aspnetcore-browser-refresh.js - -
2023-10-20 12:50:35.920 +02:00 [Information] Request finished HTTP/2 GET https://localhost:7205/_framework/aspnetcore-browser-refresh.js - - - 200 12344 application/javascript;+charset=utf-8 1.9403ms
2023-10-20 12:50:35.955 +02:00 [Information] Request finished HTTP/2 GET https://localhost:7205/_vs/browserLink - - - 200 - text/javascript;+charset=UTF-8 36.0010ms
2023-10-20 12:50:35.958 +02:00 [Information] Sending file. Request path: '"/Identity/lib/jquery-validation/dist/jquery.validate.js"'. Physical path: '"C:\Users\47925\.nuget\packages\microsoft.aspnetcore.identity.ui\6.0.20\staticwebassets\V5\lib\jquery-validation\dist\jquery.validate.js"'
2023-10-20 12:50:35.958 +02:00 [Information] Request finished HTTP/2 GET https://localhost:7205/Identity/lib/jquery-validation/dist/jquery.validate.js - - - 200 48676 application/javascript 53.5526ms
2023-10-20 12:50:35.964 +02:00 [Information] Sending file. Request path: '"/Identity/lib/jquery-validation-unobtrusive/jquery.validate.unobtrusive.js"'. Physical path: '"C:\Users\47925\.nuget\packages\microsoft.aspnetcore.identity.ui\6.0.20\staticwebassets\V5\lib\jquery-validation-unobtrusive\jquery.validate.unobtrusive.js"'
2023-10-20 12:50:35.964 +02:00 [Information] Request finished HTTP/2 GET https://localhost:7205/Identity/lib/jquery-validation-unobtrusive/jquery.validate.unobtrusive.js - - - 200 19366 application/javascript 46.2209ms
