2023-08-28 10:38:49.219 +02:00 [Information] User profile is available. Using '"/Users/baifanz/.aspnet/DataProtection-Keys"' as key repository; keys will not be encrypted at rest.
2023-08-28 10:38:49.530 +02:00 [Information] Now listening on: "https://localhost:7205"
2023-08-28 10:38:49.531 +02:00 [Information] Now listening on: "http://localhost:5112"
2023-08-28 10:38:49.533 +02:00 [Information] Application started. Press Ctrl+C to shut down.
2023-08-28 10:38:49.534 +02:00 [Information] Hosting environment: "Development"
2023-08-28 10:38:49.535 +02:00 [Information] Content root path: "/Users/baifanz/Projects/ITPE32-23H/8-Security/MyShop-13-Security/MyShop"
2023-08-28 10:38:50.719 +02:00 [Information] Request starting HTTP/1.1 GET https://localhost:7205/ - -
2023-08-28 10:38:50.744 +02:00 [Information] "Identity.Application" was not authenticated. Failure message: "Unprotect ticket failed"
2023-08-28 10:38:50.745 +02:00 [Information] "Identity.Application" was not authenticated. Failure message: "Unprotect ticket failed"
2023-08-28 10:38:50.746 +02:00 [Information] Executing endpoint '"MyShop.Controllers.HomeController.Index (MyShop)"'
2023-08-28 10:38:50.750 +02:00 [Information] Route matched with "{action = \"Index\", controller = \"Home\", page = \"\", area = \"\"}". Executing controller action with signature "Microsoft.AspNetCore.Mvc.IActionResult Index()" on controller "MyShop.Controllers.HomeController" ("MyShop").
2023-08-28 10:38:50.755 +02:00 [Information] Executing ViewResult, running view "Index".
2023-08-28 10:38:50.801 +02:00 [Information] Executed ViewResult - view "Index" executed in 47.2625ms.
2023-08-28 10:38:50.801 +02:00 [Information] Executed action "MyShop.Controllers.HomeController.Index (MyShop)" in 51.6013ms
2023-08-28 10:38:50.802 +02:00 [Information] Executed endpoint '"MyShop.Controllers.HomeController.Index (MyShop)"'
2023-08-28 10:38:50.804 +02:00 [Information] Request finished HTTP/1.1 GET https://localhost:7205/ - - - 200 - text/html;+charset=utf-8 85.6247ms
2023-08-28 10:38:54.317 +02:00 [Information] Request starting HTTP/1.1 GET https://localhost:7205/ - -
2023-08-28 10:38:54.321 +02:00 [Information] "Identity.Application" was not authenticated. Failure message: "Unprotect ticket failed"
2023-08-28 10:38:54.322 +02:00 [Information] "Identity.Application" was not authenticated. Failure message: "Unprotect ticket failed"
2023-08-28 10:38:54.322 +02:00 [Information] Executing endpoint '"MyShop.Controllers.HomeController.Index (MyShop)"'
2023-08-28 10:38:54.322 +02:00 [Information] Route matched with "{action = \"Index\", controller = \"Home\", page = \"\", area = \"\"}". Executing controller action with signature "Microsoft.AspNetCore.Mvc.IActionResult Index()" on controller "MyShop.Controllers.HomeController" ("MyShop").
2023-08-28 10:38:54.323 +02:00 [Information] Executing ViewResult, running view "Index".
2023-08-28 10:38:54.404 +02:00 [Information] Executed ViewResult - view "Index" executed in 81.1106ms.
2023-08-28 10:38:54.404 +02:00 [Information] Executed action "MyShop.Controllers.HomeController.Index (MyShop)" in 81.7076ms
2023-08-28 10:38:54.404 +02:00 [Information] Executed endpoint '"MyShop.Controllers.HomeController.Index (MyShop)"'
2023-08-28 10:38:54.405 +02:00 [Information] Request finished HTTP/1.1 GET https://localhost:7205/ - - - 200 - text/html;+charset=utf-8 88.1210ms
2023-08-28 10:38:55.364 +02:00 [Information] Request starting HTTP/1.1 GET https://localhost:7205/Item/Table - -
2023-08-28 10:38:55.368 +02:00 [Information] "Identity.Application" was not authenticated. Failure message: "Unprotect ticket failed"
2023-08-28 10:38:55.369 +02:00 [Information] "Identity.Application" was not authenticated. Failure message: "Unprotect ticket failed"
2023-08-28 10:38:55.369 +02:00 [Information] Executing endpoint '"MyShop.Controllers.ItemController.Table (MyShop)"'
2023-08-28 10:38:55.378 +02:00 [Information] Route matched with "{action = \"Table\", controller = \"Item\", page = \"\", area = \"\"}". Executing controller action with signature "System.Threading.Tasks.Task`1[Microsoft.AspNetCore.Mvc.IActionResult] Table()" on controller "MyShop.Controllers.ItemController" ("MyShop").
2023-08-28 10:38:55.431 +02:00 [Information] Executing ViewResult, running view "Table".
2023-08-28 10:38:55.442 +02:00 [Information] Executed ViewResult - view "Table" executed in 11.5899ms.
2023-08-28 10:38:55.442 +02:00 [Information] Executed action "MyShop.Controllers.ItemController.Table (MyShop)" in 63.965ms
2023-08-28 10:38:55.442 +02:00 [Information] Executed endpoint '"MyShop.Controllers.ItemController.Table (MyShop)"'
2023-08-28 10:38:55.444 +02:00 [Information] Request finished HTTP/1.1 GET https://localhost:7205/Item/Table - - - 200 - text/html;+charset=utf-8 79.9924ms
2023-08-28 10:38:55.457 +02:00 [Information] Request starting HTTP/1.1 GET https://localhost:7205/images/chickenleg.jpg - -
2023-08-28 10:38:55.478 +02:00 [Information] Sending file. Request path: '"/images/chickenleg.jpg"'. Physical path: '"/Users/baifanz/Projects/ITPE32-23H/8-Security/MyShop-13-Security/MyShop/wwwroot/images/chickenleg.jpg"'
2023-08-28 10:38:55.479 +02:00 [Information] Request finished HTTP/1.1 GET https://localhost:7205/images/chickenleg.jpg - - - 200 63434 image/jpeg 22.0382ms
2023-08-28 10:38:56.448 +02:00 [Information] Request starting HTTP/1.1 GET https://localhost:7205/Customer/Table - -
2023-08-28 10:38:56.449 +02:00 [Information] "Identity.Application" was not authenticated. Failure message: "Unprotect ticket failed"
2023-08-28 10:38:56.449 +02:00 [Information] "Identity.Application" was not authenticated. Failure message: "Unprotect ticket failed"
2023-08-28 10:38:56.449 +02:00 [Information] Executing endpoint '"MyShop.Controllers.CustomerController.Table (MyShop)"'
2023-08-28 10:38:56.453 +02:00 [Information] Route matched with "{action = \"Table\", controller = \"Customer\", page = \"\", area = \"\"}". Executing controller action with signature "System.Threading.Tasks.Task`1[Microsoft.AspNetCore.Mvc.IActionResult] Table()" on controller "MyShop.Controllers.CustomerController" ("MyShop").
2023-08-28 10:38:56.520 +02:00 [Information] Executing ViewResult, running view "Table".
2023-08-28 10:38:56.539 +02:00 [Information] Executed ViewResult - view "Table" executed in 19.5386ms.
2023-08-28 10:38:56.539 +02:00 [Information] Executed action "MyShop.Controllers.CustomerController.Table (MyShop)" in 85.909ms
2023-08-28 10:38:56.539 +02:00 [Information] Executed endpoint '"MyShop.Controllers.CustomerController.Table (MyShop)"'
2023-08-28 10:38:56.539 +02:00 [Information] Request finished HTTP/1.1 GET https://localhost:7205/Customer/Table - - - 200 - text/html;+charset=utf-8 91.5465ms
2023-08-28 10:38:58.457 +02:00 [Information] Request starting HTTP/1.1 GET https://localhost:7205/Order/Table - -
2023-08-28 10:38:58.458 +02:00 [Information] "Identity.Application" was not authenticated. Failure message: "Unprotect ticket failed"
2023-08-28 10:38:58.458 +02:00 [Information] "Identity.Application" was not authenticated. Failure message: "Unprotect ticket failed"
2023-08-28 10:38:58.458 +02:00 [Information] Executing endpoint '"MyShop.Controllers.OrderController.Table (MyShop)"'
2023-08-28 10:38:58.462 +02:00 [Information] Route matched with "{action = \"Table\", controller = \"Order\", page = \"\", area = \"\"}". Executing controller action with signature "System.Threading.Tasks.Task`1[Microsoft.AspNetCore.Mvc.IActionResult] Table()" on controller "MyShop.Controllers.OrderController" ("MyShop").
2023-08-28 10:38:58.475 +02:00 [Information] Executing ViewResult, running view "Table".
2023-08-28 10:38:58.514 +02:00 [Information] Executed ViewResult - view "Table" executed in 39.7692ms.
2023-08-28 10:38:58.514 +02:00 [Information] Executed action "MyShop.Controllers.OrderController.Table (MyShop)" in 52.5448ms
2023-08-28 10:38:58.515 +02:00 [Information] Executed endpoint '"MyShop.Controllers.OrderController.Table (MyShop)"'
2023-08-28 10:38:58.515 +02:00 [Information] Request finished HTTP/1.1 GET https://localhost:7205/Order/Table - - - 200 - text/html;+charset=utf-8 57.7795ms
2023-08-28 10:38:59.326 +02:00 [Information] Request starting HTTP/1.1 GET https://localhost:7205/Customer/Table - -
2023-08-28 10:38:59.327 +02:00 [Information] "Identity.Application" was not authenticated. Failure message: "Unprotect ticket failed"
2023-08-28 10:38:59.327 +02:00 [Information] "Identity.Application" was not authenticated. Failure message: "Unprotect ticket failed"
2023-08-28 10:38:59.327 +02:00 [Information] Executing endpoint '"MyShop.Controllers.CustomerController.Table (MyShop)"'
2023-08-28 10:38:59.327 +02:00 [Information] Route matched with "{action = \"Table\", controller = \"Customer\", page = \"\", area = \"\"}". Executing controller action with signature "System.Threading.Tasks.Task`1[Microsoft.AspNetCore.Mvc.IActionResult] Table()" on controller "MyShop.Controllers.CustomerController" ("MyShop").
2023-08-28 10:38:59.330 +02:00 [Information] Executing ViewResult, running view "Table".
2023-08-28 10:38:59.338 +02:00 [Information] Executed ViewResult - view "Table" executed in 8.2383ms.
2023-08-28 10:38:59.338 +02:00 [Information] Executed action "MyShop.Controllers.CustomerController.Table (MyShop)" in 11.4463ms
2023-08-28 10:38:59.338 +02:00 [Information] Executed endpoint '"MyShop.Controllers.CustomerController.Table (MyShop)"'
2023-08-28 10:38:59.339 +02:00 [Information] Request finished HTTP/1.1 GET https://localhost:7205/Customer/Table - - - 200 - text/html;+charset=utf-8 12.7231ms
2023-08-28 10:39:00.039 +02:00 [Information] Request starting HTTP/1.1 GET https://localhost:7205/ - -
2023-08-28 10:39:00.039 +02:00 [Information] "Identity.Application" was not authenticated. Failure message: "Unprotect ticket failed"
2023-08-28 10:39:00.039 +02:00 [Information] "Identity.Application" was not authenticated. Failure message: "Unprotect ticket failed"
2023-08-28 10:39:00.039 +02:00 [Information] Executing endpoint '"MyShop.Controllers.HomeController.Index (MyShop)"'
2023-08-28 10:39:00.040 +02:00 [Information] Route matched with "{action = \"Index\", controller = \"Home\", page = \"\", area = \"\"}". Executing controller action with signature "Microsoft.AspNetCore.Mvc.IActionResult Index()" on controller "MyShop.Controllers.HomeController" ("MyShop").
2023-08-28 10:39:00.040 +02:00 [Information] Executing ViewResult, running view "Index".
2023-08-28 10:39:00.041 +02:00 [Information] Executed ViewResult - view "Index" executed in 0.9728ms.
2023-08-28 10:39:00.041 +02:00 [Information] Executed action "MyShop.Controllers.HomeController.Index (MyShop)" in 1.1242ms
2023-08-28 10:39:00.041 +02:00 [Information] Executed endpoint '"MyShop.Controllers.HomeController.Index (MyShop)"'
2023-08-28 10:39:00.041 +02:00 [Information] Request finished HTTP/1.1 GET https://localhost:7205/ - - - 200 - text/html;+charset=utf-8 2.2201ms
2023-08-28 10:39:00.539 +02:00 [Information] Request starting HTTP/1.1 GET https://localhost:7205/ - -
2023-08-28 10:39:00.539 +02:00 [Information] "Identity.Application" was not authenticated. Failure message: "Unprotect ticket failed"
2023-08-28 10:39:00.539 +02:00 [Information] "Identity.Application" was not authenticated. Failure message: "Unprotect ticket failed"
2023-08-28 10:39:00.539 +02:00 [Information] Executing endpoint '"MyShop.Controllers.HomeController.Index (MyShop)"'
2023-08-28 10:39:00.539 +02:00 [Information] Route matched with "{action = \"Index\", controller = \"Home\", page = \"\", area = \"\"}". Executing controller action with signature "Microsoft.AspNetCore.Mvc.IActionResult Index()" on controller "MyShop.Controllers.HomeController" ("MyShop").
2023-08-28 10:39:00.540 +02:00 [Information] Executing ViewResult, running view "Index".
2023-08-28 10:39:00.540 +02:00 [Information] Executed ViewResult - view "Index" executed in 0.5582ms.
2023-08-28 10:39:00.540 +02:00 [Information] Executed action "MyShop.Controllers.HomeController.Index (MyShop)" in 0.6446ms
2023-08-28 10:39:00.540 +02:00 [Information] Executed endpoint '"MyShop.Controllers.HomeController.Index (MyShop)"'
2023-08-28 10:39:00.540 +02:00 [Information] Request finished HTTP/1.1 GET https://localhost:7205/ - - - 200 - text/html;+charset=utf-8 1.4610ms
2023-08-28 10:39:01.202 +02:00 [Information] Request starting HTTP/1.1 GET https://localhost:7205/Item/Table - -
2023-08-28 10:39:01.207 +02:00 [Information] "Identity.Application" was not authenticated. Failure message: "Unprotect ticket failed"
2023-08-28 10:39:01.207 +02:00 [Information] "Identity.Application" was not authenticated. Failure message: "Unprotect ticket failed"
2023-08-28 10:39:01.208 +02:00 [Information] Executing endpoint '"MyShop.Controllers.ItemController.Table (MyShop)"'
2023-08-28 10:39:01.208 +02:00 [Information] Route matched with "{action = \"Table\", controller = \"Item\", page = \"\", area = \"\"}". Executing controller action with signature "System.Threading.Tasks.Task`1[Microsoft.AspNetCore.Mvc.IActionResult] Table()" on controller "MyShop.Controllers.ItemController" ("MyShop").
2023-08-28 10:39:01.211 +02:00 [Information] Executing ViewResult, running view "Table".
2023-08-28 10:39:01.214 +02:00 [Information] Executed ViewResult - view "Table" executed in 2.3247ms.
2023-08-28 10:39:01.214 +02:00 [Information] Executed action "MyShop.Controllers.ItemController.Table (MyShop)" in 6.1891ms
2023-08-28 10:39:01.214 +02:00 [Information] Executed endpoint '"MyShop.Controllers.ItemController.Table (MyShop)"'
2023-08-28 10:39:01.214 +02:00 [Information] Request finished HTTP/1.1 GET https://localhost:7205/Item/Table - - - 200 - text/html;+charset=utf-8 12.2382ms
2023-08-28 10:39:01.824 +02:00 [Information] Request starting HTTP/1.1 GET https://localhost:7205/Customer/Table - -
2023-08-28 10:39:01.825 +02:00 [Information] "Identity.Application" was not authenticated. Failure message: "Unprotect ticket failed"
2023-08-28 10:39:01.825 +02:00 [Information] "Identity.Application" was not authenticated. Failure message: "Unprotect ticket failed"
2023-08-28 10:39:01.825 +02:00 [Information] Executing endpoint '"MyShop.Controllers.CustomerController.Table (MyShop)"'
2023-08-28 10:39:01.825 +02:00 [Information] Route matched with "{action = \"Table\", controller = \"Customer\", page = \"\", area = \"\"}". Executing controller action with signature "System.Threading.Tasks.Task`1[Microsoft.AspNetCore.Mvc.IActionResult] Table()" on controller "MyShop.Controllers.CustomerController" ("MyShop").
2023-08-28 10:39:01.828 +02:00 [Information] Executing ViewResult, running view "Table".
2023-08-28 10:39:01.835 +02:00 [Information] Executed ViewResult - view "Table" executed in 7.8269ms.
2023-08-28 10:39:01.836 +02:00 [Information] Executed action "MyShop.Controllers.CustomerController.Table (MyShop)" in 10.8072ms
2023-08-28 10:39:01.836 +02:00 [Information] Executed endpoint '"MyShop.Controllers.CustomerController.Table (MyShop)"'
2023-08-28 10:39:01.836 +02:00 [Information] Request finished HTTP/1.1 GET https://localhost:7205/Customer/Table - - - 200 - text/html;+charset=utf-8 12.1690ms
2023-08-28 10:39:02.567 +02:00 [Information] Request starting HTTP/1.1 GET https://localhost:7205/ - -
2023-08-28 10:39:02.568 +02:00 [Information] "Identity.Application" was not authenticated. Failure message: "Unprotect ticket failed"
2023-08-28 10:39:02.568 +02:00 [Information] "Identity.Application" was not authenticated. Failure message: "Unprotect ticket failed"
2023-08-28 10:39:02.568 +02:00 [Information] Executing endpoint '"MyShop.Controllers.HomeController.Index (MyShop)"'
2023-08-28 10:39:02.568 +02:00 [Information] Route matched with "{action = \"Index\", controller = \"Home\", page = \"\", area = \"\"}". Executing controller action with signature "Microsoft.AspNetCore.Mvc.IActionResult Index()" on controller "MyShop.Controllers.HomeController" ("MyShop").
2023-08-28 10:39:02.568 +02:00 [Information] Executing ViewResult, running view "Index".
2023-08-28 10:39:02.569 +02:00 [Information] Executed ViewResult - view "Index" executed in 1.0805ms.
2023-08-28 10:39:02.569 +02:00 [Information] Executed action "MyShop.Controllers.HomeController.Index (MyShop)" in 1.2679ms
2023-08-28 10:39:02.569 +02:00 [Information] Executed endpoint '"MyShop.Controllers.HomeController.Index (MyShop)"'
2023-08-28 10:39:02.569 +02:00 [Information] Request finished HTTP/1.1 GET https://localhost:7205/ - - - 200 - text/html;+charset=utf-8 2.6722ms
